#
# A fatal error has been detected by the Java Runtime Environment:
#
#  EXCEPTION_ACCESS_VIOLATION (0xc0000005) at pc=0x00007ffa0b3c6730, pid=132872, tid=133076
#
# JRE version: Java(TM) SE Runtime Environment (15.0.1+9) (build 15.0.1+9-18)
# Java VM: Java HotSpot(TM) 64-Bit Server VM (15.0.1+9-18, mixed mode, sharing, tiered, compressed oops, g1 gc, windows-amd64)
# Problematic frame:
# C  [glass.dll+0x26730]
#
# No core dump will be written. Minidumps are not enabled by default on client versions of Windows
#
# If you would like to submit a bug report, please visit:
#   https://bugreport.java.com/bugreport/crash.jsp
#

---------------  S U M M A R Y ------------

Command Line: -agentlib:jdwp=transport=dt_socket,address=127.0.0.1:52855,suspend=y,server=n --module-path=/java/javafx-sdk-11.0.2/lib --add-modules=javafx.controls,javafx.fxml -javaagent:C:\Users\ginat\AppData\Local\JetBrains\IdeaIC2020.3\captureAgent\debugger-agent.jar -Dfile.encoding=UTF-8 sample.Main

Host: Intel(R) Core(TM) i5-3337U CPU @ 1.80GHz, 4 cores, 7G,  Windows 10 , 64 bit Build 19041 (10.0.19041.804)
Time: Sat Feb 27 11:47:14 2021 RTZ 4 (зима) elapsed time: 160.810660 seconds (0d 0h 2m 40s)

---------------  T H R E A D  ---------------

Current thread (0x0000025942905f70):  VMThread "VM Thread" [stack: 0x000000e49bf00000,0x000000e49c000000] [id=133076]

Stack: [0x000000e49bf00000,0x000000e49c000000],  sp=0x000000e49bffefb0,  free space=1019k
Native frames: (J=compiled Java code, j=interpreted, Vv=VM code, C=native code)
C  [glass.dll+0x26730]


siginfo: EXCEPTION_ACCESS_VIOLATION (0xc0000005), reading address 0x0000000000000000


Register to memory mapping:

RIP=0x00007ffa0b3c6730 glass.dll
RAX=0x0 is NULL
RBX=0x0000025943ec5a50 is a global jni handle
RCX=0x0000025942905f70 points into unknown readable memory: 0x00007ffa12754238 | 38 42 75 12 fa 7f 00 00
RDX=0x000000e49bffefb0 points into unknown readable memory: 0x0000000000000000 | 00 00 00 00 00 00 00 00
RSP=0x000000e49bffefb0 points into unknown readable memory: 0x0000000000000000 | 00 00 00 00 00 00 00 00
RBP=0x000002594421e548 points into unknown readable memory: 0x000049399d5f2ccf | cf 2c 5f 9d 39 49 00 00
RSI=0x000002594421e520 points into unknown readable memory: 0x3ffd4ca786332ccf | cf 2c 33 86 a7 4c fd 3f
RDI=0x000049399d5f2ccf is an unknown value
R8 =0x0000000000010002 is an unknown value
R9 =0x000049399d5f2ccf is an unknown value
R10=0x0000000000008000 is an unknown value
R11=0x000000e49bffef50 points into unknown readable memory: 0x000002594421e520 | 20 e5 21 44 59 02 00 00
R12=0x00007ffa0b3c3be0 glass.dll
R13=0x00000259247ad630 points into unknown readable memory: 0x8000000900000001 | 01 00 00 00 09 00 00 80
R14=0x000000e49bfff0b8 points into unknown readable memory: 0x000000e49bfff0a0 | a0 f0 ff 9b e4 00 00 00
R15=0x000002594421e520 points into unknown readable memory: 0x3ffd4ca786332ccf | cf 2c 33 86 a7 4c fd 3f


Registers:
RAX=0x0000000000000000, RBX=0x0000025943ec5a50, RCX=0x0000025942905f70, RDX=0x000000e49bffefb0
RSP=0x000000e49bffefb0, RBP=0x000002594421e548, RSI=0x000002594421e520, RDI=0x000049399d5f2ccf
R8 =0x0000000000010002, R9 =0x000049399d5f2ccf, R10=0x0000000000008000, R11=0x000000e49bffef50
R12=0x00007ffa0b3c3be0, R13=0x00000259247ad630, R14=0x000000e49bfff0b8, R15=0x000002594421e520
RIP=0x00007ffa0b3c6730, EFLAGS=0x0000000000010202

Top of Stack: (sp=0x000000e49bffefb0)
0x000000e49bffefb0:   0000000000000000 00007ffa5bfdf05b
0x000000e49bffefc0:   000002594421e530 000002594421e520
0x000000e49bffefd0:   fffffffffffffffe 00007ffa0b3c3be0
0x000000e49bffefe0:   000002594421e528 00007ffa5bfe42d6
0x000000e49bffeff0:   000002594421e530 0000025900000000
0x000000e49bfff000:   000002594421e548 000002594421e520
0x000000e49bfff010:   fffffffffffffffe 0000000000000000
0x000000e49bfff020:   0000000000000001 00007ffa0b3a0000
0x000000e49bfff030:   000000e49bfff0a8 00007ffa5bfe41fb
0x000000e49bfff040:   0000000000000000 000000e49bfff0b8
0x000000e49bfff050:   000000e49bfff370 00007ffa5c0c0e40
0x000000e49bfff060:   0000000000000001 00007ffa5bfe41b4
0x000000e49bfff070:   0000000000000000 0000000000000001
0x000000e49bfff080:   0000025943a33e10 000000e49bfff0a8
0x000000e49bfff090:   0000000000000000 00007ffa0b3c3a60
0x000000e49bfff0a0:   00007ffa0b3dd100 00007ffa00000002 

Instructions: (pc=0x00007ffa0b3c6730)
0x00007ffa0b3c6630:   8b 4d 60 e8 d8 c9 ff ff 48 8b 55 68 48 8b 8d 08
0x00007ffa0b3c6640:   01 00 00 e8 a9 be ff ff 33 d2 33 c9 e8 a9 de ff
0x00007ffa0b3c6650:   ff 90 cc cc cc cc cc cc cc cc cc cc cc cc cc cc
0x00007ffa0b3c6660:   48 8d 8a 80 00 00 00 e9 14 ea fe ff 48 89 54 24
0x00007ffa0b3c6670:   10 55 48 83 ec 20 48 8b ea 48 8d 05 1d cb ff ff
0x00007ffa0b3c6680:   48 83 c4 20 5d c3 cc 40 55 48 8b ea 48 8b 01 33
0x00007ffa0b3c6690:   c9 81 38 05 00 00 c0 0f 94 c1 8b c1 5d c3 cc 40
0x00007ffa0b3c66a0:   55 48 83 ec 20 48 8b ea 8a 4d 40 48 83 c4 20 5d
0x00007ffa0b3c66b0:   e9 23 ce ff ff cc 40 55 48 83 ec 20 48 8b ea e8
0x00007ffa0b3c66c0:   3c cc ff ff 8a 4d 38 48 83 c4 20 5d e9 07 ce ff
0x00007ffa0b3c66d0:   ff cc 40 55 48 83 ec 30 48 8b ea 48 8b 01 8b 10
0x00007ffa0b3c66e0:   48 89 4c 24 28 89 54 24 20 4c 8d 0d d0 d1 ff ff
0x00007ffa0b3c66f0:   4c 8b 45 70 8b 55 68 48 8b 4d 60 e8 70 cb ff ff
0x00007ffa0b3c6700:   90 48 83 c4 30 5d c3 cc cc cc cc cc cc cc cc cc
0x00007ffa0b3c6710:   40 53 48 83 ec 30 48 c7 44 24 20 fe ff ff ff 48
0x00007ffa0b3c6720:   8b 1d ea 63 01 00 48 85 db 74 16 e8 90 86 ff ff
0x00007ffa0b3c6730:   4c 8b 00 48 8b d3 48 8b c8 41 ff 90 b0 00 00 00
0x00007ffa0b3c6740:   90 48 83 c4 30 5b c3 cc cc cc cc cc cc cc cc cc
0x00007ffa0b3c6750:   40 53 48 83 ec 20 48 8b 1d 4b 65 01 00 48 85 db
0x00007ffa0b3c6760:   74 57 b8 ff ff ff ff f0 0f c1 43 10 83 f8 01 75
0x00007ffa0b3c6770:   3d 48 85 db 74 38 48 8b 0b 48 85 c9 74 0d ff 15
0x00007ffa0b3c6780:   24 0b 00 00 48 c7 03 00 00 00 00 48 8b 4b 08 48
0x00007ffa0b3c6790:   85 c9 74 0d e8 77 c8 ff ff 48 c7 43 08 00 00 00
0x00007ffa0b3c67a0:   00 ba 18 00 00 00 48 8b cb e8 62 c8 ff ff 48 c7
0x00007ffa0b3c67b0:   05 ef 64 01 00 00 00 00 00 48 83 c4 20 5b c3 cc
0x00007ffa0b3c67c0:   40 53 48 83 ec 20 48 8b 1d bb 64 01 00 48 85 db
0x00007ffa0b3c67d0:   74 57 b8 ff ff ff ff f0 0f c1 43 10 83 f8 01 75
0x00007ffa0b3c67e0:   3d 48 85 db 74 38 48 8b 0b 48 85 c9 74 0d ff 15
0x00007ffa0b3c67f0:   b4 0a 00 00 48 c7 03 00 00 00 00 48 8b 4b 08 48
0x00007ffa0b3c6800:   85 c9 74 0d e8 07 c8 ff ff 48 c7 43 08 00 00 00
0x00007ffa0b3c6810:   00 ba 18 00 00 00 48 8b cb e8 f2 c7 ff ff 48 c7
0x00007ffa0b3c6820:   05 5f 64 01 00 00 00 00 00 48 83 c4 20 5b c3 cc 


Stack slot to memory mapping:
stack at sp + 0 slots: 0x0 is NULL
stack at sp + 1 slots: 0x00007ffa5bfdf05b ucrtbase.dll
stack at sp + 2 slots: 0x000002594421e530 points into unknown readable memory: 0x000049399d5f2ccf | cf 2c 5f 9d 39 49 00 00
stack at sp + 3 slots: 0x000002594421e520 points into unknown readable memory: 0x3ffd4ca786332ccf | cf 2c 33 86 a7 4c fd 3f
stack at sp + 4 slots: 0xfffffffffffffffe is an unknown value
stack at sp + 5 slots: 0x00007ffa0b3c3be0 glass.dll
stack at sp + 6 slots: 0x000002594421e528 points into unknown readable memory: 0x000049399d5f2ccf | cf 2c 5f 9d 39 49 00 00
stack at sp + 7 slots: 0x00007ffa5bfe42d6 ucrtbase.dll

VM_Operation (0x000000e49b7fee20): Exit, mode: safepoint, requested by thread 0x0000025943a994b0


---------------  P R O C E S S  ---------------

Threads class SMR info:
_java_thread_list=0x0000025943f8e380, length=21, elements={
0x00000259246e1a30, 0x000002594290adf0, 0x000002594290b8d0, 0x0000025942924d70,
0x0000025942928750, 0x000002594292b020, 0x000002594292bcc0, 0x000002594292c670,
0x000002594298db40, 0x00000259432eff50, 0x00000259436a8660, 0x000002594336b550,
0x0000025943bf78c0, 0x0000025943c7e2c0, 0x0000025944236d80, 0x0000025943ccf960,
0x0000025943cceaf0, 0x0000025943a96e30, 0x0000025943a9a320, 0x0000025943a9b190,
0x0000025943a994b0
}

Java Threads: ( => current thread )
  0x00000259246e1a30 JavaThread "main" [_thread_blocked, id=133004, stack(0x000000e49b900000,0x000000e49ba00000)]
  0x000002594290adf0 JavaThread "Reference Handler" daemon [_thread_blocked, id=133092, stack(0x000000e49c000000,0x000000e49c100000)]
  0x000002594290b8d0 JavaThread "Finalizer" daemon [_thread_blocked, id=133096, stack(0x000000e49c100000,0x000000e49c200000)]
  0x0000025942924d70 JavaThread "Signal Dispatcher" daemon [_thread_blocked, id=133112, stack(0x000000e49c200000,0x000000e49c300000)]
  0x0000025942928750 JavaThread "Attach Listener" daemon [_thread_blocked, id=133116, stack(0x000000e49c300000,0x000000e49c400000)]
  0x000002594292b020 JavaThread "Service Thread" daemon [_thread_blocked, id=133124, stack(0x000000e49c400000,0x000000e49c500000)]
  0x000002594292bcc0 JavaThread "C2 CompilerThread0" daemon [_thread_blocked, id=133128, stack(0x000000e49c500000,0x000000e49c600000)]
  0x000002594292c670 JavaThread "C1 CompilerThread0" daemon [_thread_blocked, id=133172, stack(0x000000e49c600000,0x000000e49c700000)]
  0x000002594298db40 JavaThread "Sweeper thread" daemon [_thread_blocked, id=133188, stack(0x000000e49c700000,0x000000e49c800000)]
  0x00000259432eff50 JavaThread "Common-Cleaner" daemon [_thread_blocked, id=133264, stack(0x000000e49c800000,0x000000e49c900000)]
  0x00000259436a8660 JavaThread "JDWP Event Helper Thread" daemon [_thread_blocked, id=133336, stack(0x000000e49cb00000,0x000000e49cc00000)]
  0x000002594336b550 JavaThread "Notification Thread" daemon [_thread_blocked, id=133356, stack(0x000000e49c900000,0x000000e49ca00000)]
  0x0000025943bf78c0 JavaThread "QuantumRenderer-0" daemon [_thread_blocked, id=133380, stack(0x000000e49d000000,0x000000e49d100000)]
  0x0000025943c7e2c0 JavaThread "InvokeLaterDispatcher" daemon [_thread_blocked, id=133396, stack(0x000000e49d200000,0x000000e49d300000)]
  0x0000025944236d80 JavaThread "JavaFX Application Thread" [_thread_in_native, id=133400, stack(0x000000e49d300000,0x000000e49d400000)]
  0x0000025943ccf960 JavaThread "JavaFX-Launcher" [_thread_blocked, id=133444, stack(0x000000e49d800000,0x000000e49d900000)]
  0x0000025943cceaf0 JavaThread "Thread-2" daemon [_thread_in_native, id=133440, stack(0x000000e49d700000,0x000000e49d800000)]
  0x0000025943a96e30 JavaThread "Prism Font Disposer" daemon [_thread_blocked, id=133676, stack(0x000000e49de00000,0x000000e49df00000)]
  0x0000025943a9a320 JavaThread "Thread-4" [_thread_blocked, id=133688, stack(0x000000e49df00000,0x000000e49e000000)]
  0x0000025943a9b190 JavaThread "Cleaner-0" daemon [_thread_blocked, id=133700, stack(0x000000e49e000000,0x000000e49e100000)]
  0x0000025943a994b0 JavaThread "SIGINT handler" daemon [_thread_blocked, id=134528, stack(0x000000e49b700000,0x000000e49b800000)]

Other Threads:
=>0x0000025942905f70 VMThread "VM Thread" [stack: 0x000000e49bf00000,0x000000e49c000000] [id=133076]
  0x0000025924720c40 GCTaskThread "GC Thread#0" [stack: 0x000000e49ba00000,0x000000e49bb00000] [id=133040]
  0x0000025943bf3580 GCTaskThread "GC Thread#1" [stack: 0x000000e49ce00000,0x000000e49cf00000] [id=133372]
  0x0000025943bf2bf0 GCTaskThread "GC Thread#2" [stack: 0x000000e49cf00000,0x000000e49d000000] [id=133376]
  0x0000025943bf3be0 GCTaskThread "GC Thread#3" [stack: 0x000000e49d900000,0x000000e49da00000] [id=133448]
  0x0000025924733a00 ConcurrentGCThread "G1 Main Marker" [stack: 0x000000e49bb00000,0x000000e49bc00000] [id=133044]
  0x0000025924734500 ConcurrentGCThread "G1 Conc#0" [stack: 0x000000e49bc00000,0x000000e49bd00000] [id=133048]
  0x00000259247aa950 ConcurrentGCThread "G1 Refine#0" [stack: 0x000000e49bd00000,0x000000e49be00000] [id=133052]
  0x00000259247ab460 ConcurrentGCThread "G1 Young RemSet Sampling" [stack: 0x000000e49be00000,0x000000e49bf00000] [id=133056]

Threads with active compile tasks:

VM state: at safepoint (shutting down)

VM Mutex/Monitor currently owned by a thread:  ([mutex/lock_event])
[0x00000259246dbf00] Threads_lock - owner thread: 0x0000025942905f70
[0x00000259246dafd0] Heap_lock - owner thread: 0x0000025943a994b0

Heap address: 0x0000000081a00000, size: 2022 MB, Compressed Oops mode: 32-bit
CDS archive(s) mapped at: [0x0000000800000000-0x0000000800b50000-0x0000000800b50000), size 11862016, SharedBaseAddress: 0x0000000800000000, ArchiveRelocationMode: 0.
Compressed class space mapped at: 0x0000000800b50000-0x0000000840b50000, size: 1073741824
Narrow klass base: 0x0000000800000000, Narrow klass shift: 3, Narrow klass range: 0x100000000

GC Precious Log:
 CPUs: 4 total, 4 available
 Memory: 8081M
 Large Page Support: Disabled
 NUMA Support: Disabled
 Compressed Oops: Enabled (32-bit)
 Heap Region Size: 1M
 Heap Min Capacity: 8M
 Heap Initial Capacity: 128M
 Heap Max Capacity: 2022M
 Pre-touch: Disabled
 Parallel Workers: 4
 Concurrent Workers: 1
 Concurrent Refinement Workers: 4
 Periodic GC: Disabled

Heap:
 garbage-first heap   total 131072K, used 52360K [0x0000000081a00000, 0x0000000100000000)
  region size 1024K, 48 young (49152K), 2 survivors (2048K)
 Metaspace       used 16896K, capacity 17175K, committed 17408K, reserved 1064960K
  class space    used 2207K, capacity 2273K, committed 2304K, reserved 1048576K

Heap Regions: E=young(eden), S=young(survivor), O=old, HS=humongous(starts), HC=humongous(continues), CS=collection set, F=free, OA=open archive, CA=closed archive, TAMS=top-at-mark-start (previous, next)
|   0|0x0000000081a00000, 0x0000000081b00000, 0x0000000081b00000|100%| O|  |TAMS 0x0000000081a00000, 0x0000000081a00000| Untracked 
|   1|0x0000000081b00000, 0x0000000081c00000, 0x0000000081c00000|100%| O|  |TAMS 0x0000000081b00000, 0x0000000081b00000| Untracked 
|   2|0x0000000081c00000, 0x0000000081ccc200, 0x0000000081d00000| 79%| O|  |TAMS 0x0000000081c00000, 0x0000000081c00000| Untracked 
|   3|0x0000000081d00000, 0x0000000081e00000, 0x0000000081e00000|100%|HS|  |TAMS 0x0000000081d00000, 0x0000000081d00000| Complete 
|   4|0x0000000081e00000, 0x0000000081f00000, 0x0000000081f00000|100%|HC|  |TAMS 0x0000000081e00000, 0x0000000081e00000| Complete 
|   5|0x0000000081f00000, 0x0000000081f00000, 0x0000000082000000|  0%| F|  |TAMS 0x0000000081f00000, 0x0000000081f00000| Untracked 
|   6|0x0000000082000000, 0x0000000082000000, 0x0000000082100000|  0%| F|  |TAMS 0x0000000082000000, 0x0000000082000000| Untracked 
|   7|0x0000000082100000, 0x0000000082100000, 0x0000000082200000|  0%| F|  |TAMS 0x0000000082100000, 0x0000000082100000| Untracked 
|   8|0x0000000082200000, 0x0000000082200000, 0x0000000082300000|  0%| F|  |TAMS 0x0000000082200000, 0x0000000082200000| Untracked 
|   9|0x0000000082300000, 0x0000000082300000, 0x0000000082400000|  0%| F|  |TAMS 0x0000000082300000, 0x0000000082300000| Untracked 
|  10|0x0000000082400000, 0x0000000082400000, 0x0000000082500000|  0%| F|  |TAMS 0x0000000082400000, 0x0000000082400000| Untracked 
|  11|0x0000000082500000, 0x0000000082500000, 0x0000000082600000|  0%| F|  |TAMS 0x0000000082500000, 0x0000000082500000| Untracked 
|  12|0x0000000082600000, 0x0000000082600000, 0x0000000082700000|  0%| F|  |TAMS 0x0000000082600000, 0x0000000082600000| Untracked 
|  13|0x0000000082700000, 0x0000000082700000, 0x0000000082800000|  0%| F|  |TAMS 0x0000000082700000, 0x0000000082700000| Untracked 
|  14|0x0000000082800000, 0x0000000082800000, 0x0000000082900000|  0%| F|  |TAMS 0x0000000082800000, 0x0000000082800000| Untracked 
|  15|0x0000000082900000, 0x0000000082900000, 0x0000000082a00000|  0%| F|  |TAMS 0x0000000082900000, 0x0000000082900000| Untracked 
|  16|0x0000000082a00000, 0x0000000082a00000, 0x0000000082b00000|  0%| F|  |TAMS 0x0000000082a00000, 0x0000000082a00000| Untracked 
|  17|0x0000000082b00000, 0x0000000082b00000, 0x0000000082c00000|  0%| F|  |TAMS 0x0000000082b00000, 0x0000000082b00000| Untracked 
|  18|0x0000000082c00000, 0x0000000082c00000, 0x0000000082d00000|  0%| F|  |TAMS 0x0000000082c00000, 0x0000000082c00000| Untracked 
|  19|0x0000000082d00000, 0x0000000082d00000, 0x0000000082e00000|  0%| F|  |TAMS 0x0000000082d00000, 0x0000000082d00000| Untracked 
|  20|0x0000000082e00000, 0x0000000082e00000, 0x0000000082f00000|  0%| F|  |TAMS 0x0000000082e00000, 0x0000000082e00000| Untracked 
|  21|0x0000000082f00000, 0x0000000082f00000, 0x0000000083000000|  0%| F|  |TAMS 0x0000000082f00000, 0x0000000082f00000| Untracked 
|  22|0x0000000083000000, 0x0000000083000000, 0x0000000083100000|  0%| F|  |TAMS 0x0000000083000000, 0x0000000083000000| Untracked 
|  23|0x0000000083100000, 0x0000000083100000, 0x0000000083200000|  0%| F|  |TAMS 0x0000000083100000, 0x0000000083100000| Untracked 
|  24|0x0000000083200000, 0x0000000083200000, 0x0000000083300000|  0%| F|  |TAMS 0x0000000083200000, 0x0000000083200000| Untracked 
|  25|0x0000000083300000, 0x0000000083300000, 0x0000000083400000|  0%| F|  |TAMS 0x0000000083300000, 0x0000000083300000| Untracked 
|  26|0x0000000083400000, 0x0000000083400000, 0x0000000083500000|  0%| F|  |TAMS 0x0000000083400000, 0x0000000083400000| Untracked 
|  27|0x0000000083500000, 0x0000000083500000, 0x0000000083600000|  0%| F|  |TAMS 0x0000000083500000, 0x0000000083500000| Untracked 
|  28|0x0000000083600000, 0x0000000083600000, 0x0000000083700000|  0%| F|  |TAMS 0x0000000083600000, 0x0000000083600000| Untracked 
|  29|0x0000000083700000, 0x0000000083700000, 0x0000000083800000|  0%| F|  |TAMS 0x0000000083700000, 0x0000000083700000| Untracked 
|  30|0x0000000083800000, 0x0000000083800000, 0x0000000083900000|  0%| F|  |TAMS 0x0000000083800000, 0x0000000083800000| Untracked 
|  31|0x0000000083900000, 0x0000000083900000, 0x0000000083a00000|  0%| F|  |TAMS 0x0000000083900000, 0x0000000083900000| Untracked 
|  32|0x0000000083a00000, 0x0000000083a00000, 0x0000000083b00000|  0%| F|  |TAMS 0x0000000083a00000, 0x0000000083a00000| Untracked 
|  33|0x0000000083b00000, 0x0000000083b00000, 0x0000000083c00000|  0%| F|  |TAMS 0x0000000083b00000, 0x0000000083b00000| Untracked 
|  34|0x0000000083c00000, 0x0000000083c00000, 0x0000000083d00000|  0%| F|  |TAMS 0x0000000083c00000, 0x0000000083c00000| Untracked 
|  35|0x0000000083d00000, 0x0000000083d00000, 0x0000000083e00000|  0%| F|  |TAMS 0x0000000083d00000, 0x0000000083d00000| Untracked 
|  36|0x0000000083e00000, 0x0000000083e00000, 0x0000000083f00000|  0%| F|  |TAMS 0x0000000083e00000, 0x0000000083e00000| Untracked 
|  37|0x0000000083f00000, 0x0000000083f00000, 0x0000000084000000|  0%| F|  |TAMS 0x0000000083f00000, 0x0000000083f00000| Untracked 
|  38|0x0000000084000000, 0x0000000084000000, 0x0000000084100000|  0%| F|  |TAMS 0x0000000084000000, 0x0000000084000000| Untracked 
|  39|0x0000000084100000, 0x0000000084100000, 0x0000000084200000|  0%| F|  |TAMS 0x0000000084100000, 0x0000000084100000| Untracked 
|  40|0x0000000084200000, 0x0000000084200000, 0x0000000084300000|  0%| F|  |TAMS 0x0000000084200000, 0x0000000084200000| Untracked 
|  41|0x0000000084300000, 0x0000000084300000, 0x0000000084400000|  0%| F|  |TAMS 0x0000000084300000, 0x0000000084300000| Untracked 
|  42|0x0000000084400000, 0x0000000084400000, 0x0000000084500000|  0%| F|  |TAMS 0x0000000084400000, 0x0000000084400000| Untracked 
|  43|0x0000000084500000, 0x0000000084500000, 0x0000000084600000|  0%| F|  |TAMS 0x0000000084500000, 0x0000000084500000| Untracked 
|  44|0x0000000084600000, 0x0000000084600000, 0x0000000084700000|  0%| F|  |TAMS 0x0000000084600000, 0x0000000084600000| Untracked 
|  45|0x0000000084700000, 0x0000000084700000, 0x0000000084800000|  0%| F|  |TAMS 0x0000000084700000, 0x0000000084700000| Untracked 
|  46|0x0000000084800000, 0x0000000084800000, 0x0000000084900000|  0%| F|  |TAMS 0x0000000084800000, 0x0000000084800000| Untracked 
|  47|0x0000000084900000, 0x0000000084900000, 0x0000000084a00000|  0%| F|  |TAMS 0x0000000084900000, 0x0000000084900000| Untracked 
|  48|0x0000000084a00000, 0x0000000084a00000, 0x0000000084b00000|  0%| F|  |TAMS 0x0000000084a00000, 0x0000000084a00000| Untracked 
|  49|0x0000000084b00000, 0x0000000084b00000, 0x0000000084c00000|  0%| F|  |TAMS 0x0000000084b00000, 0x0000000084b00000| Untracked 
|  50|0x0000000084c00000, 0x0000000084c00000, 0x0000000084d00000|  0%| F|  |TAMS 0x0000000084c00000, 0x0000000084c00000| Untracked 
|  51|0x0000000084d00000, 0x0000000084d00000, 0x0000000084e00000|  0%| F|  |TAMS 0x0000000084d00000, 0x0000000084d00000| Untracked 
|  52|0x0000000084e00000, 0x0000000084e00000, 0x0000000084f00000|  0%| F|  |TAMS 0x0000000084e00000, 0x0000000084e00000| Untracked 
|  53|0x0000000084f00000, 0x0000000084f00000, 0x0000000085000000|  0%| F|  |TAMS 0x0000000084f00000, 0x0000000084f00000| Untracked 
|  54|0x0000000085000000, 0x0000000085000000, 0x0000000085100000|  0%| F|  |TAMS 0x0000000085000000, 0x0000000085000000| Untracked 
|  55|0x0000000085100000, 0x0000000085100000, 0x0000000085200000|  0%| F|  |TAMS 0x0000000085100000, 0x0000000085100000| Untracked 
|  56|0x0000000085200000, 0x0000000085200000, 0x0000000085300000|  0%| F|  |TAMS 0x0000000085200000, 0x0000000085200000| Untracked 
|  57|0x0000000085300000, 0x0000000085300000, 0x0000000085400000|  0%| F|  |TAMS 0x0000000085300000, 0x0000000085300000| Untracked 
|  58|0x0000000085400000, 0x0000000085400000, 0x0000000085500000|  0%| F|  |TAMS 0x0000000085400000, 0x0000000085400000| Untracked 
|  59|0x0000000085500000, 0x0000000085500000, 0x0000000085600000|  0%| F|  |TAMS 0x0000000085500000, 0x0000000085500000| Untracked 
|  60|0x0000000085600000, 0x0000000085600000, 0x0000000085700000|  0%| F|  |TAMS 0x0000000085600000, 0x0000000085600000| Untracked 
|  61|0x0000000085700000, 0x0000000085700000, 0x0000000085800000|  0%| F|  |TAMS 0x0000000085700000, 0x0000000085700000| Untracked 
|  62|0x0000000085800000, 0x0000000085800000, 0x0000000085900000|  0%| F|  |TAMS 0x0000000085800000, 0x0000000085800000| Untracked 
|  63|0x0000000085900000, 0x0000000085900000, 0x0000000085a00000|  0%| F|  |TAMS 0x0000000085900000, 0x0000000085900000| Untracked 
|  64|0x0000000085a00000, 0x0000000085a00000, 0x0000000085b00000|  0%| F|  |TAMS 0x0000000085a00000, 0x0000000085a00000| Untracked 
|  65|0x0000000085b00000, 0x0000000085b00000, 0x0000000085c00000|  0%| F|  |TAMS 0x0000000085b00000, 0x0000000085b00000| Untracked 
|  66|0x0000000085c00000, 0x0000000085c00000, 0x0000000085d00000|  0%| F|  |TAMS 0x0000000085c00000, 0x0000000085c00000| Untracked 
|  67|0x0000000085d00000, 0x0000000085d00000, 0x0000000085e00000|  0%| F|  |TAMS 0x0000000085d00000, 0x0000000085d00000| Untracked 
|  68|0x0000000085e00000, 0x0000000085e00000, 0x0000000085f00000|  0%| F|  |TAMS 0x0000000085e00000, 0x0000000085e00000| Untracked 
|  69|0x0000000085f00000, 0x0000000085f00000, 0x0000000086000000|  0%| F|  |TAMS 0x0000000085f00000, 0x0000000085f00000| Untracked 
|  70|0x0000000086000000, 0x0000000086000000, 0x0000000086100000|  0%| F|  |TAMS 0x0000000086000000, 0x0000000086000000| Untracked 
|  71|0x0000000086100000, 0x0000000086100000, 0x0000000086200000|  0%| F|  |TAMS 0x0000000086100000, 0x0000000086100000| Untracked 
|  72|0x0000000086200000, 0x0000000086200000, 0x0000000086300000|  0%| F|  |TAMS 0x0000000086200000, 0x0000000086200000| Untracked 
|  73|0x0000000086300000, 0x0000000086300000, 0x0000000086400000|  0%| F|  |TAMS 0x0000000086300000, 0x0000000086300000| Untracked 
|  74|0x0000000086400000, 0x0000000086400000, 0x0000000086500000|  0%| F|  |TAMS 0x0000000086400000, 0x0000000086400000| Untracked 
|  75|0x0000000086500000, 0x0000000086500000, 0x0000000086600000|  0%| F|  |TAMS 0x0000000086500000, 0x0000000086500000| Untracked 
|  76|0x0000000086600000, 0x0000000086600000, 0x0000000086700000|  0%| F|  |TAMS 0x0000000086600000, 0x0000000086600000| Untracked 
|  77|0x0000000086700000, 0x0000000086700000, 0x0000000086800000|  0%| F|  |TAMS 0x0000000086700000, 0x0000000086700000| Untracked 
|  78|0x0000000086800000, 0x0000000086800000, 0x0000000086900000|  0%| F|  |TAMS 0x0000000086800000, 0x0000000086800000| Untracked 
|  79|0x0000000086900000, 0x0000000086900000, 0x0000000086a00000|  0%| F|  |TAMS 0x0000000086900000, 0x0000000086900000| Untracked 
|  80|0x0000000086a00000, 0x0000000086a00800, 0x0000000086b00000|  0%| E|  |TAMS 0x0000000086a00000, 0x0000000086a00000| Complete 
|  81|0x0000000086b00000, 0x0000000086c00000, 0x0000000086c00000|100%| E|CS|TAMS 0x0000000086b00000, 0x0000000086b00000| Complete 
|  82|0x0000000086c00000, 0x0000000086d00000, 0x0000000086d00000|100%| E|CS|TAMS 0x0000000086c00000, 0x0000000086c00000| Complete 
|  83|0x0000000086d00000, 0x0000000086e00000, 0x0000000086e00000|100%| E|CS|TAMS 0x0000000086d00000, 0x0000000086d00000| Complete 
|  84|0x0000000086e00000, 0x0000000086f00000, 0x0000000086f00000|100%| E|CS|TAMS 0x0000000086e00000, 0x0000000086e00000| Complete 
|  85|0x0000000086f00000, 0x0000000087000000, 0x0000000087000000|100%| E|CS|TAMS 0x0000000086f00000, 0x0000000086f00000| Complete 
|  86|0x0000000087000000, 0x0000000087100000, 0x0000000087100000|100%| E|CS|TAMS 0x0000000087000000, 0x0000000087000000| Complete 
|  87|0x0000000087100000, 0x0000000087200000, 0x0000000087200000|100%| E|CS|TAMS 0x0000000087100000, 0x0000000087100000| Complete 
|  88|0x0000000087200000, 0x0000000087300000, 0x0000000087300000|100%| E|CS|TAMS 0x0000000087200000, 0x0000000087200000| Complete 
|  89|0x0000000087300000, 0x0000000087400000, 0x0000000087400000|100%| E|CS|TAMS 0x0000000087300000, 0x0000000087300000| Complete 
|  90|0x0000000087400000, 0x0000000087500000, 0x0000000087500000|100%| E|CS|TAMS 0x0000000087400000, 0x0000000087400000| Complete 
|  91|0x0000000087500000, 0x0000000087600000, 0x0000000087600000|100%| E|CS|TAMS 0x0000000087500000, 0x0000000087500000| Complete 
|  92|0x0000000087600000, 0x0000000087700000, 0x0000000087700000|100%| E|CS|TAMS 0x0000000087600000, 0x0000000087600000| Complete 
|  93|0x0000000087700000, 0x0000000087800000, 0x0000000087800000|100%| E|CS|TAMS 0x0000000087700000, 0x0000000087700000| Complete 
|  94|0x0000000087800000, 0x0000000087900000, 0x0000000087900000|100%| E|CS|TAMS 0x0000000087800000, 0x0000000087800000| Complete 
|  95|0x0000000087900000, 0x0000000087a00000, 0x0000000087a00000|100%| E|CS|TAMS 0x0000000087900000, 0x0000000087900000| Complete 
|  96|0x0000000087a00000, 0x0000000087b00000, 0x0000000087b00000|100%| E|CS|TAMS 0x0000000087a00000, 0x0000000087a00000| Complete 
|  97|0x0000000087b00000, 0x0000000087c00000, 0x0000000087c00000|100%| E|CS|TAMS 0x0000000087b00000, 0x0000000087b00000| Complete 
|  98|0x0000000087c00000, 0x0000000087d00000, 0x0000000087d00000|100%| E|CS|TAMS 0x0000000087c00000, 0x0000000087c00000| Complete 
|  99|0x0000000087d00000, 0x0000000087e00000, 0x0000000087e00000|100%| E|CS|TAMS 0x0000000087d00000, 0x0000000087d00000| Complete 
| 100|0x0000000087e00000, 0x0000000087f00000, 0x0000000087f00000|100%| E|CS|TAMS 0x0000000087e00000, 0x0000000087e00000| Complete 
| 101|0x0000000087f00000, 0x0000000088000000, 0x0000000088000000|100%| E|CS|TAMS 0x0000000087f00000, 0x0000000087f00000| Complete 
| 102|0x0000000088000000, 0x0000000088100000, 0x0000000088100000|100%| E|CS|TAMS 0x0000000088000000, 0x0000000088000000| Complete 
| 103|0x0000000088100000, 0x0000000088200000, 0x0000000088200000|100%| E|CS|TAMS 0x0000000088100000, 0x0000000088100000| Complete 
| 104|0x0000000088200000, 0x0000000088300000, 0x0000000088300000|100%| E|CS|TAMS 0x0000000088200000, 0x0000000088200000| Complete 
| 105|0x0000000088300000, 0x0000000088400000, 0x0000000088400000|100%| E|CS|TAMS 0x0000000088300000, 0x0000000088300000| Complete 
| 106|0x0000000088400000, 0x0000000088500000, 0x0000000088500000|100%| E|CS|TAMS 0x0000000088400000, 0x0000000088400000| Complete 
| 107|0x0000000088500000, 0x0000000088600000, 0x0000000088600000|100%| E|CS|TAMS 0x0000000088500000, 0x0000000088500000| Complete 
| 108|0x0000000088600000, 0x0000000088656080, 0x0000000088700000| 33%| S|CS|TAMS 0x0000000088600000, 0x0000000088600000| Complete 
| 109|0x0000000088700000, 0x0000000088800000, 0x0000000088800000|100%| S|CS|TAMS 0x0000000088700000, 0x0000000088700000| Complete 
| 110|0x0000000088800000, 0x0000000088900000, 0x0000000088900000|100%| E|CS|TAMS 0x0000000088800000, 0x0000000088800000| Complete 
| 111|0x0000000088900000, 0x0000000088a00000, 0x0000000088a00000|100%| E|CS|TAMS 0x0000000088900000, 0x0000000088900000| Complete 
| 112|0x0000000088a00000, 0x0000000088b00000, 0x0000000088b00000|100%| E|CS|TAMS 0x0000000088a00000, 0x0000000088a00000| Complete 
| 113|0x0000000088b00000, 0x0000000088c00000, 0x0000000088c00000|100%| E|CS|TAMS 0x0000000088b00000, 0x0000000088b00000| Complete 
| 114|0x0000000088c00000, 0x0000000088d00000, 0x0000000088d00000|100%| E|CS|TAMS 0x0000000088c00000, 0x0000000088c00000| Complete 
| 115|0x0000000088d00000, 0x0000000088e00000, 0x0000000088e00000|100%| E|CS|TAMS 0x0000000088d00000, 0x0000000088d00000| Complete 
| 116|0x0000000088e00000, 0x0000000088f00000, 0x0000000088f00000|100%| E|CS|TAMS 0x0000000088e00000, 0x0000000088e00000| Complete 
| 117|0x0000000088f00000, 0x0000000089000000, 0x0000000089000000|100%| E|CS|TAMS 0x0000000088f00000, 0x0000000088f00000| Complete 
| 118|0x0000000089000000, 0x0000000089100000, 0x0000000089100000|100%| E|CS|TAMS 0x0000000089000000, 0x0000000089000000| Complete 
| 119|0x0000000089100000, 0x0000000089200000, 0x0000000089200000|100%| E|CS|TAMS 0x0000000089100000, 0x0000000089100000| Complete 
| 120|0x0000000089200000, 0x0000000089300000, 0x0000000089300000|100%| E|CS|TAMS 0x0000000089200000, 0x0000000089200000| Complete 
| 121|0x0000000089300000, 0x0000000089400000, 0x0000000089400000|100%| E|CS|TAMS 0x0000000089300000, 0x0000000089300000| Complete 
| 122|0x0000000089400000, 0x0000000089500000, 0x0000000089500000|100%| E|CS|TAMS 0x0000000089400000, 0x0000000089400000| Complete 
| 123|0x0000000089500000, 0x0000000089600000, 0x0000000089600000|100%| E|CS|TAMS 0x0000000089500000, 0x0000000089500000| Complete 
| 124|0x0000000089600000, 0x0000000089700000, 0x0000000089700000|100%| E|CS|TAMS 0x0000000089600000, 0x0000000089600000| Complete 
| 125|0x0000000089700000, 0x0000000089800000, 0x0000000089800000|100%| E|CS|TAMS 0x0000000089700000, 0x0000000089700000| Complete 
| 126|0x0000000089800000, 0x0000000089900000, 0x0000000089900000|100%| E|CS|TAMS 0x0000000089800000, 0x0000000089800000| Complete 
| 127|0x0000000089900000, 0x0000000089a00000, 0x0000000089a00000|100%| E|CS|TAMS 0x0000000089900000, 0x0000000089900000| Complete 

Card table byte_map: [0x000002593bd20000,0x000002593c120000] _byte_map_base: 0x000002593b913000

Marking Bits (Prev, Next): (CMBitMap*) 0x00000259247223d0, (CMBitMap*) 0x0000025924722410
 Prev Bits: [0x000002593c520000, 0x000002593e4b8000)
 Next Bits: [0x000002593e4c0000, 0x0000025940458000)

Polling page: 0x0000025923ec0000

Metaspace:

Usage:
  Non-class:     14.55 MB capacity,    14.34 MB ( 99%) used,   187.55 KB (  1%) free+waste,    26.31 KB ( <1%) overhead. 
      Class:      2.22 MB capacity,     2.16 MB ( 97%) used,    54.19 KB (  2%) free+waste,    10.88 KB ( <1%) overhead. 
       Both:     16.77 MB capacity,    16.50 MB ( 98%) used,   241.74 KB (  1%) free+waste,    37.19 KB ( <1%) overhead. 

Virtual space:
  Non-class space:       16.00 MB reserved,      14.75 MB ( 92%) committed 
      Class space:        1.00 GB reserved,       2.25 MB ( <1%) committed 
             Both:        1.02 GB reserved,      17.00 MB (  2%) committed 

Chunk freelists:
   Non-Class:  10.00 KB
       Class:  0 bytes
        Both:  10.00 KB

MaxMetaspaceSize: 17179869184.00 GB
CompressedClassSpaceSize: 1.00 GB

CodeHeap 'non-profiled nmethods': size=120000Kb used=1224Kb max_used=1224Kb free=118775Kb
 bounds [0x00000259343f0000, 0x0000025934660000, 0x000002593b920000]
CodeHeap 'profiled nmethods': size=120000Kb used=5830Kb max_used=5830Kb free=114169Kb
 bounds [0x000002592cec0000, 0x000002592d480000, 0x00000259343f0000]
CodeHeap 'non-nmethods': size=5760Kb used=1531Kb max_used=1556Kb free=4228Kb
 bounds [0x000002592c920000, 0x000002592cb90000, 0x000002592cec0000]
 total_blobs=3932 nmethods=3154 adapters=690
 compilation: enabled
              stopped_count=0, restarted_count=0
 full_count=0

Compilation events (20 events):
Event: 108.532 Thread 0x000002594292c670 3137       3       java.lang.invoke.MethodHandleNatives::refKindIsGetter (32 bytes)
Event: 108.532 Thread 0x000002594292c670 nmethod 3137 0x000002592d46bf10 code [0x000002592d46c0a0, 0x000002592d46c1f8]
Event: 108.533 Thread 0x000002594292c670 3138       3       java.lang.StringBuilder::append (8 bytes)
Event: 108.534 Thread 0x000002594292c670 nmethod 3138 0x000002592d46c290 code [0x000002592d46c440, 0x000002592d46c588]
Event: 108.537 Thread 0x000002594292c670 3139       3       jdk.internal.org.objectweb.asm.Frame::setInputFrameFromDescriptor (175 bytes)
Event: 108.539 Thread 0x000002594292c670 nmethod 3139 0x000002592d46c610 code [0x000002592d46c820, 0x000002592d46d058]
Event: 108.545 Thread 0x000002594292c670 3140       3       java.lang.invoke.InvokerBytecodeGenerator::assertStaticType (58 bytes)
Event: 108.546 Thread 0x000002594292c670 nmethod 3140 0x000002592d46d510 code [0x000002592d46d6e0, 0x000002592d46dbf8]
Event: 108.546 Thread 0x000002594292c670 3141       3       java.lang.invoke.InvokerBytecodeGenerator::storeInsnOpcode (87 bytes)
Event: 108.547 Thread 0x000002594292c670 nmethod 3141 0x000002592d46de10 code [0x000002592d46e060, 0x000002592d46e9d8]
Event: 108.551 Thread 0x000002594292c670 3143       3       java.lang.StringBuilder::toString (35 bytes)
Event: 108.552 Thread 0x000002594292c670 nmethod 3143 0x000002592d46ed10 code [0x000002592d46eee0, 0x000002592d46f198]
Event: 108.585 Thread 0x000002594292c670 3151       3       java.util.ArrayList::toArray (12 bytes)
Event: 108.585 Thread 0x000002594292c670 nmethod 3151 0x000002592d46f290 code [0x000002592d46f440, 0x000002592d46f628]
Event: 110.063 Thread 0x000002594292c670 3152       3       java.util.regex.Matcher::end (67 bytes)
Event: 110.065 Thread 0x000002594292c670 nmethod 3152 0x000002592d46f710 code [0x000002592d46f980, 0x000002592d470208]
Event: 110.065 Thread 0x000002594292c670 3153       3       java.util.regex.Matcher::reset (128 bytes)
Event: 110.065 Thread 0x000002594292c670 nmethod 3153 0x000002592d470590 code [0x000002592d4707a0, 0x000002592d470da8]
Event: 119.685 Thread 0x000002594292c670 3154       3       com.sun.javafx.sg.prism.NGRegion::getNormalizedFillRadii (43 bytes)
Event: 119.685 Thread 0x000002594292c670 nmethod 3154 0x000002592d471010 code [0x000002592d4711e0, 0x000002592d471738]

GC Heap History (4 events):
Event: 2.678 GC heap before
{Heap before GC invocations=0 (full 0):
 garbage-first heap   total 131072K, used 13312K [0x0000000081a00000, 0x0000000100000000)
  region size 1024K, 13 young (13312K), 0 survivors (0K)
 Metaspace       used 2335K, capacity 5559K, committed 5760K, reserved 1056768K
  class space    used 251K, capacity 553K, committed 640K, reserved 1048576K
}
Event: 2.686 GC heap after
{Heap after GC invocations=1 (full 0):
 garbage-first heap   total 131072K, used 2849K [0x0000000081a00000, 0x0000000100000000)
  region size 1024K, 2 young (2048K), 2 survivors (2048K)
 Metaspace       used 2335K, capacity 5559K, committed 5760K, reserved 1056768K
  class space    used 251K, capacity 553K, committed 640K, reserved 1048576K
}
Event: 3.431 GC heap before
{Heap before GC invocations=1 (full 0):
 garbage-first heap   total 131072K, used 18209K [0x0000000081a00000, 0x0000000100000000)
  region size 1024K, 18 young (18432K), 2 survivors (2048K)
 Metaspace       used 7156K, capacity 9133K, committed 9216K, reserved 1056768K
  class space    used 832K, capacity 1019K, committed 1024K, reserved 1048576K
}
Event: 3.436 GC heap after
{Heap after GC invocations=2 (full 0):
 garbage-first heap   total 131072K, used 4232K [0x0000000081a00000, 0x0000000100000000)
  region size 1024K, 2 young (2048K), 2 survivors (2048K)
 Metaspace       used 7156K, capacity 9133K, committed 9216K, reserved 1056768K
  class space    used 832K, capacity 1019K, committed 1024K, reserved 1048576K
}

Deoptimization events (20 events):
Event: 55.660 Thread 0x0000025944236d80 DEOPT PACKING pc=0x000002593448eed8 sp=0x000000e49d3fc040
Event: 55.660 Thread 0x0000025944236d80 DEOPT UNPACKING pc=0x000002592c96e42f sp=0x000000e49d3fbfd0 mode 2
Event: 55.859 Thread 0x0000025944236d80 DEOPT PACKING pc=0x000002592d0eaca4 sp=0x000000e49d3fc440
Event: 55.859 Thread 0x0000025944236d80 DEOPT UNPACKING pc=0x000002592c96e23f sp=0x000000e49d3fb910 mode 1
Event: 55.986 Thread 0x0000025944236d80 Uncommon trap: trap_request=0xffffff45 fr.pc=0x00000259344d0658 relative=0x0000000000000058
Event: 55.986 Thread 0x0000025944236d80 Uncommon trap: reason=unstable_if action=reinterpret pc=0x00000259344d0658 method=javafx.scene.Node.updateLocalToParentTransform()V @ 4 c2
Event: 55.986 Thread 0x0000025944236d80 DEOPT PACKING pc=0x00000259344d0658 sp=0x000000e49d3fc130
Event: 55.986 Thread 0x0000025944236d80 DEOPT UNPACKING pc=0x000002592c96e42f sp=0x000000e49d3fc088 mode 2
Event: 103.307 Thread 0x0000025944236d80 Uncommon trap: trap_request=0xffffff45 fr.pc=0x000002593450cf50 relative=0x0000000000000f90
Event: 103.307 Thread 0x0000025944236d80 Uncommon trap: reason=unstable_if action=reinterpret pc=0x000002593450cf50 method=javafx.scene.Node.intersectsBounds(Lcom/sun/javafx/geom/PickRay;)D @ 902 c2
Event: 103.307 Thread 0x0000025944236d80 DEOPT PACKING pc=0x000002593450cf50 sp=0x000000e49d3fa720
Event: 103.307 Thread 0x0000025944236d80 DEOPT UNPACKING pc=0x000002592c96e42f sp=0x000000e49d3fa628 mode 2
Event: 105.579 Thread 0x0000025944236d80 Uncommon trap: trap_request=0xffffff45 fr.pc=0x00000259344b2194 relative=0x00000000000003f4
Event: 105.579 Thread 0x0000025944236d80 Uncommon trap: reason=unstable_if action=reinterpret pc=0x00000259344b2194 method=java.lang.AbstractStringBuilder.append(C)Ljava/lang/AbstractStringBuilder; @ 21 c2
Event: 105.579 Thread 0x0000025944236d80 DEOPT PACKING pc=0x00000259344b2194 sp=0x000000e49d3f9f10
Event: 105.579 Thread 0x0000025944236d80 DEOPT UNPACKING pc=0x000002592c96e42f sp=0x000000e49d3f9eb8 mode 2
Event: 160.289 Thread 0x0000025943bf78c0 DEOPT PACKING pc=0x000002592d2704c4 sp=0x000000e49d0fee50
Event: 160.289 Thread 0x0000025943bf78c0 DEOPT UNPACKING pc=0x000002592c96e23f sp=0x000000e49d0fe370 mode 1
Event: 160.289 Thread 0x0000025943a9b660 DEOPT PACKING pc=0x000002592d09f2d4 sp=0x000000e49b8ff0c0
Event: 160.289 Thread 0x0000025943a9b660 DEOPT UNPACKING pc=0x000002592c96e23f sp=0x000000e49b8fe520 mode 1

Classes unloaded (0 events):
No events

Classes redefined (0 events):
No events

Internal exceptions (20 events):
Event: 2.990 Thread 0x00000259246e1a30 Exception <a 'java/lang/NoSuchMethodError'{0x000000008933b720}: 'java.lang.Object java.lang.invoke.DirectMethodHandle$Holder.newInvokeSpecial(java.lang.Object, java.lang.Object, java.lang.Object, java.lang.Object, java.lang.Object)'> (0x000000008933b720) 
thrown [./open/src/hotspot/share/interpreter/linkResolver.cpp, line 782]
Event: 2.994 Thread 0x0000025943ccf960 Exception <a 'java/lang/NoSuchMethodError'{0x0000000089387b68}: 'void java.lang.invoke.DirectMethodHandle$Holder.invokeStatic(java.lang.Object, java.lang.Object, java.lang.Object, java.lang.Object)'> (0x0000000089387b68) 
thrown [./open/src/hotspot/share/interpreter/linkResolver.cpp, line 782]
Event: 3.279 Thread 0x0000025944236d80 Exception <a 'java/lang/NoSuchMethodError'{0x0000000088a0dd58}: 'java.lang.Object java.lang.invoke.DirectMethodHandle$Holder.invokeStaticInit(java.lang.Object, java.lang.Object, java.lang.Object, java.lang.Object)'> (0x0000000088a0dd58) 
thrown [./open/src/hotspot/share/interpreter/linkResolver.cpp, line 782]
Event: 3.283 Thread 0x0000025944236d80 Exception <a 'java/lang/NullPointerException'{0x0000000088a1a530}> (0x0000000088a1a530) 
thrown [./open/src/hotspot/share/interpreter/linkResolver.cpp, line 1374]
Event: 3.298 Thread 0x0000025944236d80 Exception <a 'java/lang/NoSuchMethodError'{0x0000000088a3cea8}: 'void java.lang.invoke.DirectMethodHandle$Holder.invokeSpecial(java.lang.Object, java.lang.Object, java.lang.Object, java.lang.Object, java.lang.Object)'> (0x0000000088a3cea8) 
thrown [./open/src/hotspot/share/interpreter/linkResolver.cpp, line 782]
Event: 3.621 Thread 0x0000025944236d80 Exception <a 'java/lang/NoSuchMethodError'{0x00000000896eae80}: 'void java.lang.invoke.DirectMethodHandle$Holder.invokeStaticInit(java.lang.Object, java.lang.Object)'> (0x00000000896eae80) 
thrown [./open/src/hotspot/share/interpreter/linkResolver.cpp, line 782]
Event: 30.205 Thread 0x0000025944236d80 Implicit null exception at 0x000002593445971c to 0x0000025934459c94
Event: 30.563 Thread 0x0000025944236d80 Exception <a 'java/lang/ClassNotFoundException'{0x00000000882da760}: com/sun/javafx/scene/control/skin/resources/controls> (0x00000000882da760) 
thrown [./open/src/hotspot/share/prims/jni.cpp, line 599]
Event: 30.637 Thread 0x0000025944236d80 Exception <a 'java/lang/ClassNotFoundException'{0x00000000882e8258}: com/sun/javafx/scene/control/skin/resources/controls_ru> (0x00000000882e8258) 
thrown [./open/src/hotspot/share/prims/jni.cpp, line 599]
Event: 30.639 Thread 0x0000025944236d80 Exception <a 'java/lang/ClassNotFoundException'{0x00000000882e9ac0}: com/sun/javafx/scene/control/skin/resources/controls_ru_RU> (0x00000000882e9ac0) 
thrown [./open/src/hotspot/share/prims/jni.cpp, line 599]
Event: 30.914 Thread 0x0000025944236d80 Exception <a 'java/lang/NoSuchMethodError'{0x00000000880d5008}: 'void java.lang.invoke.DirectMethodHandle$Holder.invokeSpecial(java.lang.Object, java.lang.Object, java.lang.Object, java.lang.Object, java.lang.Object, java.lang.Object)'> (0x00000000880d5008) 
thrown [./open/src/hotspot/share/interpreter/linkResolver.cpp, line 782]
Event: 31.060 Thread 0x0000025944236d80 Exception <a 'java/lang/NoSuchMethodError'{0x0000000087dc7b68}: 'java.lang.Object java.lang.invoke.DirectMethodHandle$Holder.invokeInterface(java.lang.Object, java.lang.Object, java.lang.Object)'> (0x0000000087dc7b68) 
thrown [./open/src/hotspot/share/interpreter/linkResolver.cpp, line 782]
Event: 31.062 Thread 0x0000025944236d80 Exception <a 'java/lang/IncompatibleClassChangeError'{0x0000000087dcb6e8}: Found class java.lang.Object, but interface was expected> (0x0000000087dcb6e8) 
thrown [./open/src/hotspot/share/interpreter/linkResolver.cpp, line 848]
Event: 31.693 Thread 0x0000025944236d80 Exception <a 'java/lang/NoSuchMethodError'{0x0000000087bf7e48}: 'java.lang.Object java.lang.invoke.DirectMethodHandle$Holder.newInvokeSpecial(java.lang.Object, java.lang.Object, int)'> (0x0000000087bf7e48) 
thrown [./open/src/hotspot/share/interpreter/linkResolver.cpp, line 782]
Event: 31.839 Thread 0x0000025943bf78c0 Exception <a 'java/lang/NoSuchMethodError'{0x0000000087981678}: 'int java.lang.invoke.DirectMethodHandle$Holder.invokeStaticInit(java.lang.Object, java.lang.Object)'> (0x0000000087981678) 
thrown [./open/src/hotspot/share/interpreter/linkResolver.cpp, line 782]
Event: 31.853 Thread 0x0000025944236d80 Exception <a 'java/lang/NoSuchMethodError'{0x0000000087a6d7a0}: 'long java.lang.invoke.DirectMethodHandle$Holder.invokeStatic(java.lang.Object, java.lang.Object, java.lang.Object)'> (0x0000000087a6d7a0) 
thrown [./open/src/hotspot/share/interpreter/linkResolver.cpp, line 782]
Event: 31.855 Thread 0x0000025944236d80 Exception <a 'java/lang/NoSuchMethodError'{0x0000000087a71150}: 'long java.lang.invoke.DirectMethodHandle$Holder.invokeStaticInit(java.lang.Object, java.lang.Object, java.lang.Object)'> (0x0000000087a71150) 
thrown [./open/src/hotspot/share/interpreter/linkResolver.cpp, line 782]
Event: 31.871 Thread 0x0000025944236d80 Exception <a 'java/lang/NoSuchMethodError'{0x00000000879ec730}: 'java.lang.Object java.lang.invoke.DirectMethodHandle$Holder.newInvokeSpecial(java.lang.Object, java.lang.Object, long)'> (0x00000000879ec730) 
thrown [./open/src/hotspot/share/interpreter/linkResolver.cpp, line 782]
Event: 31.874 Thread 0x0000025944236d80 Exception <a 'java/lang/NoSuchMethodError'{0x00000000879f04a0}: 'java.lang.Object java.lang.invoke.Invokers$Holder.linkToTargetMethod(java.lang.Object, long, java.lang.Object)'> (0x00000000879f04a0) 
thrown [./open/src/hotspot/share/interpreter/linkResolver.cpp, line 782]
Event: 55.637 Thread 0x0000025944236d80 Exception <a 'java/lang/ClassNotFoundException'{0x00000000872151d8}: sun/util/logging/resources/spi/loggingProvider> (0x00000000872151d8) 
thrown [./open/src/hotspot/share/classfile/systemDictionary.cpp, line 295]

Events (20 events):
Event: 160.193 Executing VM operation: ChangeBreakpoints done
Event: 160.194 Executing VM operation: ChangeBreakpoints
Event: 160.194 Executing VM operation: ChangeBreakpoints done
Event: 160.195 Executing VM operation: ChangeBreakpoints
Event: 160.195 Executing VM operation: ChangeBreakpoints done
Event: 160.195 Executing VM operation: ChangeBreakpoints
Event: 160.195 Executing VM operation: ChangeBreakpoints done
Event: 160.197 Thread 0x0000025943ef5270 Thread exited: 0x0000025943ef5270
Event: 160.284 loading class jdk/internal/misc/Signal$1
Event: 160.285 loading class jdk/internal/misc/Signal$1 done
Event: 160.285 Thread 0x0000025943a994b0 Thread added: 0x0000025943a994b0
Event: 160.286 Thread 0x0000025943a9b660 Thread added: 0x0000025943a9b660
Event: 160.286 Thread 0x0000025943a9bb30 Thread added: 0x0000025943a9bb30
Event: 160.287 loading class com/sun/javafx/tk/quantum/QuantumRenderer
Event: 160.287 loading class com/sun/javafx/tk/quantum/QuantumRenderer done
Event: 160.287 Thread 0x0000025943a9bb30 Thread exited: 0x0000025943a9bb30
Event: 160.288 loading class com/sun/javafx/tk/quantum/QuantumToolkit
Event: 160.288 loading class com/sun/javafx/tk/quantum/QuantumToolkit done
Event: 160.290 Thread 0x0000025943a9b660 Thread exited: 0x0000025943a9b660
Event: 160.290 Executing VM operation: Exit


Dynamic libraries:
0x00007ff7af630000 - 0x00007ff7af63f000 	C:\Program Files\Java\jdk-15.0.1\bin\java.exe
0x00007ffa5e0f0000 - 0x00007ffa5e2e6000 	C:\WINDOWS\SYSTEM32\ntdll.dll
0x00007ffa5de80000 - 0x00007ffa5df3d000 	C:\WINDOWS\System32\KERNEL32.DLL
0x00007ffa5b990000 - 0x00007ffa5bc59000 	C:\WINDOWS\System32\KERNELBASE.dll
0x00007ffa52230000 - 0x00007ffa52248000 	C:\Program Files\Java\jdk-15.0.1\bin\jli.dll
0x00007ffa5c180000 - 0x00007ffa5c22c000 	C:\WINDOWS\System32\ADVAPI32.dll
0x00007ffa5d750000 - 0x00007ffa5d7ee000 	C:\WINDOWS\System32\msvcrt.dll
0x00007ffa5bfd0000 - 0x00007ffa5c0d0000 	C:\WINDOWS\System32\ucrtbase.dll
0x00007ffa5dc30000 - 0x00007ffa5dccc000 	C:\WINDOWS\System32\sechost.dll
0x00007ffa5cbb0000 - 0x00007ffa5ccdb000 	C:\WINDOWS\System32\RPCRT4.dll
0x00007ffa57320000 - 0x00007ffa57339000 	C:\Program Files\Java\jdk-15.0.1\bin\VCRUNTIME140.dll
0x00007ffa5c290000 - 0x00007ffa5c430000 	C:\WINDOWS\System32\USER32.dll
0x00007ffa5bdc0000 - 0x00007ffa5bde2000 	C:\WINDOWS\System32\win32u.dll
0x00007ffa5c430000 - 0x00007ffa5c45a000 	C:\WINDOWS\System32\GDI32.dll
0x00007ffa5b880000 - 0x00007ffa5b98b000 	C:\WINDOWS\System32\gdi32full.dll
0x00007ffa5bdf0000 - 0x00007ffa5be8d000 	C:\WINDOWS\System32\msvcp_win.dll
0x00007ffa50ba0000 - 0x00007ffa50e3b000 	C:\WINDOWS\WinSxS\amd64_microsoft.windows.common-controls_6595b64144ccf1df_6.0.19041.746_none_ca02b4b61b8320a4\COMCTL32.dll
0x00007ffa55610000 - 0x00007ffa5561a000 	C:\WINDOWS\SYSTEM32\VERSION.dll
0x00007ffa5da50000 - 0x00007ffa5da80000 	C:\WINDOWS\System32\IMM32.DLL
0x00007ffa499c0000 - 0x00007ffa499cc000 	C:\Program Files\Java\jdk-15.0.1\bin\vcruntime140_1.dll
0x00007ffa41f60000 - 0x00007ffa41ff1000 	C:\Program Files\Java\jdk-15.0.1\bin\msvcp140.dll
0x00007ffa11e50000 - 0x00007ffa129ae000 	C:\Program Files\Java\jdk-15.0.1\bin\server\jvm.dll
0x00007ffa5d3d0000 - 0x00007ffa5d3d8000 	C:\WINDOWS\System32\PSAPI.DLL
0x00007ffa57380000 - 0x00007ffa57389000 	C:\WINDOWS\SYSTEM32\WSOCK32.dll
0x00007ffa5de00000 - 0x00007ffa5de6b000 	C:\WINDOWS\System32\WS2_32.dll
0x00007ffa53340000 - 0x00007ffa53367000 	C:\WINDOWS\SYSTEM32\WINMM.dll
0x00007ffa59610000 - 0x00007ffa59622000 	C:\WINDOWS\SYSTEM32\kernel.appcore.dll
0x00007ffa499b0000 - 0x00007ffa499ba000 	C:\Program Files\Java\jdk-15.0.1\bin\jimage.dll
0x00007ffa53790000 - 0x00007ffa53974000 	C:\WINDOWS\SYSTEM32\DBGHELP.DLL
0x00007ffa49b60000 - 0x00007ffa49b8c000 	C:\WINDOWS\SYSTEM32\dbgcore.DLL
0x00007ffa5b800000 - 0x00007ffa5b880000 	C:\WINDOWS\System32\bcryptPrimitives.dll
0x00007ffa0afe0000 - 0x00007ffa0b019000 	C:\Program Files\Java\jdk-15.0.1\bin\jdwp.dll
0x00007ffa40280000 - 0x00007ffa4028e000 	C:\Program Files\Java\jdk-15.0.1\bin\instrument.dll
0x00007ffa41f30000 - 0x00007ffa41f55000 	C:\Program Files\Java\jdk-15.0.1\bin\java.dll
0x00007ffa5c460000 - 0x00007ffa5cba2000 	C:\WINDOWS\System32\SHELL32.dll
0x00007ffa598f0000 - 0x00007ffa5a080000 	C:\WINDOWS\SYSTEM32\windows.storage.dll
0x00007ffa5d3e0000 - 0x00007ffa5d736000 	C:\WINDOWS\System32\combase.dll
0x00007ffa5b0c0000 - 0x00007ffa5b0ec000 	C:\WINDOWS\SYSTEM32\Wldp.dll
0x00007ffa5db80000 - 0x00007ffa5dc2e000 	C:\WINDOWS\System32\SHCORE.dll
0x00007ffa5da80000 - 0x00007ffa5dad5000 	C:\WINDOWS\System32\shlwapi.dll
0x00007ffa5b730000 - 0x00007ffa5b756000 	C:\WINDOWS\SYSTEM32\profapi.dll
0x00007ffa42010000 - 0x00007ffa42029000 	C:\Program Files\Java\jdk-15.0.1\bin\net.dll
0x00007ffa501c0000 - 0x00007ffa502c0000 	C:\WINDOWS\SYSTEM32\WINHTTP.dll
0x00007ffa5aeb0000 - 0x00007ffa5af1a000 	C:\WINDOWS\system32\mswsock.dll
0x00007ffa1c850000 - 0x00007ffa1c862000 	C:\Program Files\Java\jdk-15.0.1\bin\nio.dll
0x00007ffa1b160000 - 0x00007ffa1b178000 	C:\Program Files\Java\jdk-15.0.1\bin\zip.dll
0x00007ffa40250000 - 0x00007ffa4025b000 	C:\Program Files\Java\jdk-15.0.1\bin\dt_socket.dll
0x00007ffa5abc0000 - 0x00007ffa5abfb000 	C:\WINDOWS\SYSTEM32\IPHLPAPI.DLL
0x0000025924680000 - 0x0000025924683000 	C:\java\javafx-sdk-11.0.2\bin\api-ms-win-core-console-l1-1-0.dll
0x0000025924690000 - 0x0000025924693000 	C:\java\javafx-sdk-11.0.2\bin\api-ms-win-core-datetime-l1-1-0.dll
0x00000259246a0000 - 0x00000259246a3000 	C:\java\javafx-sdk-11.0.2\bin\api-ms-win-core-debug-l1-1-0.dll
0x00000259246b0000 - 0x00000259246b3000 	C:\java\javafx-sdk-11.0.2\bin\api-ms-win-core-errorhandling-l1-1-0.dll
0x0000025944e70000 - 0x0000025944e74000 	C:\java\javafx-sdk-11.0.2\bin\api-ms-win-core-file-l1-1-0.dll
0x0000025944e80000 - 0x0000025944e83000 	C:\java\javafx-sdk-11.0.2\bin\api-ms-win-core-file-l1-2-0.dll
0x0000025944e90000 - 0x0000025944e93000 	C:\java\javafx-sdk-11.0.2\bin\api-ms-win-core-file-l2-1-0.dll
0x0000025944ea0000 - 0x0000025944ea3000 	C:\java\javafx-sdk-11.0.2\bin\api-ms-win-core-handle-l1-1-0.dll
0x0000025944eb0000 - 0x0000025944eb3000 	C:\java\javafx-sdk-11.0.2\bin\api-ms-win-core-heap-l1-1-0.dll
0x0000025944ec0000 - 0x0000025944ec3000 	C:\java\javafx-sdk-11.0.2\bin\api-ms-win-core-interlocked-l1-1-0.dll
0x0000025944ed0000 - 0x0000025944ed3000 	C:\java\javafx-sdk-11.0.2\bin\api-ms-win-core-libraryloader-l1-1-0.dll
0x0000025944ee0000 - 0x0000025944ee3000 	C:\java\javafx-sdk-11.0.2\bin\api-ms-win-core-localization-l1-2-0.dll
0x0000025944ef0000 - 0x0000025944ef3000 	C:\java\javafx-sdk-11.0.2\bin\api-ms-win-core-memory-l1-1-0.dll
0x0000025944f00000 - 0x0000025944f03000 	C:\java\javafx-sdk-11.0.2\bin\api-ms-win-core-namedpipe-l1-1-0.dll
0x0000025944f10000 - 0x0000025944f13000 	C:\java\javafx-sdk-11.0.2\bin\api-ms-win-core-processenvironment-l1-1-0.dll
0x0000025944f20000 - 0x0000025944f23000 	C:\java\javafx-sdk-11.0.2\bin\api-ms-win-core-processthreads-l1-1-0.dll
0x0000025944f30000 - 0x0000025944f33000 	C:\java\javafx-sdk-11.0.2\bin\api-ms-win-core-processthreads-l1-1-1.dll
0x0000025944f40000 - 0x0000025944f43000 	C:\java\javafx-sdk-11.0.2\bin\api-ms-win-core-profile-l1-1-0.dll
0x0000025944f50000 - 0x0000025944f53000 	C:\java\javafx-sdk-11.0.2\bin\api-ms-win-core-rtlsupport-l1-1-0.dll
0x0000025944f60000 - 0x0000025944f63000 	C:\java\javafx-sdk-11.0.2\bin\api-ms-win-core-string-l1-1-0.dll
0x0000025944f70000 - 0x0000025944f73000 	C:\java\javafx-sdk-11.0.2\bin\api-ms-win-core-synch-l1-1-0.dll
0x0000025944f80000 - 0x0000025944f83000 	C:\java\javafx-sdk-11.0.2\bin\api-ms-win-core-synch-l1-2-0.dll
0x0000025944f90000 - 0x0000025944f93000 	C:\java\javafx-sdk-11.0.2\bin\api-ms-win-core-sysinfo-l1-1-0.dll
0x0000025944fa0000 - 0x0000025944fa3000 	C:\java\javafx-sdk-11.0.2\bin\api-ms-win-core-timezone-l1-1-0.dll
0x0000025944fb0000 - 0x0000025944fb3000 	C:\java\javafx-sdk-11.0.2\bin\api-ms-win-core-util-l1-1-0.dll
0x0000025944fc0000 - 0x0000025944fc3000 	C:\java\javafx-sdk-11.0.2\bin\api-ms-win-crt-conio-l1-1-0.dll
0x0000025944fd0000 - 0x0000025944fd4000 	C:\java\javafx-sdk-11.0.2\bin\api-ms-win-crt-convert-l1-1-0.dll
0x0000025944fe0000 - 0x0000025944fe3000 	C:\java\javafx-sdk-11.0.2\bin\api-ms-win-crt-environment-l1-1-0.dll
0x0000025944ff0000 - 0x0000025944ff3000 	C:\java\javafx-sdk-11.0.2\bin\api-ms-win-crt-filesystem-l1-1-0.dll
0x0000025945000000 - 0x0000025945003000 	C:\java\javafx-sdk-11.0.2\bin\api-ms-win-crt-heap-l1-1-0.dll
0x0000025945010000 - 0x0000025945013000 	C:\java\javafx-sdk-11.0.2\bin\api-ms-win-crt-locale-l1-1-0.dll
0x0000025945020000 - 0x0000025945025000 	C:\java\javafx-sdk-11.0.2\bin\api-ms-win-crt-math-l1-1-0.dll
0x0000025945030000 - 0x0000025945035000 	C:\java\javafx-sdk-11.0.2\bin\api-ms-win-crt-multibyte-l1-1-0.dll
0x0000025945040000 - 0x0000025945050000 	C:\java\javafx-sdk-11.0.2\bin\api-ms-win-crt-private-l1-1-0.dll
0x0000025945050000 - 0x0000025945053000 	C:\java\javafx-sdk-11.0.2\bin\api-ms-win-crt-process-l1-1-0.dll
0x0000025945060000 - 0x0000025945064000 	C:\java\javafx-sdk-11.0.2\bin\api-ms-win-crt-runtime-l1-1-0.dll
0x0000025945070000 - 0x0000025945074000 	C:\java\javafx-sdk-11.0.2\bin\api-ms-win-crt-stdio-l1-1-0.dll
0x0000025945080000 - 0x0000025945084000 	C:\java\javafx-sdk-11.0.2\bin\api-ms-win-crt-string-l1-1-0.dll
0x0000025945090000 - 0x0000025945093000 	C:\java\javafx-sdk-11.0.2\bin\api-ms-win-crt-time-l1-1-0.dll
0x00000259450a0000 - 0x00000259450a3000 	C:\java\javafx-sdk-11.0.2\bin\api-ms-win-crt-utility-l1-1-0.dll
0x00007ffa0b110000 - 0x00007ffa0b20a000 	C:\java\javafx-sdk-11.0.2\bin\ucrtbase.dll
0x00007ffa20430000 - 0x00007ffa20446000 	C:\java\javafx-sdk-11.0.2\bin\vcruntime140.dll
0x00007ffa0b060000 - 0x00007ffa0b106000 	C:\java\javafx-sdk-11.0.2\bin\msvcp140.dll
0x00007ffa1c870000 - 0x00007ffa1c8c1000 	C:\java\javafx-sdk-11.0.2\bin\concrt140.dll
0x00007ffa1dcb0000 - 0x00007ffa1dcd3000 	C:\java\javafx-sdk-11.0.2\bin\prism_d3d.dll
0x00007ffa1b5d0000 - 0x00007ffa1b79f000 	C:\WINDOWS\system32\d3d9.dll
0x00007ffa595e0000 - 0x00007ffa5960f000 	C:\WINDOWS\SYSTEM32\dwmapi.dll
0x00007ffa59250000 - 0x00007ffa592ee000 	C:\WINDOWS\system32\uxtheme.dll
0x00007ffa42a90000 - 0x00007ffa42aa0000 	C:\Program Files\Java\jdk-15.0.1\bin\verify.dll
0x00007ffa0b3a0000 - 0x00007ffa0b3e5000 	C:\java\javafx-sdk-11.0.2\bin\glass.dll
0x00007ffa5df40000 - 0x00007ffa5e01a000 	C:\WINDOWS\System32\COMDLG32.dll
0x00007ffa5dcd0000 - 0x00007ffa5ddfa000 	C:\WINDOWS\System32\ole32.dll
0x00007ffa5d150000 - 0x00007ffa5d21d000 	C:\WINDOWS\System32\OLEAUT32.dll
0x00007ffa5d7f0000 - 0x00007ffa5d905000 	C:\WINDOWS\System32\MSCTF.dll
0x00007ffa1f350000 - 0x00007ffa1f364000 	C:\java\javafx-sdk-11.0.2\bin\javafx_font.dll
0x00007ffa4bcc0000 - 0x00007ffa4bf3f000 	C:\WINDOWS\SYSTEM32\dwrite.dll
0x00007ffa5d910000 - 0x00007ffa5d9b9000 	C:\WINDOWS\System32\clbcatq.dll
0x00007ffa50500000 - 0x00007ffa506b4000 	C:\WINDOWS\SYSTEM32\WindowsCodecs.dll
0x00007ffa5bfa0000 - 0x00007ffa5bfc7000 	C:\WINDOWS\System32\bcrypt.dll
0x00007ffa37fe0000 - 0x00007ffa3801e000 	C:\WINDOWS\system32\dataexchange.dll
0x00007ffa58c10000 - 0x00007ffa58df7000 	C:\WINDOWS\system32\dcomp.dll
0x00007ffa582c0000 - 0x00007ffa58524000 	C:\WINDOWS\system32\d3d11.dll
0x00007ffa5a200000 - 0x00007ffa5a2f3000 	C:\WINDOWS\system32\dxgi.dll
0x00007ffa51b00000 - 0x00007ffa51d01000 	C:\WINDOWS\system32\twinapi.appcore.dll
0x00007ffa0b020000 - 0x00007ffa0b054000 	C:\Program Files\Common Files\Microsoft Shared\Ink\rtscom.dll
0x00007ffa502c0000 - 0x00007ffa503bb000 	C:\WINDOWS\SYSTEM32\textinputframework.dll
0x00007ffa58e00000 - 0x00007ffa58ef2000 	C:\WINDOWS\System32\CoreMessaging.dll
0x00007ffa58530000 - 0x00007ffa5888e000 	C:\WINDOWS\System32\CoreUIComponents.dll
0x00007ffa5a4e0000 - 0x00007ffa5a513000 	C:\WINDOWS\SYSTEM32\ntmarta.dll
0x00007ffa57740000 - 0x00007ffa57894000 	C:\WINDOWS\SYSTEM32\wintypes.dll
0x00007ffa5ac60000 - 0x00007ffa5ad2b000 	C:\WINDOWS\SYSTEM32\DNSAPI.dll
0x00007ffa5de70000 - 0x00007ffa5de78000 	C:\WINDOWS\System32\NSI.dll
0x00007ffa50070000 - 0x00007ffa5007a000 	C:\Windows\System32\rasadhlp.dll
0x00007ffa50480000 - 0x00007ffa504ff000 	C:\WINDOWS\System32\fwpuclnt.dll

dbghelp: loaded successfully - version: 4.0.5 - missing functions: none
symbol engine: initialized successfully - sym options: 0x614 - pdb path: .;C:\Program Files\Java\jdk-15.0.1\bin;C:\WINDOWS\SYSTEM32;C:\WINDOWS\WinSxS\amd64_microsoft.windows.common-controls_6595b64144ccf1df_6.0.19041.746_none_ca02b4b61b8320a4;C:\Program Files\Java\jdk-15.0.1\bin\server;C:\java\javafx-sdk-11.0.2\bin;C:\Program Files\Common Files\Microsoft Shared\Ink

VM Arguments:
jvm_args: -agentlib:jdwp=transport=dt_socket,address=127.0.0.1:52855,suspend=y,server=n --module-path=/java/javafx-sdk-11.0.2/lib --add-modules=javafx.controls,javafx.fxml -javaagent:C:\Users\ginat\AppData\Local\JetBrains\IdeaIC2020.3\captureAgent\debugger-agent.jar -Dfile.encoding=UTF-8 
java_command: sample.Main
java_class_path (initial): C:\Users\ginat\Desktop\My_perositories\lerning_java\ClientOnJavaFX\out\production\ClientOnJavaFX;C:\java\javafx-sdk-11.0.2\lib\src.zip;C:\java\javafx-sdk-11.0.2\lib\javafx-swt.jar;C:\java\javafx-sdk-11.0.2\lib\javafx.web.jar;C:\java\javafx-sdk-11.0.2\lib\javafx.base.jar;C:\java\javafx-sdk-11.0.2\lib\javafx.fxml.jar;C:\java\javafx-sdk-11.0.2\lib\javafx.media.jar;C:\java\javafx-sdk-11.0.2\lib\javafx.swing.jar;C:\java\javafx-sdk-11.0.2\lib\javafx.controls.jar;C:\java\javafx-sdk-11.0.2\lib\javafx.graphics.jar;C:\Program Files\JetBrains\IntelliJ IDEA Community Edition 2020.2.3\lib\idea_rt.jar
Launcher Type: SUN_STANDARD

[Global flags]
     intx CICompilerCount                          = 3                                         {product} {ergonomic}
     uint ConcGCThreads                            = 1                                         {product} {ergonomic}
     uint G1ConcRefinementThreads                  = 4                                         {product} {ergonomic}
   size_t G1HeapRegionSize                         = 1048576                                   {product} {ergonomic}
    uintx GCDrainStackTargetSize                   = 64                                        {product} {ergonomic}
   size_t InitialHeapSize                          = 134217728                                 {product} {ergonomic}
   size_t MarkStackSize                            = 4194304                                   {product} {ergonomic}
   size_t MaxHeapSize                              = 2120220672                                {product} {ergonomic}
   size_t MaxNewSize                               = 1271922688                                {product} {ergonomic}
   size_t MinHeapDeltaBytes                        = 1048576                                   {product} {ergonomic}
   size_t MinHeapSize                              = 8388608                                   {product} {ergonomic}
    uintx NonNMethodCodeHeapSize                   = 5832780                                {pd product} {ergonomic}
    uintx NonProfiledCodeHeapSize                  = 122912730                              {pd product} {ergonomic}
    uintx ProfiledCodeHeapSize                     = 122912730                              {pd product} {ergonomic}
    uintx ReservedCodeCacheSize                    = 251658240                              {pd product} {ergonomic}
     bool SegmentedCodeCache                       = true                                      {product} {ergonomic}
   size_t SoftMaxHeapSize                          = 2120220672                             {manageable} {ergonomic}
     bool UseCompressedClassPointers               = true                                 {lp64_product} {ergonomic}
     bool UseCompressedOops                        = true                                 {lp64_product} {ergonomic}
     bool UseG1GC                                  = true                                      {product} {ergonomic}
     bool UseLargePagesIndividualAllocation        = false                                  {pd product} {ergonomic}

Logging:
Log output configuration:
 #0: stdout all=off uptime,level,tags
 #1: stderr all=off uptime,level,tags

Environment Variables:
PATH=C:\Program Files\Common Files\Oracle\Java\javapath;C:\WINDOWS\system32;C:\WINDOWS;C:\WINDOWS\System32\Wbem;C:\WINDOWS\System32\WindowsPowerShell\v1.0\;C:\WINDOWS\System32\OpenSSH\;C:\Program Files \Git\bin .;C:\Program Files\PuTTY\;C:\ProgramData\chocolatey\bin;C:\Program Files\Git\cmd;C:\Program Files\Docker\Docker\resources\bin;C:\ProgramData\DockerDesktop\version-bin;C:\maven\apache-maven-3.6.3\bin;C:\Users\ginat\AppData\Local\Programs\Microsoft VS Code\bin
USERNAME=ginat
OS=Windows_NT
PROCESSOR_IDENTIFIER=Intel64 Family 6 Model 58 Stepping 9, GenuineIntel



---------------  S Y S T E M  ---------------

OS:
 Windows 10 , 64 bit Build 19041 (10.0.19041.804)
OS uptime: 0 days 12:06 hours
HyperV virtualization detected

CPU: total 4 (initial active 4) (2 cores per cpu, 2 threads per core) family 6 model 58 stepping 9 microcode 0x21, cmov, cx8, fxsr, mmx, sse, sse2, sse3, ssse3, sse4.1, sse4.2, popcnt, vzeroupper, avx, aes, clmul, erms, ht, tsc, tscinvbit, tscinv, clflush

Memory: 4k page, system-wide physical 8081M (4100M free)
TotalPageFile size 18351M (AvailPageFile size 11334M)
current process WorkingSet (physical memory assigned to process): 127M, peak: 149M
current process commit charge ("private bytes"): 234M, peak: 272M

vm_info: Java HotSpot(TM) 64-Bit Server VM (15.0.1+9-18) for windows-amd64 JRE (15.0.1+9-18), built on Sep 15 2020 14:43:54 by "mach5one" with unknown MS VC++:1925

END.
