#
# A fatal error has been detected by the Java Runtime Environment:
#
#  EXCEPTION_ACCESS_VIOLATION (0xc0000005) at pc=0x00007ffa0b036730, pid=119628, tid=119824
#
# JRE version: Java(TM) SE Runtime Environment (15.0.1+9) (build 15.0.1+9-18)
# Java VM: Java HotSpot(TM) 64-Bit Server VM (15.0.1+9-18, mixed mode, sharing, tiered, compressed oops, g1 gc, windows-amd64)
# Problematic frame:
# C  [glass.dll+0x26730]
#
# No core dump will be written. Minidumps are not enabled by default on client versions of Windows
#
# If you would like to submit a bug report, please visit:
#   https://bugreport.java.com/bugreport/crash.jsp
#

---------------  S U M M A R Y ------------

Command Line: -agentlib:jdwp=transport=dt_socket,address=127.0.0.1:52785,suspend=y,server=n --module-path=/java/javafx-sdk-11.0.2/lib --add-modules=javafx.controls,javafx.fxml -javaagent:C:\Users\ginat\AppData\Local\JetBrains\IdeaIC2020.3\captureAgent\debugger-agent.jar -Dfile.encoding=UTF-8 sample.Main

Host: Intel(R) Core(TM) i5-3337U CPU @ 1.80GHz, 4 cores, 7G,  Windows 10 , 64 bit Build 19041 (10.0.19041.804)
Time: Sat Feb 27 11:31:19 2021 RTZ 4 (зима) elapsed time: 108.161958 seconds (0d 0h 1m 48s)

---------------  T H R E A D  ---------------

Current thread (0x000001516ecb7360):  VMThread "VM Thread" [stack: 0x00000036eba00000,0x00000036ebb00000] [id=119824]

Stack: [0x00000036eba00000,0x00000036ebb00000],  sp=0x00000036ebaff210,  free space=1020k
Native frames: (J=compiled Java code, j=interpreted, Vv=VM code, C=native code)
C  [glass.dll+0x26730]


siginfo: EXCEPTION_ACCESS_VIOLATION (0xc0000005), reading address 0x0000000000000000


Register to memory mapping:

RIP=0x00007ffa0b036730 glass.dll
RAX=0x0 is NULL
RBX=0x0000015171a94a48 is a global jni handle
RCX=0x000001516ecb7360 points into unknown readable memory: 0x00007ffa12754238 | 38 42 75 12 fa 7f 00 00
RDX=0x00000036ebaff210 points into unknown readable memory: 0x0000000000000000 | 00 00 00 00 00 00 00 00
RSP=0x00000036ebaff210 points into unknown readable memory: 0x0000000000000000 | 00 00 00 00 00 00 00 00
RBP=0x000001516ff0b948 points into unknown readable memory: 0x00004d28a5906cea | ea 6c 90 a5 28 4d 00 00
RSI=0x000001516ff0b920 points into unknown readable memory: 0x0cdb2d28a46f84c6 | c6 84 6f a4 28 2d db 0c
RDI=0x00004d28a5906cea is an unknown value
R8 =0x0000000000010002 is an unknown value
R9 =0x00004d28a5906cea is an unknown value
R10=0x0000000000008000 is an unknown value
R11=0x00000036ebaff1b0 points into unknown readable memory: 0x000001516ff0b920 | 20 b9 f0 6f 51 01 00 00
R12=0x00007ffa0b033be0 glass.dll
R13=0x0000015150af7400 points into unknown readable memory: 0x8000000900000001 | 01 00 00 00 09 00 00 80
R14=0x00000036ebaff318 points into unknown readable memory: 0x00000036ebaff300 | 00 f3 af eb 36 00 00 00
R15=0x000001516ff0b920 points into unknown readable memory: 0x0cdb2d28a46f84c6 | c6 84 6f a4 28 2d db 0c


Registers:
RAX=0x0000000000000000, RBX=0x0000015171a94a48, RCX=0x000001516ecb7360, RDX=0x00000036ebaff210
RSP=0x00000036ebaff210, RBP=0x000001516ff0b948, RSI=0x000001516ff0b920, RDI=0x00004d28a5906cea
R8 =0x0000000000010002, R9 =0x00004d28a5906cea, R10=0x0000000000008000, R11=0x00000036ebaff1b0
R12=0x00007ffa0b033be0, R13=0x0000015150af7400, R14=0x00000036ebaff318, R15=0x000001516ff0b920
RIP=0x00007ffa0b036730, EFLAGS=0x0000000000010202

Top of Stack: (sp=0x00000036ebaff210)
0x00000036ebaff210:   0000000000000000 00007ffa5bfdf05b
0x00000036ebaff220:   000001516ff0b930 000001516ff0b920
0x00000036ebaff230:   fffffffffffffffe 00007ffa0b033be0
0x00000036ebaff240:   000001516ff0b928 00007ffa5bfe42d6
0x00000036ebaff250:   000001516ff0b930 0000015100000000
0x00000036ebaff260:   000001516ff0b948 000001516ff0b920
0x00000036ebaff270:   fffffffffffffffe 0000000000000000
0x00000036ebaff280:   0000000000000001 00007ffa0b010000
0x00000036ebaff290:   00000036ebaff308 00007ffa5bfe41fb
0x00000036ebaff2a0:   0000000000000000 00000036ebaff318
0x00000036ebaff2b0:   00000036ebaff5d0 00007ffa5c0c0e40
0x00000036ebaff2c0:   0000000000000001 00007ffa5bfe41b4
0x00000036ebaff2d0:   0000000000000000 0000000000000001
0x00000036ebaff2e0:   0000015170660ff0 00000036ebaff308
0x00000036ebaff2f0:   0000000000000000 00007ffa0b033a60
0x00000036ebaff300:   00007ffa0b04d100 00007ffa00000002 

Instructions: (pc=0x00007ffa0b036730)
0x00007ffa0b036630:   8b 4d 60 e8 d8 c9 ff ff 48 8b 55 68 48 8b 8d 08
0x00007ffa0b036640:   01 00 00 e8 a9 be ff ff 33 d2 33 c9 e8 a9 de ff
0x00007ffa0b036650:   ff 90 cc cc cc cc cc cc cc cc cc cc cc cc cc cc
0x00007ffa0b036660:   48 8d 8a 80 00 00 00 e9 14 ea fe ff 48 89 54 24
0x00007ffa0b036670:   10 55 48 83 ec 20 48 8b ea 48 8d 05 1d cb ff ff
0x00007ffa0b036680:   48 83 c4 20 5d c3 cc 40 55 48 8b ea 48 8b 01 33
0x00007ffa0b036690:   c9 81 38 05 00 00 c0 0f 94 c1 8b c1 5d c3 cc 40
0x00007ffa0b0366a0:   55 48 83 ec 20 48 8b ea 8a 4d 40 48 83 c4 20 5d
0x00007ffa0b0366b0:   e9 23 ce ff ff cc 40 55 48 83 ec 20 48 8b ea e8
0x00007ffa0b0366c0:   3c cc ff ff 8a 4d 38 48 83 c4 20 5d e9 07 ce ff
0x00007ffa0b0366d0:   ff cc 40 55 48 83 ec 30 48 8b ea 48 8b 01 8b 10
0x00007ffa0b0366e0:   48 89 4c 24 28 89 54 24 20 4c 8d 0d d0 d1 ff ff
0x00007ffa0b0366f0:   4c 8b 45 70 8b 55 68 48 8b 4d 60 e8 70 cb ff ff
0x00007ffa0b036700:   90 48 83 c4 30 5d c3 cc cc cc cc cc cc cc cc cc
0x00007ffa0b036710:   40 53 48 83 ec 30 48 c7 44 24 20 fe ff ff ff 48
0x00007ffa0b036720:   8b 1d ea 63 01 00 48 85 db 74 16 e8 90 86 ff ff
0x00007ffa0b036730:   4c 8b 00 48 8b d3 48 8b c8 41 ff 90 b0 00 00 00
0x00007ffa0b036740:   90 48 83 c4 30 5b c3 cc cc cc cc cc cc cc cc cc
0x00007ffa0b036750:   40 53 48 83 ec 20 48 8b 1d 4b 65 01 00 48 85 db
0x00007ffa0b036760:   74 57 b8 ff ff ff ff f0 0f c1 43 10 83 f8 01 75
0x00007ffa0b036770:   3d 48 85 db 74 38 48 8b 0b 48 85 c9 74 0d ff 15
0x00007ffa0b036780:   24 0b 00 00 48 c7 03 00 00 00 00 48 8b 4b 08 48
0x00007ffa0b036790:   85 c9 74 0d e8 77 c8 ff ff 48 c7 43 08 00 00 00
0x00007ffa0b0367a0:   00 ba 18 00 00 00 48 8b cb e8 62 c8 ff ff 48 c7
0x00007ffa0b0367b0:   05 ef 64 01 00 00 00 00 00 48 83 c4 20 5b c3 cc
0x00007ffa0b0367c0:   40 53 48 83 ec 20 48 8b 1d bb 64 01 00 48 85 db
0x00007ffa0b0367d0:   74 57 b8 ff ff ff ff f0 0f c1 43 10 83 f8 01 75
0x00007ffa0b0367e0:   3d 48 85 db 74 38 48 8b 0b 48 85 c9 74 0d ff 15
0x00007ffa0b0367f0:   b4 0a 00 00 48 c7 03 00 00 00 00 48 8b 4b 08 48
0x00007ffa0b036800:   85 c9 74 0d e8 07 c8 ff ff 48 c7 43 08 00 00 00
0x00007ffa0b036810:   00 ba 18 00 00 00 48 8b cb e8 f2 c7 ff ff 48 c7
0x00007ffa0b036820:   05 5f 64 01 00 00 00 00 00 48 83 c4 20 5b c3 cc 


Stack slot to memory mapping:
stack at sp + 0 slots: 0x0 is NULL
stack at sp + 1 slots: 0x00007ffa5bfdf05b ucrtbase.dll
stack at sp + 2 slots: 0x000001516ff0b930 points into unknown readable memory: 0x00004d28a5906cea | ea 6c 90 a5 28 4d 00 00
stack at sp + 3 slots: 0x000001516ff0b920 points into unknown readable memory: 0x0cdb2d28a46f84c6 | c6 84 6f a4 28 2d db 0c
stack at sp + 4 slots: 0xfffffffffffffffe is an unknown value
stack at sp + 5 slots: 0x00007ffa0b033be0 glass.dll
stack at sp + 6 slots: 0x000001516ff0b928 points into unknown readable memory: 0x00004d28a5906cea | ea 6c 90 a5 28 4d 00 00
stack at sp + 7 slots: 0x00007ffa5bfe42d6 ucrtbase.dll

VM_Operation (0x00000036eb1feea0): Exit, mode: safepoint, requested by thread 0x0000015171b8e810


---------------  P R O C E S S  ---------------

Threads class SMR info:
_java_thread_list=0x0000015171df87d0, length=21, elements={
0x0000015150a91c90, 0x000001516ecbb2a0, 0x000001516ecbbd80, 0x000001516ecd5220,
0x000001516ecd8c00, 0x000001516ecdbc70, 0x000001516ece05b0, 0x000001516ece1700,
0x000001516ecec720, 0x0000015150b6c2b0, 0x00000151703876e0, 0x000001517004a290,
0x00000151700498f0, 0x000001517004a760, 0x0000015170049dc0, 0x000001517004ac30,
0x000001517004b100, 0x000001517004baa0, 0x0000015170048f50, 0x0000015171b8e340,
0x0000015171b8e810
}

Java Threads: ( => current thread )
  0x0000015150a91c90 JavaThread "main" [_thread_blocked, id=119768, stack(0x00000036eb400000,0x00000036eb500000)]
  0x000001516ecbb2a0 JavaThread "Reference Handler" daemon [_thread_blocked, id=119832, stack(0x00000036ebb00000,0x00000036ebc00000)]
  0x000001516ecbbd80 JavaThread "Finalizer" daemon [_thread_blocked, id=119836, stack(0x00000036ebc00000,0x00000036ebd00000)]
  0x000001516ecd5220 JavaThread "Signal Dispatcher" daemon [_thread_blocked, id=119840, stack(0x00000036ebd00000,0x00000036ebe00000)]
  0x000001516ecd8c00 JavaThread "Attach Listener" daemon [_thread_blocked, id=119844, stack(0x00000036ebe00000,0x00000036ebf00000)]
  0x000001516ecdbc70 JavaThread "Service Thread" daemon [_thread_blocked, id=119848, stack(0x00000036ebf00000,0x00000036ec000000)]
  0x000001516ece05b0 JavaThread "C2 CompilerThread0" daemon [_thread_blocked, id=119852, stack(0x00000036ec000000,0x00000036ec100000)]
  0x000001516ece1700 JavaThread "C1 CompilerThread0" daemon [_thread_blocked, id=119856, stack(0x00000036ec100000,0x00000036ec200000)]
  0x000001516ecec720 JavaThread "Sweeper thread" daemon [_thread_blocked, id=119860, stack(0x00000036ec200000,0x00000036ec300000)]
  0x0000015150b6c2b0 JavaThread "Common-Cleaner" daemon [_thread_blocked, id=119872, stack(0x00000036ec300000,0x00000036ec400000)]
  0x00000151703876e0 JavaThread "JDWP Event Helper Thread" daemon [_thread_blocked, id=119892, stack(0x00000036ec600000,0x00000036ec700000)]
  0x000001517004a290 JavaThread "Notification Thread" daemon [_thread_blocked, id=119916, stack(0x00000036ec400000,0x00000036ec500000)]
  0x00000151700498f0 JavaThread "QuantumRenderer-0" daemon [_thread_blocked, id=119940, stack(0x00000036ecb00000,0x00000036ecc00000)]
  0x000001517004a760 JavaThread "InvokeLaterDispatcher" daemon [_thread_blocked, id=119948, stack(0x00000036ecc00000,0x00000036ecd00000)]
  0x0000015170049dc0 JavaThread "JavaFX Application Thread" [_thread_in_native, id=119952, stack(0x00000036ecd00000,0x00000036ece00000)]
  0x000001517004ac30 JavaThread "JavaFX-Launcher" [_thread_blocked, id=119992, stack(0x00000036ed200000,0x00000036ed300000)]
  0x000001517004b100 JavaThread "Thread-2" daemon [_thread_in_native, id=119988, stack(0x00000036ed100000,0x00000036ed200000)]
  0x000001517004baa0 JavaThread "Prism Font Disposer" daemon [_thread_blocked, id=120068, stack(0x00000036ed800000,0x00000036ed900000)]
  0x0000015170048f50 JavaThread "Thread-3" [_thread_blocked, id=120100, stack(0x00000036ed900000,0x00000036eda00000)]
  0x0000015171b8e340 JavaThread "Cleaner-0" daemon [_thread_blocked, id=120132, stack(0x00000036edb00000,0x00000036edc00000)]
  0x0000015171b8e810 JavaThread "SIGINT handler" daemon [_thread_blocked, id=122304, stack(0x00000036eb100000,0x00000036eb200000)]

Other Threads:
=>0x000001516ecb7360 VMThread "VM Thread" [stack: 0x00000036eba00000,0x00000036ebb00000] [id=119824]
  0x0000015150ad0ea0 GCTaskThread "GC Thread#0" [stack: 0x00000036eb500000,0x00000036eb600000] [id=119796]
  0x000001516ff9ff50 GCTaskThread "GC Thread#1" [stack: 0x00000036ec900000,0x00000036eca00000] [id=119932]
  0x000001516ffa08e0 GCTaskThread "GC Thread#2" [stack: 0x00000036eca00000,0x00000036ecb00000] [id=119936]
  0x000001516ffa0c10 GCTaskThread "GC Thread#3" [stack: 0x00000036ed300000,0x00000036ed400000] [id=120008]
  0x0000015150ae3c60 ConcurrentGCThread "G1 Main Marker" [stack: 0x00000036eb600000,0x00000036eb700000] [id=119800]
  0x0000015150ae4760 ConcurrentGCThread "G1 Conc#0" [stack: 0x00000036eb700000,0x00000036eb800000] [id=119804]
  0x0000015150b5cb00 ConcurrentGCThread "G1 Refine#0" [stack: 0x00000036eb800000,0x00000036eb900000] [id=113500]
  0x0000015150b5d610 ConcurrentGCThread "G1 Young RemSet Sampling" [stack: 0x00000036eb900000,0x00000036eba00000] [id=119812]

Threads with active compile tasks:
C1 CompilerThread0  
[error occurred during error reporting (printing all threads), id 0xc0000005, EXCEPTION_ACCESS_VIOLATION (0xc0000005) at pc=0x00007ffa125a0253]

VM state: at safepoint (shutting down)

VM Mutex/Monitor currently owned by a thread:  ([mutex/lock_event])
[0x0000015150a8c5e0] Threads_lock - owner thread: 0x000001516ecb7360
[0x0000015150a8c280] Heap_lock - owner thread: 0x0000015171b8e810

Heap address: 0x0000000081a00000, size: 2022 MB, Compressed Oops mode: 32-bit
CDS archive(s) mapped at: [0x0000000800000000-0x0000000800b50000-0x0000000800b50000), size 11862016, SharedBaseAddress: 0x0000000800000000, ArchiveRelocationMode: 0.
Compressed class space mapped at: 0x0000000800b50000-0x0000000840b50000, size: 1073741824
Narrow klass base: 0x0000000800000000, Narrow klass shift: 3, Narrow klass range: 0x100000000

GC Precious Log:
 CPUs: 4 total, 4 available
 Memory: 8081M
 Large Page Support: Disabled
 NUMA Support: Disabled
 Compressed Oops: Enabled (32-bit)
 Heap Region Size: 1M
 Heap Min Capacity: 8M
 Heap Initial Capacity: 128M
 Heap Max Capacity: 2022M
 Pre-touch: Disabled
 Parallel Workers: 4
 Concurrent Workers: 1
 Concurrent Refinement Workers: 4
 Periodic GC: Disabled

Heap:
 garbage-first heap   total 131072K, used 52823K [0x0000000081a00000, 0x0000000100000000)
  region size 1024K, 48 young (49152K), 2 survivors (2048K)
 Metaspace       used 16850K, capacity 17127K, committed 17152K, reserved 1064960K
  class space    used 2219K, capacity 2297K, committed 2304K, reserved 1048576K

Heap Regions: E=young(eden), S=young(survivor), O=old, HS=humongous(starts), HC=humongous(continues), CS=collection set, F=free, OA=open archive, CA=closed archive, TAMS=top-at-mark-start (previous, next)
|   0|0x0000000081a00000, 0x0000000081b00000, 0x0000000081b00000|100%| O|  |TAMS 0x0000000081a00000, 0x0000000081a00000| Untracked 
|   1|0x0000000081b00000, 0x0000000081c00000, 0x0000000081c00000|100%| O|  |TAMS 0x0000000081b00000, 0x0000000081b00000| Untracked 
|   2|0x0000000081c00000, 0x0000000081cc1600, 0x0000000081d00000| 75%| O|  |TAMS 0x0000000081c00000, 0x0000000081c00000| Untracked 
|   3|0x0000000081d00000, 0x0000000081e00000, 0x0000000081e00000|100%|HS|  |TAMS 0x0000000081d00000, 0x0000000081d00000| Complete 
|   4|0x0000000081e00000, 0x0000000081f00000, 0x0000000081f00000|100%|HC|  |TAMS 0x0000000081e00000, 0x0000000081e00000| Complete 
|   5|0x0000000081f00000, 0x0000000081f00000, 0x0000000082000000|  0%| F|  |TAMS 0x0000000081f00000, 0x0000000081f00000| Untracked 
|   6|0x0000000082000000, 0x0000000082000000, 0x0000000082100000|  0%| F|  |TAMS 0x0000000082000000, 0x0000000082000000| Untracked 
|   7|0x0000000082100000, 0x0000000082100000, 0x0000000082200000|  0%| F|  |TAMS 0x0000000082100000, 0x0000000082100000| Untracked 
|   8|0x0000000082200000, 0x0000000082200000, 0x0000000082300000|  0%| F|  |TAMS 0x0000000082200000, 0x0000000082200000| Untracked 
|   9|0x0000000082300000, 0x0000000082300000, 0x0000000082400000|  0%| F|  |TAMS 0x0000000082300000, 0x0000000082300000| Untracked 
|  10|0x0000000082400000, 0x0000000082400000, 0x0000000082500000|  0%| F|  |TAMS 0x0000000082400000, 0x0000000082400000| Untracked 
|  11|0x0000000082500000, 0x0000000082500000, 0x0000000082600000|  0%| F|  |TAMS 0x0000000082500000, 0x0000000082500000| Untracked 
|  12|0x0000000082600000, 0x0000000082600000, 0x0000000082700000|  0%| F|  |TAMS 0x0000000082600000, 0x0000000082600000| Untracked 
|  13|0x0000000082700000, 0x0000000082700000, 0x0000000082800000|  0%| F|  |TAMS 0x0000000082700000, 0x0000000082700000| Untracked 
|  14|0x0000000082800000, 0x0000000082800000, 0x0000000082900000|  0%| F|  |TAMS 0x0000000082800000, 0x0000000082800000| Untracked 
|  15|0x0000000082900000, 0x0000000082900000, 0x0000000082a00000|  0%| F|  |TAMS 0x0000000082900000, 0x0000000082900000| Untracked 
|  16|0x0000000082a00000, 0x0000000082a00000, 0x0000000082b00000|  0%| F|  |TAMS 0x0000000082a00000, 0x0000000082a00000| Untracked 
|  17|0x0000000082b00000, 0x0000000082b00000, 0x0000000082c00000|  0%| F|  |TAMS 0x0000000082b00000, 0x0000000082b00000| Untracked 
|  18|0x0000000082c00000, 0x0000000082c00000, 0x0000000082d00000|  0%| F|  |TAMS 0x0000000082c00000, 0x0000000082c00000| Untracked 
|  19|0x0000000082d00000, 0x0000000082d00000, 0x0000000082e00000|  0%| F|  |TAMS 0x0000000082d00000, 0x0000000082d00000| Untracked 
|  20|0x0000000082e00000, 0x0000000082e00000, 0x0000000082f00000|  0%| F|  |TAMS 0x0000000082e00000, 0x0000000082e00000| Untracked 
|  21|0x0000000082f00000, 0x0000000082f00000, 0x0000000083000000|  0%| F|  |TAMS 0x0000000082f00000, 0x0000000082f00000| Untracked 
|  22|0x0000000083000000, 0x0000000083000000, 0x0000000083100000|  0%| F|  |TAMS 0x0000000083000000, 0x0000000083000000| Untracked 
|  23|0x0000000083100000, 0x0000000083100000, 0x0000000083200000|  0%| F|  |TAMS 0x0000000083100000, 0x0000000083100000| Untracked 
|  24|0x0000000083200000, 0x0000000083200000, 0x0000000083300000|  0%| F|  |TAMS 0x0000000083200000, 0x0000000083200000| Untracked 
|  25|0x0000000083300000, 0x0000000083300000, 0x0000000083400000|  0%| F|  |TAMS 0x0000000083300000, 0x0000000083300000| Untracked 
|  26|0x0000000083400000, 0x0000000083400000, 0x0000000083500000|  0%| F|  |TAMS 0x0000000083400000, 0x0000000083400000| Untracked 
|  27|0x0000000083500000, 0x0000000083500000, 0x0000000083600000|  0%| F|  |TAMS 0x0000000083500000, 0x0000000083500000| Untracked 
|  28|0x0000000083600000, 0x0000000083600000, 0x0000000083700000|  0%| F|  |TAMS 0x0000000083600000, 0x0000000083600000| Untracked 
|  29|0x0000000083700000, 0x0000000083700000, 0x0000000083800000|  0%| F|  |TAMS 0x0000000083700000, 0x0000000083700000| Untracked 
|  30|0x0000000083800000, 0x0000000083800000, 0x0000000083900000|  0%| F|  |TAMS 0x0000000083800000, 0x0000000083800000| Untracked 
|  31|0x0000000083900000, 0x0000000083900000, 0x0000000083a00000|  0%| F|  |TAMS 0x0000000083900000, 0x0000000083900000| Untracked 
|  32|0x0000000083a00000, 0x0000000083a00000, 0x0000000083b00000|  0%| F|  |TAMS 0x0000000083a00000, 0x0000000083a00000| Untracked 
|  33|0x0000000083b00000, 0x0000000083b00000, 0x0000000083c00000|  0%| F|  |TAMS 0x0000000083b00000, 0x0000000083b00000| Untracked 
|  34|0x0000000083c00000, 0x0000000083c00000, 0x0000000083d00000|  0%| F|  |TAMS 0x0000000083c00000, 0x0000000083c00000| Untracked 
|  35|0x0000000083d00000, 0x0000000083d00000, 0x0000000083e00000|  0%| F|  |TAMS 0x0000000083d00000, 0x0000000083d00000| Untracked 
|  36|0x0000000083e00000, 0x0000000083e00000, 0x0000000083f00000|  0%| F|  |TAMS 0x0000000083e00000, 0x0000000083e00000| Untracked 
|  37|0x0000000083f00000, 0x0000000083f00000, 0x0000000084000000|  0%| F|  |TAMS 0x0000000083f00000, 0x0000000083f00000| Untracked 
|  38|0x0000000084000000, 0x0000000084000000, 0x0000000084100000|  0%| F|  |TAMS 0x0000000084000000, 0x0000000084000000| Untracked 
|  39|0x0000000084100000, 0x0000000084100000, 0x0000000084200000|  0%| F|  |TAMS 0x0000000084100000, 0x0000000084100000| Untracked 
|  40|0x0000000084200000, 0x0000000084200000, 0x0000000084300000|  0%| F|  |TAMS 0x0000000084200000, 0x0000000084200000| Untracked 
|  41|0x0000000084300000, 0x0000000084300000, 0x0000000084400000|  0%| F|  |TAMS 0x0000000084300000, 0x0000000084300000| Untracked 
|  42|0x0000000084400000, 0x0000000084400000, 0x0000000084500000|  0%| F|  |TAMS 0x0000000084400000, 0x0000000084400000| Untracked 
|  43|0x0000000084500000, 0x0000000084500000, 0x0000000084600000|  0%| F|  |TAMS 0x0000000084500000, 0x0000000084500000| Untracked 
|  44|0x0000000084600000, 0x0000000084600000, 0x0000000084700000|  0%| F|  |TAMS 0x0000000084600000, 0x0000000084600000| Untracked 
|  45|0x0000000084700000, 0x0000000084700000, 0x0000000084800000|  0%| F|  |TAMS 0x0000000084700000, 0x0000000084700000| Untracked 
|  46|0x0000000084800000, 0x0000000084800000, 0x0000000084900000|  0%| F|  |TAMS 0x0000000084800000, 0x0000000084800000| Untracked 
|  47|0x0000000084900000, 0x0000000084900000, 0x0000000084a00000|  0%| F|  |TAMS 0x0000000084900000, 0x0000000084900000| Untracked 
|  48|0x0000000084a00000, 0x0000000084a00000, 0x0000000084b00000|  0%| F|  |TAMS 0x0000000084a00000, 0x0000000084a00000| Untracked 
|  49|0x0000000084b00000, 0x0000000084b00000, 0x0000000084c00000|  0%| F|  |TAMS 0x0000000084b00000, 0x0000000084b00000| Untracked 
|  50|0x0000000084c00000, 0x0000000084c00000, 0x0000000084d00000|  0%| F|  |TAMS 0x0000000084c00000, 0x0000000084c00000| Untracked 
|  51|0x0000000084d00000, 0x0000000084d00000, 0x0000000084e00000|  0%| F|  |TAMS 0x0000000084d00000, 0x0000000084d00000| Untracked 
|  52|0x0000000084e00000, 0x0000000084e00000, 0x0000000084f00000|  0%| F|  |TAMS 0x0000000084e00000, 0x0000000084e00000| Untracked 
|  53|0x0000000084f00000, 0x0000000084f00000, 0x0000000085000000|  0%| F|  |TAMS 0x0000000084f00000, 0x0000000084f00000| Untracked 
|  54|0x0000000085000000, 0x0000000085000000, 0x0000000085100000|  0%| F|  |TAMS 0x0000000085000000, 0x0000000085000000| Untracked 
|  55|0x0000000085100000, 0x0000000085100000, 0x0000000085200000|  0%| F|  |TAMS 0x0000000085100000, 0x0000000085100000| Untracked 
|  56|0x0000000085200000, 0x0000000085200000, 0x0000000085300000|  0%| F|  |TAMS 0x0000000085200000, 0x0000000085200000| Untracked 
|  57|0x0000000085300000, 0x0000000085300000, 0x0000000085400000|  0%| F|  |TAMS 0x0000000085300000, 0x0000000085300000| Untracked 
|  58|0x0000000085400000, 0x0000000085400000, 0x0000000085500000|  0%| F|  |TAMS 0x0000000085400000, 0x0000000085400000| Untracked 
|  59|0x0000000085500000, 0x0000000085500000, 0x0000000085600000|  0%| F|  |TAMS 0x0000000085500000, 0x0000000085500000| Untracked 
|  60|0x0000000085600000, 0x0000000085600000, 0x0000000085700000|  0%| F|  |TAMS 0x0000000085600000, 0x0000000085600000| Untracked 
|  61|0x0000000085700000, 0x0000000085700000, 0x0000000085800000|  0%| F|  |TAMS 0x0000000085700000, 0x0000000085700000| Untracked 
|  62|0x0000000085800000, 0x0000000085800000, 0x0000000085900000|  0%| F|  |TAMS 0x0000000085800000, 0x0000000085800000| Untracked 
|  63|0x0000000085900000, 0x0000000085900000, 0x0000000085a00000|  0%| F|  |TAMS 0x0000000085900000, 0x0000000085900000| Untracked 
|  64|0x0000000085a00000, 0x0000000085a00000, 0x0000000085b00000|  0%| F|  |TAMS 0x0000000085a00000, 0x0000000085a00000| Untracked 
|  65|0x0000000085b00000, 0x0000000085b00000, 0x0000000085c00000|  0%| F|  |TAMS 0x0000000085b00000, 0x0000000085b00000| Untracked 
|  66|0x0000000085c00000, 0x0000000085c00000, 0x0000000085d00000|  0%| F|  |TAMS 0x0000000085c00000, 0x0000000085c00000| Untracked 
|  67|0x0000000085d00000, 0x0000000085d00000, 0x0000000085e00000|  0%| F|  |TAMS 0x0000000085d00000, 0x0000000085d00000| Untracked 
|  68|0x0000000085e00000, 0x0000000085e00000, 0x0000000085f00000|  0%| F|  |TAMS 0x0000000085e00000, 0x0000000085e00000| Untracked 
|  69|0x0000000085f00000, 0x0000000085f00000, 0x0000000086000000|  0%| F|  |TAMS 0x0000000085f00000, 0x0000000085f00000| Untracked 
|  70|0x0000000086000000, 0x0000000086000000, 0x0000000086100000|  0%| F|  |TAMS 0x0000000086000000, 0x0000000086000000| Untracked 
|  71|0x0000000086100000, 0x0000000086100000, 0x0000000086200000|  0%| F|  |TAMS 0x0000000086100000, 0x0000000086100000| Untracked 
|  72|0x0000000086200000, 0x0000000086200000, 0x0000000086300000|  0%| F|  |TAMS 0x0000000086200000, 0x0000000086200000| Untracked 
|  73|0x0000000086300000, 0x0000000086300000, 0x0000000086400000|  0%| F|  |TAMS 0x0000000086300000, 0x0000000086300000| Untracked 
|  74|0x0000000086400000, 0x0000000086400000, 0x0000000086500000|  0%| F|  |TAMS 0x0000000086400000, 0x0000000086400000| Untracked 
|  75|0x0000000086500000, 0x0000000086500000, 0x0000000086600000|  0%| F|  |TAMS 0x0000000086500000, 0x0000000086500000| Untracked 
|  76|0x0000000086600000, 0x0000000086600000, 0x0000000086700000|  0%| F|  |TAMS 0x0000000086600000, 0x0000000086600000| Untracked 
|  77|0x0000000086700000, 0x0000000086700000, 0x0000000086800000|  0%| F|  |TAMS 0x0000000086700000, 0x0000000086700000| Untracked 
|  78|0x0000000086800000, 0x0000000086800000, 0x0000000086900000|  0%| F|  |TAMS 0x0000000086800000, 0x0000000086800000| Untracked 
|  79|0x0000000086900000, 0x0000000086900000, 0x0000000086a00000|  0%| F|  |TAMS 0x0000000086900000, 0x0000000086900000| Untracked 
|  80|0x0000000086a00000, 0x0000000086a00800, 0x0000000086b00000|  0%| E|  |TAMS 0x0000000086a00000, 0x0000000086a00000| Complete 
|  81|0x0000000086b00000, 0x0000000086c00000, 0x0000000086c00000|100%| E|CS|TAMS 0x0000000086b00000, 0x0000000086b00000| Complete 
|  82|0x0000000086c00000, 0x0000000086d00000, 0x0000000086d00000|100%| E|CS|TAMS 0x0000000086c00000, 0x0000000086c00000| Complete 
|  83|0x0000000086d00000, 0x0000000086e00000, 0x0000000086e00000|100%| E|CS|TAMS 0x0000000086d00000, 0x0000000086d00000| Complete 
|  84|0x0000000086e00000, 0x0000000086f00000, 0x0000000086f00000|100%| E|CS|TAMS 0x0000000086e00000, 0x0000000086e00000| Complete 
|  85|0x0000000086f00000, 0x0000000087000000, 0x0000000087000000|100%| E|CS|TAMS 0x0000000086f00000, 0x0000000086f00000| Complete 
|  86|0x0000000087000000, 0x0000000087100000, 0x0000000087100000|100%| E|CS|TAMS 0x0000000087000000, 0x0000000087000000| Complete 
|  87|0x0000000087100000, 0x0000000087200000, 0x0000000087200000|100%| E|CS|TAMS 0x0000000087100000, 0x0000000087100000| Complete 
|  88|0x0000000087200000, 0x0000000087300000, 0x0000000087300000|100%| E|CS|TAMS 0x0000000087200000, 0x0000000087200000| Complete 
|  89|0x0000000087300000, 0x0000000087400000, 0x0000000087400000|100%| E|CS|TAMS 0x0000000087300000, 0x0000000087300000| Complete 
|  90|0x0000000087400000, 0x0000000087500000, 0x0000000087500000|100%| E|CS|TAMS 0x0000000087400000, 0x0000000087400000| Complete 
|  91|0x0000000087500000, 0x0000000087600000, 0x0000000087600000|100%| E|CS|TAMS 0x0000000087500000, 0x0000000087500000| Complete 
|  92|0x0000000087600000, 0x0000000087700000, 0x0000000087700000|100%| E|CS|TAMS 0x0000000087600000, 0x0000000087600000| Complete 
|  93|0x0000000087700000, 0x0000000087800000, 0x0000000087800000|100%| E|CS|TAMS 0x0000000087700000, 0x0000000087700000| Complete 
|  94|0x0000000087800000, 0x0000000087900000, 0x0000000087900000|100%| E|CS|TAMS 0x0000000087800000, 0x0000000087800000| Complete 
|  95|0x0000000087900000, 0x0000000087a00000, 0x0000000087a00000|100%| E|CS|TAMS 0x0000000087900000, 0x0000000087900000| Complete 
|  96|0x0000000087a00000, 0x0000000087b00000, 0x0000000087b00000|100%| E|CS|TAMS 0x0000000087a00000, 0x0000000087a00000| Complete 
|  97|0x0000000087b00000, 0x0000000087c00000, 0x0000000087c00000|100%| E|CS|TAMS 0x0000000087b00000, 0x0000000087b00000| Complete 
|  98|0x0000000087c00000, 0x0000000087d00000, 0x0000000087d00000|100%| E|CS|TAMS 0x0000000087c00000, 0x0000000087c00000| Complete 
|  99|0x0000000087d00000, 0x0000000087e00000, 0x0000000087e00000|100%| E|CS|TAMS 0x0000000087d00000, 0x0000000087d00000| Complete 
| 100|0x0000000087e00000, 0x0000000087f00000, 0x0000000087f00000|100%| E|CS|TAMS 0x0000000087e00000, 0x0000000087e00000| Complete 
| 101|0x0000000087f00000, 0x0000000088000000, 0x0000000088000000|100%| E|CS|TAMS 0x0000000087f00000, 0x0000000087f00000| Complete 
| 102|0x0000000088000000, 0x0000000088100000, 0x0000000088100000|100%| E|CS|TAMS 0x0000000088000000, 0x0000000088000000| Complete 
| 103|0x0000000088100000, 0x0000000088200000, 0x0000000088200000|100%| E|CS|TAMS 0x0000000088100000, 0x0000000088100000| Complete 
| 104|0x0000000088200000, 0x0000000088300000, 0x0000000088300000|100%| E|CS|TAMS 0x0000000088200000, 0x0000000088200000| Complete 
| 105|0x0000000088300000, 0x0000000088400000, 0x0000000088400000|100%| E|CS|TAMS 0x0000000088300000, 0x0000000088300000| Complete 
| 106|0x0000000088400000, 0x0000000088500000, 0x0000000088500000|100%| E|CS|TAMS 0x0000000088400000, 0x0000000088400000| Complete 
| 107|0x0000000088500000, 0x0000000088600000, 0x0000000088600000|100%| E|CS|TAMS 0x0000000088500000, 0x0000000088500000| Complete 
| 108|0x0000000088600000, 0x00000000886d49b8, 0x0000000088700000| 83%| S|CS|TAMS 0x0000000088600000, 0x0000000088600000| Complete 
| 109|0x0000000088700000, 0x0000000088800000, 0x0000000088800000|100%| S|CS|TAMS 0x0000000088700000, 0x0000000088700000| Complete 
| 110|0x0000000088800000, 0x0000000088900000, 0x0000000088900000|100%| E|CS|TAMS 0x0000000088800000, 0x0000000088800000| Complete 
| 111|0x0000000088900000, 0x0000000088a00000, 0x0000000088a00000|100%| E|CS|TAMS 0x0000000088900000, 0x0000000088900000| Complete 
| 112|0x0000000088a00000, 0x0000000088b00000, 0x0000000088b00000|100%| E|CS|TAMS 0x0000000088a00000, 0x0000000088a00000| Complete 
| 113|0x0000000088b00000, 0x0000000088c00000, 0x0000000088c00000|100%| E|CS|TAMS 0x0000000088b00000, 0x0000000088b00000| Complete 
| 114|0x0000000088c00000, 0x0000000088d00000, 0x0000000088d00000|100%| E|CS|TAMS 0x0000000088c00000, 0x0000000088c00000| Complete 
| 115|0x0000000088d00000, 0x0000000088e00000, 0x0000000088e00000|100%| E|CS|TAMS 0x0000000088d00000, 0x0000000088d00000| Complete 
| 116|0x0000000088e00000, 0x0000000088f00000, 0x0000000088f00000|100%| E|CS|TAMS 0x0000000088e00000, 0x0000000088e00000| Complete 
| 117|0x0000000088f00000, 0x0000000089000000, 0x0000000089000000|100%| E|CS|TAMS 0x0000000088f00000, 0x0000000088f00000| Complete 
| 118|0x0000000089000000, 0x0000000089100000, 0x0000000089100000|100%| E|CS|TAMS 0x0000000089000000, 0x0000000089000000| Complete 
| 119|0x0000000089100000, 0x0000000089200000, 0x0000000089200000|100%| E|CS|TAMS 0x0000000089100000, 0x0000000089100000| Complete 
| 120|0x0000000089200000, 0x0000000089300000, 0x0000000089300000|100%| E|CS|TAMS 0x0000000089200000, 0x0000000089200000| Complete 
| 121|0x0000000089300000, 0x0000000089400000, 0x0000000089400000|100%| E|CS|TAMS 0x0000000089300000, 0x0000000089300000| Complete 
| 122|0x0000000089400000, 0x0000000089500000, 0x0000000089500000|100%| E|CS|TAMS 0x0000000089400000, 0x0000000089400000| Complete 
| 123|0x0000000089500000, 0x0000000089600000, 0x0000000089600000|100%| E|CS|TAMS 0x0000000089500000, 0x0000000089500000| Complete 
| 124|0x0000000089600000, 0x0000000089700000, 0x0000000089700000|100%| E|CS|TAMS 0x0000000089600000, 0x0000000089600000| Complete 
| 125|0x0000000089700000, 0x0000000089800000, 0x0000000089800000|100%| E|CS|TAMS 0x0000000089700000, 0x0000000089700000| Complete 
| 126|0x0000000089800000, 0x0000000089900000, 0x0000000089900000|100%| E|CS|TAMS 0x0000000089800000, 0x0000000089800000| Complete 
| 127|0x0000000089900000, 0x0000000089a00000, 0x0000000089a00000|100%| E|CS|TAMS 0x0000000089900000, 0x0000000089900000| Complete 

Card table byte_map: [0x00000151680d0000,0x00000151684d0000] _byte_map_base: 0x0000015167cc3000

Marking Bits (Prev, Next): (CMBitMap*) 0x0000015150ad2630, (CMBitMap*) 0x0000015150ad2670
 Prev Bits: [0x00000151688d0000, 0x000001516a868000)
 Next Bits: [0x000001516a870000, 0x000001516c808000)

Polling page: 0x0000015150270000

Metaspace:

Usage:
  Non-class:     14.48 MB capacity,    14.29 MB ( 99%) used,   169.01 KB (  1%) free+waste,    29.69 KB ( <1%) overhead. 
      Class:      2.24 MB capacity,     2.17 MB ( 97%) used,    64.98 KB (  3%) free+waste,    12.38 KB ( <1%) overhead. 
       Both:     16.73 MB capacity,    16.46 MB ( 98%) used,   233.98 KB (  1%) free+waste,    42.06 KB ( <1%) overhead. 

Virtual space:
  Non-class space:       16.00 MB reserved,      14.50 MB ( 91%) committed 
      Class space:        1.00 GB reserved,       2.25 MB ( <1%) committed 
             Both:        1.02 GB reserved,      16.75 MB (  2%) committed 

Chunk freelists:
   Non-Class:  0 bytes
       Class:  0 bytes
        Both:  0 bytes

MaxMetaspaceSize: 17179869184.00 GB
CompressedClassSpaceSize: 1.00 GB

CodeHeap 'non-profiled nmethods': size=120000Kb used=1216Kb max_used=1216Kb free=118783Kb
 bounds [0x00000151607a0000, 0x0000015160a10000, 0x0000015167cd0000]
CodeHeap 'profiled nmethods': size=120000Kb used=5439Kb max_used=5439Kb free=114561Kb
 bounds [0x0000015159270000, 0x00000151597c0000, 0x00000151607a0000]
CodeHeap 'non-nmethods': size=5760Kb used=1536Kb max_used=1568Kb free=4223Kb
 bounds [0x0000015158cd0000, 0x0000015158f40000, 0x0000015159270000]
 total_blobs=3784 nmethods=2995 adapters=700
 compilation: enabled
              stopped_count=0, restarted_count=0
 full_count=0

Compilation events (20 events):
Event: 17.718 Thread 0x000001516ece1700 nmethod 2974 0x00000151597bcf10 code [0x00000151597bd0e0, 0x00000151597bd5f8]
Event: 18.660 Thread 0x000001516ece1700 2981       3       java.util.Formatter$Flags::contains (22 bytes)
Event: 18.661 Thread 0x000001516ece1700 nmethod 2981 0x00000151597bd810 code [0x00000151597bd9c0, 0x00000151597bdb78]
Event: 68.688 Thread 0x000001516ece1700 2988       3       com.sun.javafx.geom.RectBounds::intersectWith (33 bytes)
Event: 68.688 Thread 0x000001516ece1700 nmethod 2988 0x00000151597bdc10 code [0x00000151597bddc0, 0x00000151597bdf48]
Event: 68.688 Thread 0x000001516ece1700 2989       3       com.sun.javafx.geom.RectBounds::intersectWith (77 bytes)
Event: 68.689 Thread 0x000001516ece1700 nmethod 2989 0x00000151597be010 code [0x00000151597be200, 0x00000151597be6f8]
Event: 68.689 Thread 0x000001516ece1700 2990       3       com.sun.prism.impl.VertexBuffer::addQuad (63 bytes)
Event: 68.689 Thread 0x000001516ece1700 nmethod 2990 0x00000151597be890 code [0x00000151597bea60, 0x00000151597bed48]
Event: 68.690 Thread 0x000001516ece1700 2991       3       com.sun.prism.impl.ps.BaseShaderGraphics::setNodeBounds (19 bytes)
Event: 68.690 Thread 0x000001516ece1700 nmethod 2991 0x00000151597bee90 code [0x00000151597bf020, 0x00000151597bf1d8]
Event: 68.690 Thread 0x000001516ece1700 2992       1       javafx.scene.layout.CornerRadii::isUniform (5 bytes)
Event: 68.690 Thread 0x000001516ece1700 nmethod 2992 0x00000151608cea90 code [0x00000151608cec20, 0x00000151608cecd8]
Event: 87.981 Thread 0x000001516ece05b0 2993       4       com.sun.javafx.tk.quantum.QuantumToolkit::postPulse (106 bytes)
Event: 87.987 Thread 0x000001516ece05b0 nmethod 2993 0x00000151608ced90 code [0x00000151608cef60, 0x00000151608cf2e8]
Event: 88.669 Thread 0x000001516ece05b0 2994       4       com.sun.javafx.tk.quantum.QuantumToolkit$$Lambda$90/0x0000000800bef648::run (8 bytes)
Event: 88.676 Thread 0x000001516ece05b0 nmethod 2994 0x00000151608cf710 code [0x00000151608cf8e0, 0x00000151608cfd90]
Event: 107.808 Thread 0x000001516ece1700 2995       3       java.util.LinkedList$ListItr::next (56 bytes)
Event: 107.809 Thread 0x000001516ece1700 nmethod 2995 0x00000151597bf290 code [0x00000151597bf480, 0x00000151597bf9b8]
Event: 107.809 Thread 0x000001516ece1700 2996       3       java.util.LinkedList$ListItr::checkForComodification (23 bytes)

GC Heap History (4 events):
Event: 2.406 GC heap before
{Heap before GC invocations=0 (full 0):
 garbage-first heap   total 131072K, used 13312K [0x0000000081a00000, 0x0000000100000000)
  region size 1024K, 13 young (13312K), 0 survivors (0K)
 Metaspace       used 2346K, capacity 5559K, committed 5760K, reserved 1056768K
  class space    used 251K, capacity 553K, committed 640K, reserved 1048576K
}
Event: 2.411 GC heap after
{Heap after GC invocations=1 (full 0):
 garbage-first heap   total 131072K, used 2856K [0x0000000081a00000, 0x0000000100000000)
  region size 1024K, 2 young (2048K), 2 survivors (2048K)
 Metaspace       used 2346K, capacity 5559K, committed 5760K, reserved 1056768K
  class space    used 251K, capacity 553K, committed 640K, reserved 1048576K
}
Event: 3.266 GC heap before
{Heap before GC invocations=1 (full 0):
 garbage-first heap   total 131072K, used 18216K [0x0000000081a00000, 0x0000000100000000)
  region size 1024K, 18 young (18432K), 2 survivors (2048K)
 Metaspace       used 7033K, capacity 8695K, committed 8960K, reserved 1056768K
  class space    used 805K, capacity 957K, committed 1024K, reserved 1048576K
}
Event: 3.274 GC heap after
{Heap after GC invocations=2 (full 0):
 garbage-first heap   total 131072K, used 4695K [0x0000000081a00000, 0x0000000100000000)
  region size 1024K, 2 young (2048K), 2 survivors (2048K)
 Metaspace       used 7033K, capacity 8695K, committed 8960K, reserved 1056768K
  class space    used 805K, capacity 957K, committed 1024K, reserved 1048576K
}

Deoptimization events (20 events):
Event: 4.948 Thread 0x0000015170049dc0 DEOPT PACKING pc=0x0000015160816a70 sp=0x00000036ecdfc1a0
Event: 4.948 Thread 0x0000015170049dc0 DEOPT UNPACKING pc=0x0000015158d1e42f sp=0x00000036ecdfc158 mode 2
Event: 5.038 Thread 0x000001517004b100 Uncommon trap: trap_request=0xffffffde fr.pc=0x000001516082b2a4 relative=0x0000000000001184
Event: 5.038 Thread 0x000001517004b100 Uncommon trap: reason=class_check action=maybe_recompile pc=0x000001516082b2a4 method=java.util.concurrent.ConcurrentHashMap.putVal(Ljava/lang/Object;Ljava/lang/Object;Z)Ljava/lang/Object; @ 242 c2
Event: 5.038 Thread 0x000001517004b100 DEOPT PACKING pc=0x000001516082b2a4 sp=0x00000036ed1fee40
Event: 5.038 Thread 0x000001517004b100 DEOPT UNPACKING pc=0x0000015158d1e42f sp=0x00000036ed1fedc0 mode 2
Event: 5.067 Thread 0x0000015170048f50 Uncommon trap: trap_request=0xffffff45 fr.pc=0x000001516082b23c relative=0x000000000000111c
Event: 5.067 Thread 0x0000015170048f50 Uncommon trap: reason=unstable_if action=reinterpret pc=0x000001516082b23c method=java.util.concurrent.ConcurrentHashMap.putVal(Ljava/lang/Object;Ljava/lang/Object;Z)Ljava/lang/Object; @ 148 c2
Event: 5.067 Thread 0x0000015170048f50 DEOPT PACKING pc=0x000001516082b23c sp=0x00000036ed9fecb0
Event: 5.067 Thread 0x0000015170048f50 DEOPT UNPACKING pc=0x0000015158d1e42f sp=0x00000036ed9fec40 mode 2
Event: 7.304 Thread 0x0000015170049dc0 DEOPT PACKING pc=0x00000151594c5124 sp=0x00000036ecdfc8b0
Event: 7.304 Thread 0x0000015170049dc0 DEOPT UNPACKING pc=0x0000015158d1e23f sp=0x00000036ecdfbd80 mode 1
Event: 14.939 Thread 0x0000015170049dc0 Uncommon trap: trap_request=0xffffff45 fr.pc=0x000001516086969c relative=0x00000000000003fc
Event: 14.939 Thread 0x0000015170049dc0 Uncommon trap: reason=unstable_if action=reinterpret pc=0x000001516086969c method=java.lang.AbstractStringBuilder.append(C)Ljava/lang/AbstractStringBuilder; @ 21 c2
Event: 14.939 Thread 0x0000015170049dc0 DEOPT PACKING pc=0x000001516086969c sp=0x00000036ecdfa380
Event: 14.939 Thread 0x0000015170049dc0 DEOPT UNPACKING pc=0x0000015158d1e42f sp=0x00000036ecdfa328 mode 2
Event: 107.808 Thread 0x00000151700498f0 DEOPT PACKING pc=0x00000151596b8b44 sp=0x00000036ecbff2b0
Event: 107.808 Thread 0x00000151700498f0 DEOPT UNPACKING pc=0x0000015158d1e23f sp=0x00000036ecbfe7d0 mode 1
Event: 107.809 Thread 0x0000015171b8b7f0 DEOPT PACKING pc=0x0000015159401b54 sp=0x00000036eb2ff1b0
Event: 107.809 Thread 0x0000015171b8b7f0 DEOPT UNPACKING pc=0x0000015158d1e23f sp=0x00000036eb2fe610 mode 1

Classes unloaded (0 events):
No events

Classes redefined (0 events):
No events

Internal exceptions (20 events):
Event: 3.015 Thread 0x0000015170049dc0 Exception <a 'java/lang/NoSuchMethodError'{0x0000000088a76b40}: 'java.lang.Object java.lang.invoke.DirectMethodHandle$Holder.invokeStaticInit(java.lang.Object, java.lang.Object, java.lang.Object, java.lang.Object)'> (0x0000000088a76b40) 
thrown [./open/src/hotspot/share/interpreter/linkResolver.cpp, line 782]
Event: 3.019 Thread 0x0000015170049dc0 Exception <a 'java/lang/NullPointerException'{0x0000000088a835b8}> (0x0000000088a835b8) 
thrown [./open/src/hotspot/share/interpreter/linkResolver.cpp, line 1374]
Event: 3.033 Thread 0x0000015170049dc0 Exception <a 'java/lang/NoSuchMethodError'{0x0000000088aa5cf0}: 'void java.lang.invoke.DirectMethodHandle$Holder.invokeSpecial(java.lang.Object, java.lang.Object, java.lang.Object, java.lang.Object, java.lang.Object)'> (0x0000000088aa5cf0) 
thrown [./open/src/hotspot/share/interpreter/linkResolver.cpp, line 782]
Event: 3.152 Thread 0x0000015170049dc0 Exception <a 'java/lang/ClassNotFoundException'{0x000000008887cf90}: sun/util/logging/resources/spi/loggingProvider> (0x000000008887cf90) 
thrown [./open/src/hotspot/share/classfile/systemDictionary.cpp, line 295]
Event: 3.563 Thread 0x0000015170049dc0 Exception <a 'java/lang/NoSuchMethodError'{0x0000000089374910}: 'void java.lang.invoke.DirectMethodHandle$Holder.invokeStaticInit(java.lang.Object, java.lang.Object)'> (0x0000000089374910) 
thrown [./open/src/hotspot/share/interpreter/linkResolver.cpp, line 782]
Event: 4.286 Thread 0x0000015170049dc0 Implicit null exception at 0x000001516081ce58 to 0x000001516081d794
Event: 4.557 Thread 0x0000015170049dc0 Exception <a 'java/lang/ClassNotFoundException'{0x00000000881ebf78}: com/sun/javafx/scene/control/skin/resources/controls> (0x00000000881ebf78) 
thrown [./open/src/hotspot/share/prims/jni.cpp, line 599]
Event: 4.562 Thread 0x0000015170049dc0 Exception <a 'java/lang/ClassNotFoundException'{0x00000000881f9a70}: com/sun/javafx/scene/control/skin/resources/controls_ru> (0x00000000881f9a70) 
thrown [./open/src/hotspot/share/prims/jni.cpp, line 599]
Event: 4.562 Thread 0x0000015170049dc0 Exception <a 'java/lang/ClassNotFoundException'{0x00000000881fb2d8}: com/sun/javafx/scene/control/skin/resources/controls_ru_RU> (0x00000000881fb2d8) 
thrown [./open/src/hotspot/share/prims/jni.cpp, line 599]
Event: 4.687 Thread 0x0000015170049dc0 Exception <a 'java/lang/NoSuchMethodError'{0x0000000087feab60}: 'void java.lang.invoke.DirectMethodHandle$Holder.invokeSpecial(java.lang.Object, java.lang.Object, java.lang.Object, java.lang.Object, java.lang.Object, java.lang.Object)'> (0x0000000087feab60) 
thrown [./open/src/hotspot/share/interpreter/linkResolver.cpp, line 782]
Event: 4.794 Thread 0x0000015170049dc0 Exception <a 'java/lang/NoSuchMethodError'{0x0000000087cdb560}: 'java.lang.Object java.lang.invoke.DirectMethodHandle$Holder.invokeInterface(java.lang.Object, java.lang.Object, java.lang.Object)'> (0x0000000087cdb560) 
thrown [./open/src/hotspot/share/interpreter/linkResolver.cpp, line 782]
Event: 4.795 Thread 0x0000015170049dc0 Exception <a 'java/lang/IncompatibleClassChangeError'{0x0000000087cdf0e0}: Found class java.lang.Object, but interface was expected> (0x0000000087cdf0e0) 
thrown [./open/src/hotspot/share/interpreter/linkResolver.cpp, line 848]
Event: 4.996 Thread 0x0000015170049dc0 Exception <a 'java/lang/NoSuchMethodError'{0x00000000879083b8}: 'java.lang.Object java.lang.invoke.DirectMethodHandle$Holder.newInvokeSpecial(java.lang.Object, java.lang.Object, int)'> (0x00000000879083b8) 
thrown [./open/src/hotspot/share/interpreter/linkResolver.cpp, line 782]
Event: 5.043 Thread 0x00000151700498f0 Exception <a 'java/lang/NoSuchMethodError'{0x000000008781de88}: 'int java.lang.invoke.DirectMethodHandle$Holder.invokeStaticInit(java.lang.Object, java.lang.Object)'> (0x000000008781de88) 
thrown [./open/src/hotspot/share/interpreter/linkResolver.cpp, line 782]
Event: 5.046 Thread 0x0000015170049dc0 Exception <a 'java/lang/NoSuchMethodError'{0x00000000879704b0}: 'long java.lang.invoke.DirectMethodHandle$Holder.invokeStatic(java.lang.Object, java.lang.Object, java.lang.Object)'> (0x00000000879704b0) 
thrown [./open/src/hotspot/share/interpreter/linkResolver.cpp, line 782]
Event: 5.046 Thread 0x0000015170049dc0 Exception <a 'java/lang/NoSuchMethodError'{0x0000000087973e60}: 'long java.lang.invoke.DirectMethodHandle$Holder.invokeStaticInit(java.lang.Object, java.lang.Object, java.lang.Object)'> (0x0000000087973e60) 
thrown [./open/src/hotspot/share/interpreter/linkResolver.cpp, line 782]
Event: 5.053 Thread 0x0000015170049dc0 Exception <a 'java/lang/NoSuchMethodError'{0x000000008788c258}: 'java.lang.Object java.lang.invoke.DirectMethodHandle$Holder.newInvokeSpecial(java.lang.Object, java.lang.Object, long)'> (0x000000008788c258) 
thrown [./open/src/hotspot/share/interpreter/linkResolver.cpp, line 782]
Event: 5.054 Thread 0x0000015170049dc0 Exception <a 'java/lang/NoSuchMethodError'{0x000000008788ffc8}: 'java.lang.Object java.lang.invoke.Invokers$Holder.linkToTargetMethod(java.lang.Object, long, java.lang.Object)'> (0x000000008788ffc8) 
thrown [./open/src/hotspot/share/interpreter/linkResolver.cpp, line 782]
Event: 53.731 Thread 0x0000015170049dc0 Exception <a 'java/lang/NoSuchMethodError'{0x0000000086d61b80}: 'java.lang.Object java.lang.invoke.DirectMethodHandle$Holder.invokeSpecial(java.lang.Object, java.lang.Object, long, java.lang.Object, java.lang.Object, java.lang.Object, java.lang.Object, java.lang.Object, java.lang.Object)'> (0x0000000086d61b80) 
thrown [./open/src/hotspot/share/interpreter/linkResolver.cpp, line 782]
Event: 53.738 Thread 0x0000015170049dc0 Exception <a 'java/lang/NoSuchMethodError'{0x0000000086d66df8}: 'java.lang.Object java.lang.invoke.DelegatingMethodHandle$Holder.reinvoke_L(java.lang.Object, long, java.lang.Object, java.lang.Object, java.lang.Object, java.lang.Object, java.lang.Object, java.lang.Object)'> (0x0000000086d66df8) 
thrown [./open/src/hotspot/share/interpreter/linkResolver.cpp, line 782]

Events (20 events):
Event: 107.657 Thread 0x000001517076c7a0 Thread exited: 0x000001517076c7a0
Event: 107.657 Executing VM operation: ChangeBreakpoints
Event: 107.658 Executing VM operation: ChangeBreakpoints done
Event: 107.658 Executing VM operation: ChangeBreakpoints
Event: 107.658 Executing VM operation: ChangeBreakpoints done
Event: 107.658 Executing VM operation: ChangeBreakpoints
Event: 107.658 Executing VM operation: ChangeBreakpoints done
Event: 107.661 Thread 0x0000015170246b60 Thread exited: 0x0000015170246b60
Event: 107.804 loading class jdk/internal/misc/Signal$1
Event: 107.804 loading class jdk/internal/misc/Signal$1 done
Event: 107.804 Thread 0x0000015171b8e810 Thread added: 0x0000015171b8e810
Event: 107.806 Thread 0x0000015171b8b7f0 Thread added: 0x0000015171b8b7f0
Event: 107.806 Thread 0x0000015171b909c0 Thread added: 0x0000015171b909c0
Event: 107.806 loading class com/sun/javafx/tk/quantum/QuantumRenderer
Event: 107.806 loading class com/sun/javafx/tk/quantum/QuantumRenderer done
Event: 107.806 Thread 0x0000015171b909c0 Thread exited: 0x0000015171b909c0
Event: 107.808 loading class com/sun/javafx/tk/quantum/QuantumToolkit
Event: 107.808 loading class com/sun/javafx/tk/quantum/QuantumToolkit done
Event: 107.809 Thread 0x0000015171b8b7f0 Thread exited: 0x0000015171b8b7f0
Event: 107.810 Executing VM operation: Exit


Dynamic libraries:
0x00007ff7af630000 - 0x00007ff7af63f000 	C:\Program Files\Java\jdk-15.0.1\bin\java.exe
0x00007ffa5e0f0000 - 0x00007ffa5e2e6000 	C:\WINDOWS\SYSTEM32\ntdll.dll
0x00007ffa5de80000 - 0x00007ffa5df3d000 	C:\WINDOWS\System32\KERNEL32.DLL
0x00007ffa5b990000 - 0x00007ffa5bc59000 	C:\WINDOWS\System32\KERNELBASE.dll
0x00007ffa5bfd0000 - 0x00007ffa5c0d0000 	C:\WINDOWS\System32\ucrtbase.dll
0x00007ffa52230000 - 0x00007ffa52248000 	C:\Program Files\Java\jdk-15.0.1\bin\jli.dll
0x00007ffa5c180000 - 0x00007ffa5c22c000 	C:\WINDOWS\System32\ADVAPI32.dll
0x00007ffa57320000 - 0x00007ffa57339000 	C:\Program Files\Java\jdk-15.0.1\bin\VCRUNTIME140.dll
0x00007ffa5d750000 - 0x00007ffa5d7ee000 	C:\WINDOWS\System32\msvcrt.dll
0x00007ffa5dc30000 - 0x00007ffa5dccc000 	C:\WINDOWS\System32\sechost.dll
0x00007ffa5cbb0000 - 0x00007ffa5ccdb000 	C:\WINDOWS\System32\RPCRT4.dll
0x00007ffa5c290000 - 0x00007ffa5c430000 	C:\WINDOWS\System32\USER32.dll
0x00007ffa5bdc0000 - 0x00007ffa5bde2000 	C:\WINDOWS\System32\win32u.dll
0x00007ffa5c430000 - 0x00007ffa5c45a000 	C:\WINDOWS\System32\GDI32.dll
0x00007ffa5b880000 - 0x00007ffa5b98b000 	C:\WINDOWS\System32\gdi32full.dll
0x00007ffa5bdf0000 - 0x00007ffa5be8d000 	C:\WINDOWS\System32\msvcp_win.dll
0x00007ffa50ba0000 - 0x00007ffa50e3b000 	C:\WINDOWS\WinSxS\amd64_microsoft.windows.common-controls_6595b64144ccf1df_6.0.19041.746_none_ca02b4b61b8320a4\COMCTL32.dll
0x00007ffa55610000 - 0x00007ffa5561a000 	C:\WINDOWS\SYSTEM32\VERSION.dll
0x00007ffa5da50000 - 0x00007ffa5da80000 	C:\WINDOWS\System32\IMM32.DLL
0x00007ffa499c0000 - 0x00007ffa499cc000 	C:\Program Files\Java\jdk-15.0.1\bin\vcruntime140_1.dll
0x00007ffa41f60000 - 0x00007ffa41ff1000 	C:\Program Files\Java\jdk-15.0.1\bin\msvcp140.dll
0x00007ffa11e50000 - 0x00007ffa129ae000 	C:\Program Files\Java\jdk-15.0.1\bin\server\jvm.dll
0x00007ffa5d3d0000 - 0x00007ffa5d3d8000 	C:\WINDOWS\System32\PSAPI.DLL
0x00007ffa57380000 - 0x00007ffa57389000 	C:\WINDOWS\SYSTEM32\WSOCK32.dll
0x00007ffa5de00000 - 0x00007ffa5de6b000 	C:\WINDOWS\System32\WS2_32.dll
0x00007ffa53340000 - 0x00007ffa53367000 	C:\WINDOWS\SYSTEM32\WINMM.dll
0x00007ffa59610000 - 0x00007ffa59622000 	C:\WINDOWS\SYSTEM32\kernel.appcore.dll
0x00007ffa499b0000 - 0x00007ffa499ba000 	C:\Program Files\Java\jdk-15.0.1\bin\jimage.dll
0x00007ffa53790000 - 0x00007ffa53974000 	C:\WINDOWS\SYSTEM32\DBGHELP.DLL
0x00007ffa49b60000 - 0x00007ffa49b8c000 	C:\WINDOWS\SYSTEM32\dbgcore.DLL
0x00007ffa5b800000 - 0x00007ffa5b880000 	C:\WINDOWS\System32\bcryptPrimitives.dll
0x00007ffa1c870000 - 0x00007ffa1c8a9000 	C:\Program Files\Java\jdk-15.0.1\bin\jdwp.dll
0x00007ffa43420000 - 0x00007ffa4342e000 	C:\Program Files\Java\jdk-15.0.1\bin\instrument.dll
0x00007ffa41f30000 - 0x00007ffa41f55000 	C:\Program Files\Java\jdk-15.0.1\bin\java.dll
0x00007ffa5c460000 - 0x00007ffa5cba2000 	C:\WINDOWS\System32\SHELL32.dll
0x00007ffa598f0000 - 0x00007ffa5a080000 	C:\WINDOWS\SYSTEM32\windows.storage.dll
0x00007ffa5d3e0000 - 0x00007ffa5d736000 	C:\WINDOWS\System32\combase.dll
0x00007ffa5b0c0000 - 0x00007ffa5b0ec000 	C:\WINDOWS\SYSTEM32\Wldp.dll
0x00007ffa5db80000 - 0x00007ffa5dc2e000 	C:\WINDOWS\System32\SHCORE.dll
0x00007ffa5da80000 - 0x00007ffa5dad5000 	C:\WINDOWS\System32\shlwapi.dll
0x00007ffa5b730000 - 0x00007ffa5b756000 	C:\WINDOWS\SYSTEM32\profapi.dll
0x00007ffa42010000 - 0x00007ffa42029000 	C:\Program Files\Java\jdk-15.0.1\bin\net.dll
0x00007ffa501c0000 - 0x00007ffa502c0000 	C:\WINDOWS\SYSTEM32\WINHTTP.dll
0x00007ffa5aeb0000 - 0x00007ffa5af1a000 	C:\WINDOWS\system32\mswsock.dll
0x00007ffa1c850000 - 0x00007ffa1c862000 	C:\Program Files\Java\jdk-15.0.1\bin\nio.dll
0x00007ffa1b160000 - 0x00007ffa1b178000 	C:\Program Files\Java\jdk-15.0.1\bin\zip.dll
0x00007ffa41f20000 - 0x00007ffa41f2b000 	C:\Program Files\Java\jdk-15.0.1\bin\dt_socket.dll
0x00007ffa5abc0000 - 0x00007ffa5abfb000 	C:\WINDOWS\SYSTEM32\IPHLPAPI.DLL
0x0000015150a30000 - 0x0000015150a33000 	C:\java\javafx-sdk-11.0.2\bin\api-ms-win-core-console-l1-1-0.dll
0x0000015150a40000 - 0x0000015150a43000 	C:\java\javafx-sdk-11.0.2\bin\api-ms-win-core-datetime-l1-1-0.dll
0x0000015150a50000 - 0x0000015150a53000 	C:\java\javafx-sdk-11.0.2\bin\api-ms-win-core-debug-l1-1-0.dll
0x0000015150a60000 - 0x0000015150a63000 	C:\java\javafx-sdk-11.0.2\bin\api-ms-win-core-errorhandling-l1-1-0.dll
0x0000015171220000 - 0x0000015171224000 	C:\java\javafx-sdk-11.0.2\bin\api-ms-win-core-file-l1-1-0.dll
0x0000015171230000 - 0x0000015171233000 	C:\java\javafx-sdk-11.0.2\bin\api-ms-win-core-file-l1-2-0.dll
0x0000015171240000 - 0x0000015171243000 	C:\java\javafx-sdk-11.0.2\bin\api-ms-win-core-file-l2-1-0.dll
0x0000015171250000 - 0x0000015171253000 	C:\java\javafx-sdk-11.0.2\bin\api-ms-win-core-handle-l1-1-0.dll
0x0000015171260000 - 0x0000015171263000 	C:\java\javafx-sdk-11.0.2\bin\api-ms-win-core-heap-l1-1-0.dll
0x0000015171270000 - 0x0000015171273000 	C:\java\javafx-sdk-11.0.2\bin\api-ms-win-core-interlocked-l1-1-0.dll
0x0000015171280000 - 0x0000015171283000 	C:\java\javafx-sdk-11.0.2\bin\api-ms-win-core-libraryloader-l1-1-0.dll
0x0000015171290000 - 0x0000015171293000 	C:\java\javafx-sdk-11.0.2\bin\api-ms-win-core-localization-l1-2-0.dll
0x00000151712a0000 - 0x00000151712a3000 	C:\java\javafx-sdk-11.0.2\bin\api-ms-win-core-memory-l1-1-0.dll
0x00000151712b0000 - 0x00000151712b3000 	C:\java\javafx-sdk-11.0.2\bin\api-ms-win-core-namedpipe-l1-1-0.dll
0x00000151712c0000 - 0x00000151712c3000 	C:\java\javafx-sdk-11.0.2\bin\api-ms-win-core-processenvironment-l1-1-0.dll
0x00000151712d0000 - 0x00000151712d3000 	C:\java\javafx-sdk-11.0.2\bin\api-ms-win-core-processthreads-l1-1-0.dll
0x00000151712e0000 - 0x00000151712e3000 	C:\java\javafx-sdk-11.0.2\bin\api-ms-win-core-processthreads-l1-1-1.dll
0x00000151712f0000 - 0x00000151712f3000 	C:\java\javafx-sdk-11.0.2\bin\api-ms-win-core-profile-l1-1-0.dll
0x0000015171300000 - 0x0000015171303000 	C:\java\javafx-sdk-11.0.2\bin\api-ms-win-core-rtlsupport-l1-1-0.dll
0x0000015171310000 - 0x0000015171313000 	C:\java\javafx-sdk-11.0.2\bin\api-ms-win-core-string-l1-1-0.dll
0x0000015171320000 - 0x0000015171323000 	C:\java\javafx-sdk-11.0.2\bin\api-ms-win-core-synch-l1-1-0.dll
0x0000015171330000 - 0x0000015171333000 	C:\java\javafx-sdk-11.0.2\bin\api-ms-win-core-synch-l1-2-0.dll
0x0000015171340000 - 0x0000015171343000 	C:\java\javafx-sdk-11.0.2\bin\api-ms-win-core-sysinfo-l1-1-0.dll
0x0000015171350000 - 0x0000015171353000 	C:\java\javafx-sdk-11.0.2\bin\api-ms-win-core-timezone-l1-1-0.dll
0x0000015171360000 - 0x0000015171363000 	C:\java\javafx-sdk-11.0.2\bin\api-ms-win-core-util-l1-1-0.dll
0x0000015171370000 - 0x0000015171373000 	C:\java\javafx-sdk-11.0.2\bin\api-ms-win-crt-conio-l1-1-0.dll
0x0000015171380000 - 0x0000015171384000 	C:\java\javafx-sdk-11.0.2\bin\api-ms-win-crt-convert-l1-1-0.dll
0x0000015171390000 - 0x0000015171393000 	C:\java\javafx-sdk-11.0.2\bin\api-ms-win-crt-environment-l1-1-0.dll
0x00000151713a0000 - 0x00000151713a3000 	C:\java\javafx-sdk-11.0.2\bin\api-ms-win-crt-filesystem-l1-1-0.dll
0x00000151713b0000 - 0x00000151713b3000 	C:\java\javafx-sdk-11.0.2\bin\api-ms-win-crt-heap-l1-1-0.dll
0x00000151713c0000 - 0x00000151713c3000 	C:\java\javafx-sdk-11.0.2\bin\api-ms-win-crt-locale-l1-1-0.dll
0x00000151713d0000 - 0x00000151713d5000 	C:\java\javafx-sdk-11.0.2\bin\api-ms-win-crt-math-l1-1-0.dll
0x00000151713e0000 - 0x00000151713e5000 	C:\java\javafx-sdk-11.0.2\bin\api-ms-win-crt-multibyte-l1-1-0.dll
0x00000151713f0000 - 0x0000015171400000 	C:\java\javafx-sdk-11.0.2\bin\api-ms-win-crt-private-l1-1-0.dll
0x0000015171400000 - 0x0000015171403000 	C:\java\javafx-sdk-11.0.2\bin\api-ms-win-crt-process-l1-1-0.dll
0x0000015171410000 - 0x0000015171414000 	C:\java\javafx-sdk-11.0.2\bin\api-ms-win-crt-runtime-l1-1-0.dll
0x0000015171420000 - 0x0000015171424000 	C:\java\javafx-sdk-11.0.2\bin\api-ms-win-crt-stdio-l1-1-0.dll
0x0000015171430000 - 0x0000015171434000 	C:\java\javafx-sdk-11.0.2\bin\api-ms-win-crt-string-l1-1-0.dll
0x0000015171440000 - 0x0000015171443000 	C:\java\javafx-sdk-11.0.2\bin\api-ms-win-crt-time-l1-1-0.dll
0x0000015171450000 - 0x0000015171453000 	C:\java\javafx-sdk-11.0.2\bin\api-ms-win-crt-utility-l1-1-0.dll
0x00007ffa0b110000 - 0x00007ffa0b20a000 	C:\java\javafx-sdk-11.0.2\bin\ucrtbase.dll
0x00007ffa1f350000 - 0x00007ffa1f366000 	C:\java\javafx-sdk-11.0.2\bin\vcruntime140.dll
0x00007ffa0b060000 - 0x00007ffa0b106000 	C:\java\javafx-sdk-11.0.2\bin\msvcp140.dll
0x00007ffa0b390000 - 0x00007ffa0b3e1000 	C:\java\javafx-sdk-11.0.2\bin\concrt140.dll
0x00007ffa1dcb0000 - 0x00007ffa1dcd3000 	C:\java\javafx-sdk-11.0.2\bin\prism_d3d.dll
0x00007ffa1b5d0000 - 0x00007ffa1b79f000 	C:\WINDOWS\system32\d3d9.dll
0x00007ffa595e0000 - 0x00007ffa5960f000 	C:\WINDOWS\SYSTEM32\dwmapi.dll
0x00007ffa59250000 - 0x00007ffa592ee000 	C:\WINDOWS\system32\uxtheme.dll
0x00007ffa113e0000 - 0x00007ffa11e4e000 	C:\WINDOWS\SYSTEM32\igdumdim64.dll
0x00007ffa4bff0000 - 0x00007ffa4c44f000 	C:\WINDOWS\SYSTEM32\igdusc64.dll
0x00007ffa42a90000 - 0x00007ffa42aa0000 	C:\Program Files\Java\jdk-15.0.1\bin\verify.dll
0x00007ffa0b010000 - 0x00007ffa0b055000 	C:\java\javafx-sdk-11.0.2\bin\glass.dll
0x00007ffa5df40000 - 0x00007ffa5e01a000 	C:\WINDOWS\System32\COMDLG32.dll
0x00007ffa5dcd0000 - 0x00007ffa5ddfa000 	C:\WINDOWS\System32\ole32.dll
0x00007ffa5d150000 - 0x00007ffa5d21d000 	C:\WINDOWS\System32\OLEAUT32.dll
0x00007ffa5d7f0000 - 0x00007ffa5d905000 	C:\WINDOWS\System32\MSCTF.dll
0x00007ffa1c8b0000 - 0x00007ffa1c8c4000 	C:\java\javafx-sdk-11.0.2\bin\javafx_font.dll
0x00007ffa4bcc0000 - 0x00007ffa4bf3f000 	C:\WINDOWS\SYSTEM32\dwrite.dll
0x00007ffa5d910000 - 0x00007ffa5d9b9000 	C:\WINDOWS\System32\clbcatq.dll
0x00007ffa50500000 - 0x00007ffa506b4000 	C:\WINDOWS\SYSTEM32\WindowsCodecs.dll
0x00007ffa5bfa0000 - 0x00007ffa5bfc7000 	C:\WINDOWS\System32\bcrypt.dll
0x00007ffa37fe0000 - 0x00007ffa3801e000 	C:\WINDOWS\system32\dataexchange.dll
0x00007ffa582c0000 - 0x00007ffa58524000 	C:\WINDOWS\system32\d3d11.dll
0x00007ffa58c10000 - 0x00007ffa58df7000 	C:\WINDOWS\system32\dcomp.dll
0x00007ffa5a200000 - 0x00007ffa5a2f3000 	C:\WINDOWS\system32\dxgi.dll
0x00007ffa51b00000 - 0x00007ffa51d01000 	C:\WINDOWS\system32\twinapi.appcore.dll
0x00007ffa0afd0000 - 0x00007ffa0b004000 	C:\Program Files\Common Files\Microsoft Shared\Ink\rtscom.dll
0x00007ffa502c0000 - 0x00007ffa503bb000 	C:\WINDOWS\SYSTEM32\textinputframework.dll
0x00007ffa58e00000 - 0x00007ffa58ef2000 	C:\WINDOWS\System32\CoreMessaging.dll
0x00007ffa58530000 - 0x00007ffa5888e000 	C:\WINDOWS\System32\CoreUIComponents.dll
0x00007ffa57740000 - 0x00007ffa57894000 	C:\WINDOWS\SYSTEM32\wintypes.dll
0x00007ffa5a4e0000 - 0x00007ffa5a513000 	C:\WINDOWS\SYSTEM32\ntmarta.dll
0x00007ffa5ac60000 - 0x00007ffa5ad2b000 	C:\WINDOWS\SYSTEM32\DNSAPI.dll
0x00007ffa5de70000 - 0x00007ffa5de78000 	C:\WINDOWS\System32\NSI.dll
0x00007ffa50070000 - 0x00007ffa5007a000 	C:\Windows\System32\rasadhlp.dll
0x00007ffa50480000 - 0x00007ffa504ff000 	C:\WINDOWS\System32\fwpuclnt.dll

dbghelp: loaded successfully - version: 4.0.5 - missing functions: none
symbol engine: initialized successfully - sym options: 0x614 - pdb path: .;C:\Program Files\Java\jdk-15.0.1\bin;C:\WINDOWS\SYSTEM32;C:\WINDOWS\WinSxS\amd64_microsoft.windows.common-controls_6595b64144ccf1df_6.0.19041.746_none_ca02b4b61b8320a4;C:\Program Files\Java\jdk-15.0.1\bin\server;C:\java\javafx-sdk-11.0.2\bin;C:\Program Files\Common Files\Microsoft Shared\Ink

VM Arguments:
jvm_args: -agentlib:jdwp=transport=dt_socket,address=127.0.0.1:52785,suspend=y,server=n --module-path=/java/javafx-sdk-11.0.2/lib --add-modules=javafx.controls,javafx.fxml -javaagent:C:\Users\ginat\AppData\Local\JetBrains\IdeaIC2020.3\captureAgent\debugger-agent.jar -Dfile.encoding=UTF-8 
java_command: sample.Main
java_class_path (initial): C:\Users\ginat\Desktop\My_perositories\lerning_java\ClientOnJavaFX\out\production\ClientOnJavaFX;C:\java\javafx-sdk-11.0.2\lib\src.zip;C:\java\javafx-sdk-11.0.2\lib\javafx-swt.jar;C:\java\javafx-sdk-11.0.2\lib\javafx.web.jar;C:\java\javafx-sdk-11.0.2\lib\javafx.base.jar;C:\java\javafx-sdk-11.0.2\lib\javafx.fxml.jar;C:\java\javafx-sdk-11.0.2\lib\javafx.media.jar;C:\java\javafx-sdk-11.0.2\lib\javafx.swing.jar;C:\java\javafx-sdk-11.0.2\lib\javafx.controls.jar;C:\java\javafx-sdk-11.0.2\lib\javafx.graphics.jar;C:\Program Files\JetBrains\IntelliJ IDEA Community Edition 2020.2.3\lib\idea_rt.jar
Launcher Type: SUN_STANDARD

[Global flags]
     intx CICompilerCount                          = 3                                         {product} {ergonomic}
     uint ConcGCThreads                            = 1                                         {product} {ergonomic}
     uint G1ConcRefinementThreads                  = 4                                         {product} {ergonomic}
   size_t G1HeapRegionSize                         = 1048576                                   {product} {ergonomic}
    uintx GCDrainStackTargetSize                   = 64                                        {product} {ergonomic}
   size_t InitialHeapSize                          = 134217728                                 {product} {ergonomic}
   size_t MarkStackSize                            = 4194304                                   {product} {ergonomic}
   size_t MaxHeapSize                              = 2120220672                                {product} {ergonomic}
   size_t MaxNewSize                               = 1271922688                                {product} {ergonomic}
   size_t MinHeapDeltaBytes                        = 1048576                                   {product} {ergonomic}
   size_t MinHeapSize                              = 8388608                                   {product} {ergonomic}
    uintx NonNMethodCodeHeapSize                   = 5832780                                {pd product} {ergonomic}
    uintx NonProfiledCodeHeapSize                  = 122912730                              {pd product} {ergonomic}
    uintx ProfiledCodeHeapSize                     = 122912730                              {pd product} {ergonomic}
    uintx ReservedCodeCacheSize                    = 251658240                              {pd product} {ergonomic}
     bool SegmentedCodeCache                       = true                                      {product} {ergonomic}
   size_t SoftMaxHeapSize                          = 2120220672                             {manageable} {ergonomic}
     bool UseCompressedClassPointers               = true                                 {lp64_product} {ergonomic}
     bool UseCompressedOops                        = true                                 {lp64_product} {ergonomic}
     bool UseG1GC                                  = true                                      {product} {ergonomic}
     bool UseLargePagesIndividualAllocation        = false                                  {pd product} {ergonomic}

Logging:
Log output configuration:
 #0: stdout all=off uptime,level,tags
 #1: stderr all=off uptime,level,tags

Environment Variables:
PATH=C:\Program Files\Common Files\Oracle\Java\javapath;C:\WINDOWS\system32;C:\WINDOWS;C:\WINDOWS\System32\Wbem;C:\WINDOWS\System32\WindowsPowerShell\v1.0\;C:\WINDOWS\System32\OpenSSH\;C:\Program Files \Git\bin .;C:\Program Files\PuTTY\;C:\ProgramData\chocolatey\bin;C:\Program Files\Git\cmd;C:\Program Files\Docker\Docker\resources\bin;C:\ProgramData\DockerDesktop\version-bin;C:\maven\apache-maven-3.6.3\bin;C:\Users\ginat\AppData\Local\Programs\Microsoft VS Code\bin
USERNAME=ginat
OS=Windows_NT
PROCESSOR_IDENTIFIER=Intel64 Family 6 Model 58 Stepping 9, GenuineIntel



---------------  S Y S T E M  ---------------

OS:
 Windows 10 , 64 bit Build 19041 (10.0.19041.804)
OS uptime: 0 days 11:50 hours
HyperV virtualization detected

CPU: total 4 (initial active 4) (2 cores per cpu, 2 threads per core) family 6 model 58 stepping 9 microcode 0x21, cmov, cx8, fxsr, mmx, sse, sse2, sse3, ssse3, sse4.1, sse4.2, popcnt, vzeroupper, avx, aes, clmul, erms, ht, tsc, tscinvbit, tscinv, clflush

Memory: 4k page, system-wide physical 8081M (4384M free)
TotalPageFile size 18351M (AvailPageFile size 11690M)
current process WorkingSet (physical memory assigned to process): 147M, peak: 159M
current process commit charge ("private bytes"): 262M, peak: 283M

vm_info: Java HotSpot(TM) 64-Bit Server VM (15.0.1+9-18) for windows-amd64 JRE (15.0.1+9-18), built on Sep 15 2020 14:43:54 by "mach5one" with unknown MS VC++:1925

END.
