#
# A fatal error has been detected by the Java Runtime Environment:
#
#  EXCEPTION_ACCESS_VIOLATION (0xc0000005) at pc=0x00007ffa0b036730, pid=117468, tid=117552
#
# JRE version: Java(TM) SE Runtime Environment (15.0.1+9) (build 15.0.1+9-18)
# Java VM: Java HotSpot(TM) 64-Bit Server VM (15.0.1+9-18, mixed mode, sharing, tiered, compressed oops, g1 gc, windows-amd64)
# Problematic frame:
# C  [glass.dll+0x26730]
#
# No core dump will be written. Minidumps are not enabled by default on client versions of Windows
#
# If you would like to submit a bug report, please visit:
#   https://bugreport.java.com/bugreport/crash.jsp
#

---------------  S U M M A R Y ------------

Command Line: -agentlib:jdwp=transport=dt_socket,address=127.0.0.1:52773,suspend=y,server=n --module-path=/java/javafx-sdk-11.0.2/lib --add-modules=javafx.controls,javafx.fxml -javaagent:C:\Users\ginat\AppData\Local\JetBrains\IdeaIC2020.3\captureAgent\debugger-agent.jar -Dfile.encoding=UTF-8 sample.Main

Host: Intel(R) Core(TM) i5-3337U CPU @ 1.80GHz, 4 cores, 7G,  Windows 10 , 64 bit Build 19041 (10.0.19041.804)
Time: Sat Feb 27 11:28:25 2021 RTZ 4 (зима) elapsed time: 113.882539 seconds (0d 0h 1m 53s)

---------------  T H R E A D  ---------------

Current thread (0x000001d437f9be10):  VMThread "VM Thread" [stack: 0x0000003700c00000,0x0000003700d00000] [id=117552]

Stack: [0x0000003700c00000,0x0000003700d00000],  sp=0x0000003700cfeeb0,  free space=1019k
Native frames: (J=compiled Java code, j=interpreted, Vv=VM code, C=native code)
C  [glass.dll+0x26730]


siginfo: EXCEPTION_ACCESS_VIOLATION (0xc0000005), reading address 0x0000000000000000


Register to memory mapping:

RIP=0x00007ffa0b036730 glass.dll
RAX=0x0 is NULL
RBX=0x000001d437fa9bd8 is a global jni handle
RCX=0x000001d437f9be10 points into unknown readable memory: 0x00007ffa12754238 | 38 42 75 12 fa 7f 00 00
RDX=0x0000003700cfeeb0 points into unknown readable memory: 0x0000000000000000 | 00 00 00 00 00 00 00 00
RSP=0x0000003700cfeeb0 points into unknown readable memory: 0x0000000000000000 | 00 00 00 00 00 00 00 00
RBP=0x000001d439514038 points into unknown readable memory: 0x0000de3f20ed2d00 | 00 2d ed 20 3f de 00 00
RSI=0x000001d439514010 points into unknown readable memory: 0x0000a1c52bee1bd8 | d8 1b ee 2b c5 a1 00 00
RDI=0x0000de3f20ed2d00 is an unknown value
R8 =0x0000000000010002 is an unknown value
R9 =0x0000de3f20ed2d00 is an unknown value
R10=0x0000000000008000 is an unknown value
R11=0x0000003700cfee50 points into unknown readable memory: 0x000001d439514010 | 10 40 51 39 d4 01 00 00
R12=0x00007ffa0b033be0 glass.dll
R13=0x000001d419dcb240 points into unknown readable memory: 0x8000000900000001 | 01 00 00 00 09 00 00 80
R14=0x0000003700cfefb8 points into unknown readable memory: 0x0000003700cfefa0 | a0 ef cf 00 37 00 00 00
R15=0x000001d439514010 points into unknown readable memory: 0x0000a1c52bee1bd8 | d8 1b ee 2b c5 a1 00 00


Registers:
RAX=0x0000000000000000, RBX=0x000001d437fa9bd8, RCX=0x000001d437f9be10, RDX=0x0000003700cfeeb0
RSP=0x0000003700cfeeb0, RBP=0x000001d439514038, RSI=0x000001d439514010, RDI=0x0000de3f20ed2d00
R8 =0x0000000000010002, R9 =0x0000de3f20ed2d00, R10=0x0000000000008000, R11=0x0000003700cfee50
R12=0x00007ffa0b033be0, R13=0x000001d419dcb240, R14=0x0000003700cfefb8, R15=0x000001d439514010
RIP=0x00007ffa0b036730, EFLAGS=0x0000000000010202

Top of Stack: (sp=0x0000003700cfeeb0)
0x0000003700cfeeb0:   0000000000000000 00007ffa5bfdf05b
0x0000003700cfeec0:   000001d439514020 000001d439514010
0x0000003700cfeed0:   fffffffffffffffe 00007ffa0b033be0
0x0000003700cfeee0:   000001d439514018 00007ffa5bfe42d6
0x0000003700cfeef0:   000001d439514020 000001d400000000
0x0000003700cfef00:   000001d439514038 000001d439514010
0x0000003700cfef10:   fffffffffffffffe 0000000000000000
0x0000003700cfef20:   0000000000000001 00007ffa0b010000
0x0000003700cfef30:   0000003700cfefa8 00007ffa5bfe41fb
0x0000003700cfef40:   0000000000000000 0000003700cfefb8
0x0000003700cfef50:   0000003700cff270 00007ffa5c0c0e40
0x0000003700cfef60:   0000000000000001 00007ffa5bfe41b4
0x0000003700cfef70:   0000000000000000 0000000000000001
0x0000003700cfef80:   000001d43ad343f0 0000003700cfefa8
0x0000003700cfef90:   0000000000000000 00007ffa0b033a60
0x0000003700cfefa0:   00007ffa0b04d100 00007ffa00000002 

Instructions: (pc=0x00007ffa0b036730)
0x00007ffa0b036630:   8b 4d 60 e8 d8 c9 ff ff 48 8b 55 68 48 8b 8d 08
0x00007ffa0b036640:   01 00 00 e8 a9 be ff ff 33 d2 33 c9 e8 a9 de ff
0x00007ffa0b036650:   ff 90 cc cc cc cc cc cc cc cc cc cc cc cc cc cc
0x00007ffa0b036660:   48 8d 8a 80 00 00 00 e9 14 ea fe ff 48 89 54 24
0x00007ffa0b036670:   10 55 48 83 ec 20 48 8b ea 48 8d 05 1d cb ff ff
0x00007ffa0b036680:   48 83 c4 20 5d c3 cc 40 55 48 8b ea 48 8b 01 33
0x00007ffa0b036690:   c9 81 38 05 00 00 c0 0f 94 c1 8b c1 5d c3 cc 40
0x00007ffa0b0366a0:   55 48 83 ec 20 48 8b ea 8a 4d 40 48 83 c4 20 5d
0x00007ffa0b0366b0:   e9 23 ce ff ff cc 40 55 48 83 ec 20 48 8b ea e8
0x00007ffa0b0366c0:   3c cc ff ff 8a 4d 38 48 83 c4 20 5d e9 07 ce ff
0x00007ffa0b0366d0:   ff cc 40 55 48 83 ec 30 48 8b ea 48 8b 01 8b 10
0x00007ffa0b0366e0:   48 89 4c 24 28 89 54 24 20 4c 8d 0d d0 d1 ff ff
0x00007ffa0b0366f0:   4c 8b 45 70 8b 55 68 48 8b 4d 60 e8 70 cb ff ff
0x00007ffa0b036700:   90 48 83 c4 30 5d c3 cc cc cc cc cc cc cc cc cc
0x00007ffa0b036710:   40 53 48 83 ec 30 48 c7 44 24 20 fe ff ff ff 48
0x00007ffa0b036720:   8b 1d ea 63 01 00 48 85 db 74 16 e8 90 86 ff ff
0x00007ffa0b036730:   4c 8b 00 48 8b d3 48 8b c8 41 ff 90 b0 00 00 00
0x00007ffa0b036740:   90 48 83 c4 30 5b c3 cc cc cc cc cc cc cc cc cc
0x00007ffa0b036750:   40 53 48 83 ec 20 48 8b 1d 4b 65 01 00 48 85 db
0x00007ffa0b036760:   74 57 b8 ff ff ff ff f0 0f c1 43 10 83 f8 01 75
0x00007ffa0b036770:   3d 48 85 db 74 38 48 8b 0b 48 85 c9 74 0d ff 15
0x00007ffa0b036780:   24 0b 00 00 48 c7 03 00 00 00 00 48 8b 4b 08 48
0x00007ffa0b036790:   85 c9 74 0d e8 77 c8 ff ff 48 c7 43 08 00 00 00
0x00007ffa0b0367a0:   00 ba 18 00 00 00 48 8b cb e8 62 c8 ff ff 48 c7
0x00007ffa0b0367b0:   05 ef 64 01 00 00 00 00 00 48 83 c4 20 5b c3 cc
0x00007ffa0b0367c0:   40 53 48 83 ec 20 48 8b 1d bb 64 01 00 48 85 db
0x00007ffa0b0367d0:   74 57 b8 ff ff ff ff f0 0f c1 43 10 83 f8 01 75
0x00007ffa0b0367e0:   3d 48 85 db 74 38 48 8b 0b 48 85 c9 74 0d ff 15
0x00007ffa0b0367f0:   b4 0a 00 00 48 c7 03 00 00 00 00 48 8b 4b 08 48
0x00007ffa0b036800:   85 c9 74 0d e8 07 c8 ff ff 48 c7 43 08 00 00 00
0x00007ffa0b036810:   00 ba 18 00 00 00 48 8b cb e8 f2 c7 ff ff 48 c7
0x00007ffa0b036820:   05 5f 64 01 00 00 00 00 00 48 83 c4 20 5b c3 cc 


Stack slot to memory mapping:
stack at sp + 0 slots: 0x0 is NULL
stack at sp + 1 slots: 0x00007ffa5bfdf05b ucrtbase.dll
stack at sp + 2 slots: 0x000001d439514020 points into unknown readable memory: 0x0000de3f20ed2d00 | 00 2d ed 20 3f de 00 00
stack at sp + 3 slots: 0x000001d439514010 points into unknown readable memory: 0x0000a1c52bee1bd8 | d8 1b ee 2b c5 a1 00 00
stack at sp + 4 slots: 0xfffffffffffffffe is an unknown value
stack at sp + 5 slots: 0x00007ffa0b033be0 glass.dll
stack at sp + 6 slots: 0x000001d439514018 points into unknown readable memory: 0x0000de3f20ed2d00 | 00 2d ed 20 3f de 00 00
stack at sp + 7 slots: 0x00007ffa5bfe42d6 ucrtbase.dll

VM_Operation (0x00000037001ff110): Exit, mode: safepoint, requested by thread 0x000001d43acdeb20


---------------  P R O C E S S  ---------------

Threads class SMR info:
_java_thread_list=0x000001d43ada5e00, length=21, elements={
0x000001d419d727d0, 0x000001d437f9f6a0, 0x000001d437fa0270, 0x000001d437fb88c0,
0x000001d437fbc390, 0x000001d437fbce40, 0x000001d437fc1120, 0x000001d437fc1cc0,
0x000001d437fcd6e0, 0x000001d419e49aa0, 0x000001d43933d160, 0x000001d438a6a790,
0x000001d438b2f4c0, 0x000001d4392ca460, 0x000001d43931fa60, 0x000001d4394a3500,
0x000001d4394a2b60, 0x000001d4394a3ea0, 0x000001d43acd9e20, 0x000001d43acdb630,
0x000001d43acdeb20
}

Java Threads: ( => current thread )
  0x000001d419d727d0 JavaThread "main" [_thread_blocked, id=117524, stack(0x0000003700600000,0x0000003700700000)]
  0x000001d437f9f6a0 JavaThread "Reference Handler" daemon [_thread_blocked, id=117556, stack(0x0000003700d00000,0x0000003700e00000)]
  0x000001d437fa0270 JavaThread "Finalizer" daemon [_thread_blocked, id=117560, stack(0x0000003700e00000,0x0000003700f00000)]
  0x000001d437fb88c0 JavaThread "Signal Dispatcher" daemon [_thread_blocked, id=117564, stack(0x0000003700f00000,0x0000003701000000)]
  0x000001d437fbc390 JavaThread "Attach Listener" daemon [_thread_blocked, id=117568, stack(0x0000003701000000,0x0000003701100000)]
  0x000001d437fbce40 JavaThread "Service Thread" daemon [_thread_blocked, id=117572, stack(0x0000003701100000,0x0000003701200000)]
  0x000001d437fc1120 JavaThread "C2 CompilerThread0" daemon [_thread_blocked, id=117576, stack(0x0000003701200000,0x0000003701300000)]
  0x000001d437fc1cc0 JavaThread "C1 CompilerThread0" daemon [_thread_blocked, id=117580, stack(0x0000003701300000,0x0000003701400000)]
  0x000001d437fcd6e0 JavaThread "Sweeper thread" daemon [_thread_blocked, id=117584, stack(0x0000003701400000,0x0000003701500000)]
  0x000001d419e49aa0 JavaThread "Common-Cleaner" daemon [_thread_blocked, id=117588, stack(0x0000003701500000,0x0000003701600000)]
  0x000001d43933d160 JavaThread "JDWP Event Helper Thread" daemon [_thread_blocked, id=117600, stack(0x0000003701800000,0x0000003701900000)]
  0x000001d438a6a790 JavaThread "Notification Thread" daemon [_thread_blocked, id=117620, stack(0x0000003701600000,0x0000003701700000)]
  0x000001d438b2f4c0 JavaThread "QuantumRenderer-0" daemon [_thread_blocked, id=117640, stack(0x0000003701d00000,0x0000003701e00000)]
  0x000001d4392ca460 JavaThread "InvokeLaterDispatcher" daemon [_thread_blocked, id=117648, stack(0x0000003701e00000,0x0000003701f00000)]
  0x000001d43931fa60 JavaThread "JavaFX Application Thread" [_thread_in_native, id=117652, stack(0x0000003701f00000,0x0000003702000000)]
  0x000001d4394a3500 JavaThread "JavaFX-Launcher" [_thread_blocked, id=117672, stack(0x0000003702400000,0x0000003702500000)]
  0x000001d4394a2b60 JavaThread "Thread-2" daemon [_thread_in_native, id=117668, stack(0x0000003702300000,0x0000003702400000)]
  0x000001d4394a3ea0 JavaThread "Prism Font Disposer" daemon [_thread_blocked, id=117700, stack(0x0000003702600000,0x0000003702700000)]
  0x000001d43acd9e20 JavaThread "Thread-3" [_thread_blocked, id=117704, stack(0x0000003702a00000,0x0000003702b00000)]
  0x000001d43acdb630 JavaThread "Cleaner-0" daemon [_thread_blocked, id=117712, stack(0x0000003702c00000,0x0000003702d00000)]
  0x000001d43acdeb20 JavaThread "SIGINT handler" daemon [_thread_blocked, id=118804, stack(0x0000003700100000,0x0000003700200000)]

Other Threads:
=>0x000001d437f9be10 VMThread "VM Thread" [stack: 0x0000003700c00000,0x0000003700d00000] [id=117552]
  0x000001d419db0a00 GCTaskThread "GC Thread#0" [stack: 0x0000003700700000,0x0000003700800000] [id=117532]
  0x000001d438b2a980 GCTaskThread "GC Thread#1" [stack: 0x0000003701b00000,0x0000003701c00000] [id=117632]
  0x000001d438b2bfd0 GCTaskThread "GC Thread#2" [stack: 0x0000003701c00000,0x0000003701d00000] [id=117636]
  0x000001d438b28cd0 GCTaskThread "GC Thread#3" [stack: 0x0000003702500000,0x0000003702600000] [id=117676]
  0x000001d419dc38b0 ConcurrentGCThread "G1 Main Marker" [stack: 0x0000003700800000,0x0000003700900000] [id=117536]
  0x000001d419dc4c40 ConcurrentGCThread "G1 Conc#0" [stack: 0x0000003700900000,0x0000003700a00000] [id=117540]
  0x000001d419e3e930 ConcurrentGCThread "G1 Refine#0" [stack: 0x0000003700a00000,0x0000003700b00000] [id=117544]
  0x000001d419e3f530 ConcurrentGCThread "G1 Young RemSet Sampling" [stack: 0x0000003700b00000,0x0000003700c00000] [id=117548]

Threads with active compile tasks:

VM state: at safepoint (shutting down)

VM Mutex/Monitor currently owned by a thread:  ([mutex/lock_event])
[0x000001d419d6b860] Threads_lock - owner thread: 0x000001d437f9be10
[0x000001d419d6ca60] Heap_lock - owner thread: 0x000001d43acdeb20

Heap address: 0x0000000081a00000, size: 2022 MB, Compressed Oops mode: 32-bit
CDS archive(s) mapped at: [0x0000000800000000-0x0000000800b50000-0x0000000800b50000), size 11862016, SharedBaseAddress: 0x0000000800000000, ArchiveRelocationMode: 0.
Compressed class space mapped at: 0x0000000800b50000-0x0000000840b50000, size: 1073741824
Narrow klass base: 0x0000000800000000, Narrow klass shift: 3, Narrow klass range: 0x100000000

GC Precious Log:
 CPUs: 4 total, 4 available
 Memory: 8081M
 Large Page Support: Disabled
 NUMA Support: Disabled
 Compressed Oops: Enabled (32-bit)
 Heap Region Size: 1M
 Heap Min Capacity: 8M
 Heap Initial Capacity: 128M
 Heap Max Capacity: 2022M
 Pre-touch: Disabled
 Parallel Workers: 4
 Concurrent Workers: 1
 Concurrent Refinement Workers: 4
 Periodic GC: Disabled

Heap:
 garbage-first heap   total 131072K, used 51802K [0x0000000081a00000, 0x0000000100000000)
  region size 1024K, 47 young (48128K), 2 survivors (2048K)
 Metaspace       used 17056K, capacity 17336K, committed 17536K, reserved 1064960K
  class space    used 2217K, capacity 2305K, committed 2432K, reserved 1048576K

Heap Regions: E=young(eden), S=young(survivor), O=old, HS=humongous(starts), HC=humongous(continues), CS=collection set, F=free, OA=open archive, CA=closed archive, TAMS=top-at-mark-start (previous, next)
|   0|0x0000000081a00000, 0x0000000081b00000, 0x0000000081b00000|100%| O|  |TAMS 0x0000000081a00000, 0x0000000081a00000| Untracked 
|   1|0x0000000081b00000, 0x0000000081c00000, 0x0000000081c00000|100%| O|  |TAMS 0x0000000081b00000, 0x0000000081b00000| Untracked 
|   2|0x0000000081c00000, 0x0000000081c9b200, 0x0000000081d00000| 60%| O|  |TAMS 0x0000000081c00000, 0x0000000081c00000| Untracked 
|   3|0x0000000081d00000, 0x0000000081e00000, 0x0000000081e00000|100%|HS|  |TAMS 0x0000000081d00000, 0x0000000081d00000| Complete 
|   4|0x0000000081e00000, 0x0000000081f00000, 0x0000000081f00000|100%|HC|  |TAMS 0x0000000081e00000, 0x0000000081e00000| Complete 
|   5|0x0000000081f00000, 0x0000000081f00000, 0x0000000082000000|  0%| F|  |TAMS 0x0000000081f00000, 0x0000000081f00000| Untracked 
|   6|0x0000000082000000, 0x0000000082000000, 0x0000000082100000|  0%| F|  |TAMS 0x0000000082000000, 0x0000000082000000| Untracked 
|   7|0x0000000082100000, 0x0000000082100000, 0x0000000082200000|  0%| F|  |TAMS 0x0000000082100000, 0x0000000082100000| Untracked 
|   8|0x0000000082200000, 0x0000000082200000, 0x0000000082300000|  0%| F|  |TAMS 0x0000000082200000, 0x0000000082200000| Untracked 
|   9|0x0000000082300000, 0x0000000082300000, 0x0000000082400000|  0%| F|  |TAMS 0x0000000082300000, 0x0000000082300000| Untracked 
|  10|0x0000000082400000, 0x0000000082400000, 0x0000000082500000|  0%| F|  |TAMS 0x0000000082400000, 0x0000000082400000| Untracked 
|  11|0x0000000082500000, 0x0000000082500000, 0x0000000082600000|  0%| F|  |TAMS 0x0000000082500000, 0x0000000082500000| Untracked 
|  12|0x0000000082600000, 0x0000000082600000, 0x0000000082700000|  0%| F|  |TAMS 0x0000000082600000, 0x0000000082600000| Untracked 
|  13|0x0000000082700000, 0x0000000082700000, 0x0000000082800000|  0%| F|  |TAMS 0x0000000082700000, 0x0000000082700000| Untracked 
|  14|0x0000000082800000, 0x0000000082800000, 0x0000000082900000|  0%| F|  |TAMS 0x0000000082800000, 0x0000000082800000| Untracked 
|  15|0x0000000082900000, 0x0000000082900000, 0x0000000082a00000|  0%| F|  |TAMS 0x0000000082900000, 0x0000000082900000| Untracked 
|  16|0x0000000082a00000, 0x0000000082a00000, 0x0000000082b00000|  0%| F|  |TAMS 0x0000000082a00000, 0x0000000082a00000| Untracked 
|  17|0x0000000082b00000, 0x0000000082b00000, 0x0000000082c00000|  0%| F|  |TAMS 0x0000000082b00000, 0x0000000082b00000| Untracked 
|  18|0x0000000082c00000, 0x0000000082c00000, 0x0000000082d00000|  0%| F|  |TAMS 0x0000000082c00000, 0x0000000082c00000| Untracked 
|  19|0x0000000082d00000, 0x0000000082d00000, 0x0000000082e00000|  0%| F|  |TAMS 0x0000000082d00000, 0x0000000082d00000| Untracked 
|  20|0x0000000082e00000, 0x0000000082e00000, 0x0000000082f00000|  0%| F|  |TAMS 0x0000000082e00000, 0x0000000082e00000| Untracked 
|  21|0x0000000082f00000, 0x0000000082f00000, 0x0000000083000000|  0%| F|  |TAMS 0x0000000082f00000, 0x0000000082f00000| Untracked 
|  22|0x0000000083000000, 0x0000000083000000, 0x0000000083100000|  0%| F|  |TAMS 0x0000000083000000, 0x0000000083000000| Untracked 
|  23|0x0000000083100000, 0x0000000083100000, 0x0000000083200000|  0%| F|  |TAMS 0x0000000083100000, 0x0000000083100000| Untracked 
|  24|0x0000000083200000, 0x0000000083200000, 0x0000000083300000|  0%| F|  |TAMS 0x0000000083200000, 0x0000000083200000| Untracked 
|  25|0x0000000083300000, 0x0000000083300000, 0x0000000083400000|  0%| F|  |TAMS 0x0000000083300000, 0x0000000083300000| Untracked 
|  26|0x0000000083400000, 0x0000000083400000, 0x0000000083500000|  0%| F|  |TAMS 0x0000000083400000, 0x0000000083400000| Untracked 
|  27|0x0000000083500000, 0x0000000083500000, 0x0000000083600000|  0%| F|  |TAMS 0x0000000083500000, 0x0000000083500000| Untracked 
|  28|0x0000000083600000, 0x0000000083600000, 0x0000000083700000|  0%| F|  |TAMS 0x0000000083600000, 0x0000000083600000| Untracked 
|  29|0x0000000083700000, 0x0000000083700000, 0x0000000083800000|  0%| F|  |TAMS 0x0000000083700000, 0x0000000083700000| Untracked 
|  30|0x0000000083800000, 0x0000000083800000, 0x0000000083900000|  0%| F|  |TAMS 0x0000000083800000, 0x0000000083800000| Untracked 
|  31|0x0000000083900000, 0x0000000083900000, 0x0000000083a00000|  0%| F|  |TAMS 0x0000000083900000, 0x0000000083900000| Untracked 
|  32|0x0000000083a00000, 0x0000000083a00000, 0x0000000083b00000|  0%| F|  |TAMS 0x0000000083a00000, 0x0000000083a00000| Untracked 
|  33|0x0000000083b00000, 0x0000000083b00000, 0x0000000083c00000|  0%| F|  |TAMS 0x0000000083b00000, 0x0000000083b00000| Untracked 
|  34|0x0000000083c00000, 0x0000000083c00000, 0x0000000083d00000|  0%| F|  |TAMS 0x0000000083c00000, 0x0000000083c00000| Untracked 
|  35|0x0000000083d00000, 0x0000000083d00000, 0x0000000083e00000|  0%| F|  |TAMS 0x0000000083d00000, 0x0000000083d00000| Untracked 
|  36|0x0000000083e00000, 0x0000000083e00000, 0x0000000083f00000|  0%| F|  |TAMS 0x0000000083e00000, 0x0000000083e00000| Untracked 
|  37|0x0000000083f00000, 0x0000000083f00000, 0x0000000084000000|  0%| F|  |TAMS 0x0000000083f00000, 0x0000000083f00000| Untracked 
|  38|0x0000000084000000, 0x0000000084000000, 0x0000000084100000|  0%| F|  |TAMS 0x0000000084000000, 0x0000000084000000| Untracked 
|  39|0x0000000084100000, 0x0000000084100000, 0x0000000084200000|  0%| F|  |TAMS 0x0000000084100000, 0x0000000084100000| Untracked 
|  40|0x0000000084200000, 0x0000000084200000, 0x0000000084300000|  0%| F|  |TAMS 0x0000000084200000, 0x0000000084200000| Untracked 
|  41|0x0000000084300000, 0x0000000084300000, 0x0000000084400000|  0%| F|  |TAMS 0x0000000084300000, 0x0000000084300000| Untracked 
|  42|0x0000000084400000, 0x0000000084400000, 0x0000000084500000|  0%| F|  |TAMS 0x0000000084400000, 0x0000000084400000| Untracked 
|  43|0x0000000084500000, 0x0000000084500000, 0x0000000084600000|  0%| F|  |TAMS 0x0000000084500000, 0x0000000084500000| Untracked 
|  44|0x0000000084600000, 0x0000000084600000, 0x0000000084700000|  0%| F|  |TAMS 0x0000000084600000, 0x0000000084600000| Untracked 
|  45|0x0000000084700000, 0x0000000084700000, 0x0000000084800000|  0%| F|  |TAMS 0x0000000084700000, 0x0000000084700000| Untracked 
|  46|0x0000000084800000, 0x0000000084800000, 0x0000000084900000|  0%| F|  |TAMS 0x0000000084800000, 0x0000000084800000| Untracked 
|  47|0x0000000084900000, 0x0000000084900000, 0x0000000084a00000|  0%| F|  |TAMS 0x0000000084900000, 0x0000000084900000| Untracked 
|  48|0x0000000084a00000, 0x0000000084a00000, 0x0000000084b00000|  0%| F|  |TAMS 0x0000000084a00000, 0x0000000084a00000| Untracked 
|  49|0x0000000084b00000, 0x0000000084b00000, 0x0000000084c00000|  0%| F|  |TAMS 0x0000000084b00000, 0x0000000084b00000| Untracked 
|  50|0x0000000084c00000, 0x0000000084c00000, 0x0000000084d00000|  0%| F|  |TAMS 0x0000000084c00000, 0x0000000084c00000| Untracked 
|  51|0x0000000084d00000, 0x0000000084d00000, 0x0000000084e00000|  0%| F|  |TAMS 0x0000000084d00000, 0x0000000084d00000| Untracked 
|  52|0x0000000084e00000, 0x0000000084e00000, 0x0000000084f00000|  0%| F|  |TAMS 0x0000000084e00000, 0x0000000084e00000| Untracked 
|  53|0x0000000084f00000, 0x0000000084f00000, 0x0000000085000000|  0%| F|  |TAMS 0x0000000084f00000, 0x0000000084f00000| Untracked 
|  54|0x0000000085000000, 0x0000000085000000, 0x0000000085100000|  0%| F|  |TAMS 0x0000000085000000, 0x0000000085000000| Untracked 
|  55|0x0000000085100000, 0x0000000085100000, 0x0000000085200000|  0%| F|  |TAMS 0x0000000085100000, 0x0000000085100000| Untracked 
|  56|0x0000000085200000, 0x0000000085200000, 0x0000000085300000|  0%| F|  |TAMS 0x0000000085200000, 0x0000000085200000| Untracked 
|  57|0x0000000085300000, 0x0000000085300000, 0x0000000085400000|  0%| F|  |TAMS 0x0000000085300000, 0x0000000085300000| Untracked 
|  58|0x0000000085400000, 0x0000000085400000, 0x0000000085500000|  0%| F|  |TAMS 0x0000000085400000, 0x0000000085400000| Untracked 
|  59|0x0000000085500000, 0x0000000085500000, 0x0000000085600000|  0%| F|  |TAMS 0x0000000085500000, 0x0000000085500000| Untracked 
|  60|0x0000000085600000, 0x0000000085600000, 0x0000000085700000|  0%| F|  |TAMS 0x0000000085600000, 0x0000000085600000| Untracked 
|  61|0x0000000085700000, 0x0000000085700000, 0x0000000085800000|  0%| F|  |TAMS 0x0000000085700000, 0x0000000085700000| Untracked 
|  62|0x0000000085800000, 0x0000000085800000, 0x0000000085900000|  0%| F|  |TAMS 0x0000000085800000, 0x0000000085800000| Untracked 
|  63|0x0000000085900000, 0x0000000085900000, 0x0000000085a00000|  0%| F|  |TAMS 0x0000000085900000, 0x0000000085900000| Untracked 
|  64|0x0000000085a00000, 0x0000000085a00000, 0x0000000085b00000|  0%| F|  |TAMS 0x0000000085a00000, 0x0000000085a00000| Untracked 
|  65|0x0000000085b00000, 0x0000000085b00000, 0x0000000085c00000|  0%| F|  |TAMS 0x0000000085b00000, 0x0000000085b00000| Untracked 
|  66|0x0000000085c00000, 0x0000000085c00000, 0x0000000085d00000|  0%| F|  |TAMS 0x0000000085c00000, 0x0000000085c00000| Untracked 
|  67|0x0000000085d00000, 0x0000000085d00000, 0x0000000085e00000|  0%| F|  |TAMS 0x0000000085d00000, 0x0000000085d00000| Untracked 
|  68|0x0000000085e00000, 0x0000000085e00000, 0x0000000085f00000|  0%| F|  |TAMS 0x0000000085e00000, 0x0000000085e00000| Untracked 
|  69|0x0000000085f00000, 0x0000000085f00000, 0x0000000086000000|  0%| F|  |TAMS 0x0000000085f00000, 0x0000000085f00000| Untracked 
|  70|0x0000000086000000, 0x0000000086000000, 0x0000000086100000|  0%| F|  |TAMS 0x0000000086000000, 0x0000000086000000| Untracked 
|  71|0x0000000086100000, 0x0000000086100000, 0x0000000086200000|  0%| F|  |TAMS 0x0000000086100000, 0x0000000086100000| Untracked 
|  72|0x0000000086200000, 0x0000000086200000, 0x0000000086300000|  0%| F|  |TAMS 0x0000000086200000, 0x0000000086200000| Untracked 
|  73|0x0000000086300000, 0x0000000086300000, 0x0000000086400000|  0%| F|  |TAMS 0x0000000086300000, 0x0000000086300000| Untracked 
|  74|0x0000000086400000, 0x0000000086400000, 0x0000000086500000|  0%| F|  |TAMS 0x0000000086400000, 0x0000000086400000| Untracked 
|  75|0x0000000086500000, 0x0000000086500000, 0x0000000086600000|  0%| F|  |TAMS 0x0000000086500000, 0x0000000086500000| Untracked 
|  76|0x0000000086600000, 0x0000000086600000, 0x0000000086700000|  0%| F|  |TAMS 0x0000000086600000, 0x0000000086600000| Untracked 
|  77|0x0000000086700000, 0x0000000086700000, 0x0000000086800000|  0%| F|  |TAMS 0x0000000086700000, 0x0000000086700000| Untracked 
|  78|0x0000000086800000, 0x0000000086800000, 0x0000000086900000|  0%| F|  |TAMS 0x0000000086800000, 0x0000000086800000| Untracked 
|  79|0x0000000086900000, 0x0000000086900000, 0x0000000086a00000|  0%| F|  |TAMS 0x0000000086900000, 0x0000000086900000| Untracked 
|  80|0x0000000086a00000, 0x0000000086a00000, 0x0000000086b00000|  0%| F|  |TAMS 0x0000000086a00000, 0x0000000086a00000| Untracked 
|  81|0x0000000086b00000, 0x0000000086b00800, 0x0000000086c00000|  0%| E|  |TAMS 0x0000000086b00000, 0x0000000086b00000| Complete 
|  82|0x0000000086c00000, 0x0000000086d00000, 0x0000000086d00000|100%| E|CS|TAMS 0x0000000086c00000, 0x0000000086c00000| Complete 
|  83|0x0000000086d00000, 0x0000000086e00000, 0x0000000086e00000|100%| E|CS|TAMS 0x0000000086d00000, 0x0000000086d00000| Complete 
|  84|0x0000000086e00000, 0x0000000086f00000, 0x0000000086f00000|100%| E|CS|TAMS 0x0000000086e00000, 0x0000000086e00000| Complete 
|  85|0x0000000086f00000, 0x0000000087000000, 0x0000000087000000|100%| E|CS|TAMS 0x0000000086f00000, 0x0000000086f00000| Complete 
|  86|0x0000000087000000, 0x0000000087100000, 0x0000000087100000|100%| E|CS|TAMS 0x0000000087000000, 0x0000000087000000| Complete 
|  87|0x0000000087100000, 0x0000000087200000, 0x0000000087200000|100%| E|CS|TAMS 0x0000000087100000, 0x0000000087100000| Complete 
|  88|0x0000000087200000, 0x0000000087300000, 0x0000000087300000|100%| E|CS|TAMS 0x0000000087200000, 0x0000000087200000| Complete 
|  89|0x0000000087300000, 0x0000000087400000, 0x0000000087400000|100%| E|CS|TAMS 0x0000000087300000, 0x0000000087300000| Complete 
|  90|0x0000000087400000, 0x0000000087500000, 0x0000000087500000|100%| E|CS|TAMS 0x0000000087400000, 0x0000000087400000| Complete 
|  91|0x0000000087500000, 0x0000000087600000, 0x0000000087600000|100%| E|CS|TAMS 0x0000000087500000, 0x0000000087500000| Complete 
|  92|0x0000000087600000, 0x0000000087700000, 0x0000000087700000|100%| E|CS|TAMS 0x0000000087600000, 0x0000000087600000| Complete 
|  93|0x0000000087700000, 0x0000000087800000, 0x0000000087800000|100%| E|CS|TAMS 0x0000000087700000, 0x0000000087700000| Complete 
|  94|0x0000000087800000, 0x0000000087900000, 0x0000000087900000|100%| E|CS|TAMS 0x0000000087800000, 0x0000000087800000| Complete 
|  95|0x0000000087900000, 0x0000000087a00000, 0x0000000087a00000|100%| E|CS|TAMS 0x0000000087900000, 0x0000000087900000| Complete 
|  96|0x0000000087a00000, 0x0000000087b00000, 0x0000000087b00000|100%| E|CS|TAMS 0x0000000087a00000, 0x0000000087a00000| Complete 
|  97|0x0000000087b00000, 0x0000000087c00000, 0x0000000087c00000|100%| E|CS|TAMS 0x0000000087b00000, 0x0000000087b00000| Complete 
|  98|0x0000000087c00000, 0x0000000087d00000, 0x0000000087d00000|100%| E|CS|TAMS 0x0000000087c00000, 0x0000000087c00000| Complete 
|  99|0x0000000087d00000, 0x0000000087e00000, 0x0000000087e00000|100%| E|CS|TAMS 0x0000000087d00000, 0x0000000087d00000| Complete 
| 100|0x0000000087e00000, 0x0000000087f00000, 0x0000000087f00000|100%| E|CS|TAMS 0x0000000087e00000, 0x0000000087e00000| Complete 
| 101|0x0000000087f00000, 0x0000000088000000, 0x0000000088000000|100%| E|CS|TAMS 0x0000000087f00000, 0x0000000087f00000| Complete 
| 102|0x0000000088000000, 0x0000000088100000, 0x0000000088100000|100%| E|CS|TAMS 0x0000000088000000, 0x0000000088000000| Complete 
| 103|0x0000000088100000, 0x0000000088200000, 0x0000000088200000|100%| E|CS|TAMS 0x0000000088100000, 0x0000000088100000| Complete 
| 104|0x0000000088200000, 0x0000000088300000, 0x0000000088300000|100%| E|CS|TAMS 0x0000000088200000, 0x0000000088200000| Complete 
| 105|0x0000000088300000, 0x0000000088400000, 0x0000000088400000|100%| E|CS|TAMS 0x0000000088300000, 0x0000000088300000| Complete 
| 106|0x0000000088400000, 0x0000000088500000, 0x0000000088500000|100%| E|CS|TAMS 0x0000000088400000, 0x0000000088400000| Complete 
| 107|0x0000000088500000, 0x0000000088600000, 0x0000000088600000|100%| E|CS|TAMS 0x0000000088500000, 0x0000000088500000| Complete 
| 108|0x0000000088600000, 0x00000000886fb8f8, 0x0000000088700000| 98%| S|CS|TAMS 0x0000000088600000, 0x0000000088600000| Complete 
| 109|0x0000000088700000, 0x0000000088800000, 0x0000000088800000|100%| S|CS|TAMS 0x0000000088700000, 0x0000000088700000| Complete 
| 110|0x0000000088800000, 0x0000000088900000, 0x0000000088900000|100%| E|CS|TAMS 0x0000000088800000, 0x0000000088800000| Complete 
| 111|0x0000000088900000, 0x0000000088a00000, 0x0000000088a00000|100%| E|CS|TAMS 0x0000000088900000, 0x0000000088900000| Complete 
| 112|0x0000000088a00000, 0x0000000088b00000, 0x0000000088b00000|100%| E|CS|TAMS 0x0000000088a00000, 0x0000000088a00000| Complete 
| 113|0x0000000088b00000, 0x0000000088c00000, 0x0000000088c00000|100%| E|CS|TAMS 0x0000000088b00000, 0x0000000088b00000| Complete 
| 114|0x0000000088c00000, 0x0000000088d00000, 0x0000000088d00000|100%| E|CS|TAMS 0x0000000088c00000, 0x0000000088c00000| Complete 
| 115|0x0000000088d00000, 0x0000000088e00000, 0x0000000088e00000|100%| E|CS|TAMS 0x0000000088d00000, 0x0000000088d00000| Complete 
| 116|0x0000000088e00000, 0x0000000088f00000, 0x0000000088f00000|100%| E|CS|TAMS 0x0000000088e00000, 0x0000000088e00000| Complete 
| 117|0x0000000088f00000, 0x0000000089000000, 0x0000000089000000|100%| E|CS|TAMS 0x0000000088f00000, 0x0000000088f00000| Complete 
| 118|0x0000000089000000, 0x0000000089100000, 0x0000000089100000|100%| E|CS|TAMS 0x0000000089000000, 0x0000000089000000| Complete 
| 119|0x0000000089100000, 0x0000000089200000, 0x0000000089200000|100%| E|CS|TAMS 0x0000000089100000, 0x0000000089100000| Complete 
| 120|0x0000000089200000, 0x0000000089300000, 0x0000000089300000|100%| E|CS|TAMS 0x0000000089200000, 0x0000000089200000| Complete 
| 121|0x0000000089300000, 0x0000000089400000, 0x0000000089400000|100%| E|CS|TAMS 0x0000000089300000, 0x0000000089300000| Complete 
| 122|0x0000000089400000, 0x0000000089500000, 0x0000000089500000|100%| E|CS|TAMS 0x0000000089400000, 0x0000000089400000| Complete 
| 123|0x0000000089500000, 0x0000000089600000, 0x0000000089600000|100%| E|CS|TAMS 0x0000000089500000, 0x0000000089500000| Complete 
| 124|0x0000000089600000, 0x0000000089700000, 0x0000000089700000|100%| E|CS|TAMS 0x0000000089600000, 0x0000000089600000| Complete 
| 125|0x0000000089700000, 0x0000000089800000, 0x0000000089800000|100%| E|CS|TAMS 0x0000000089700000, 0x0000000089700000| Complete 
| 126|0x0000000089800000, 0x0000000089900000, 0x0000000089900000|100%| E|CS|TAMS 0x0000000089800000, 0x0000000089800000| Complete 
| 127|0x0000000089900000, 0x0000000089a00000, 0x0000000089a00000|100%| E|CS|TAMS 0x0000000089900000, 0x0000000089900000| Complete 

Card table byte_map: [0x000001d4313b0000,0x000001d4317b0000] _byte_map_base: 0x000001d430fa3000

Marking Bits (Prev, Next): (CMBitMap*) 0x000001d419db2280, (CMBitMap*) 0x000001d419db22c0
 Prev Bits: [0x000001d431bb0000, 0x000001d433b48000)
 Next Bits: [0x000001d433b50000, 0x000001d435ae8000)

Polling page: 0x000001d417c00000

Metaspace:

Usage:
  Non-class:     14.68 MB capacity,    14.49 MB ( 99%) used,   166.20 KB (  1%) free+waste,    26.50 KB ( <1%) overhead. 
      Class:      2.25 MB capacity,     2.17 MB ( 96%) used,    76.09 KB (  3%) free+waste,    10.94 KB ( <1%) overhead. 
       Both:     16.93 MB capacity,    16.66 MB ( 98%) used,   242.30 KB (  1%) free+waste,    37.44 KB ( <1%) overhead. 

Virtual space:
  Non-class space:       16.00 MB reserved,      14.75 MB ( 92%) committed 
      Class space:        1.00 GB reserved,       2.38 MB ( <1%) committed 
             Both:        1.02 GB reserved,      17.12 MB (  2%) committed 

Chunk freelists:
   Non-Class:  9.00 KB
       Class:  0 bytes
        Both:  9.00 KB

MaxMetaspaceSize: 17179869184.00 GB
CompressedClassSpaceSize: 1.00 GB

CodeHeap 'non-profiled nmethods': size=120000Kb used=1294Kb max_used=1294Kb free=118705Kb
 bounds [0x000001d429a80000, 0x000001d429cf0000, 0x000001d430fb0000]
CodeHeap 'profiled nmethods': size=120000Kb used=6207Kb max_used=6207Kb free=113792Kb
 bounds [0x000001d422550000, 0x000001d422b60000, 0x000001d429a80000]
CodeHeap 'non-nmethods': size=5760Kb used=1535Kb max_used=1559Kb free=4224Kb
 bounds [0x000001d421fb0000, 0x000001d422220000, 0x000001d422550000]
 total_blobs=4034 nmethods=3255 adapters=690
 compilation: enabled
              stopped_count=0, restarted_count=0
 full_count=0

Compilation events (20 events):
Event: 94.104 Thread 0x000001d437fc1120 3248       4       java.util.EnumMap$EnumMapIterator::hasNext (64 bytes)
Event: 94.111 Thread 0x000001d437fc1120 nmethod 3248 0x000001d429bc3010 code [0x000001d429bc31a0, 0x000001d429bc33b8]
Event: 109.431 Thread 0x000001d437fc1120 3249       4       com.sun.javafx.geom.PickRay::setDirection (12 bytes)
Event: 109.433 Thread 0x000001d437fc1120 nmethod 3249 0x000001d429bc3510 code [0x000001d429bc3680, 0x000001d429bc3758]
Event: 109.492 Thread 0x000001d437fc1cc0 3250       3       com.sun.javafx.css.PseudoClassState::contains (6 bytes)
Event: 109.492 Thread 0x000001d437fc1cc0 nmethod 3250 0x000001d422b5a890 code [0x000001d422b5aa40, 0x000001d422b5ab88]
Event: 109.492 Thread 0x000001d437fc1cc0 3251       3       com.sun.javafx.css.BitSet::contains (63 bytes)
Event: 109.493 Thread 0x000001d437fc1cc0 nmethod 3251 0x000001d422b5ac10 code [0x000001d422b5ade0, 0x000001d422b5b2c8]
Event: 109.672 Thread 0x000001d437fc1120 3252       4       com.sun.glass.ui.Application::checkEventThread (35 bytes)
Event: 109.672 Thread 0x000001d437fc1120 nmethod 3252 0x000001d429bc3810 code [0x000001d429bc3980, 0x000001d429bc39f8]
Event: 109.756 Thread 0x000001d437fc1cc0 3253       3       javafx.scene.shape.Shape::computeShapeContains (159 bytes)
Event: 109.764 Thread 0x000001d437fc1cc0 nmethod 3253 0x000001d422b5b490 code [0x000001d422b5b860, 0x000001d422b5d518]
Event: 109.764 Thread 0x000001d437fc1cc0 3254       3       javafx.scene.shape.Shape::doComputeContains (11 bytes)
Event: 109.765 Thread 0x000001d437fc1cc0 nmethod 3254 0x000001d422b5de10 code [0x000001d422b5dfe0, 0x000001d422b5e408]
Event: 113.256 Thread 0x000001d437fc1cc0 3255  s    3       java.util.Hashtable::get (69 bytes)
Event: 113.257 Thread 0x000001d437fc1cc0 nmethod 3255 0x000001d422b5e590 code [0x000001d422b5e760, 0x000001d422b5ec98]
Event: 113.260 Thread 0x000001d437fc1cc0 3256       3       java.util.LinkedList$ListItr::next (56 bytes)
Event: 113.261 Thread 0x000001d437fc1cc0 nmethod 3256 0x000001d422b5ee90 code [0x000001d422b5f080, 0x000001d422b5f5b8]
Event: 113.261 Thread 0x000001d437fc1cc0 3257       3       java.util.LinkedList$ListItr::checkForComodification (23 bytes)
Event: 113.262 Thread 0x000001d437fc1cc0 nmethod 3257 0x000001d422b5f810 code [0x000001d422b5f9c0, 0x000001d422b5fbe8]

GC Heap History (4 events):
Event: 3.641 GC heap before
{Heap before GC invocations=0 (full 0):
 garbage-first heap   total 131072K, used 13312K [0x0000000081a00000, 0x0000000100000000)
  region size 1024K, 13 young (13312K), 0 survivors (0K)
 Metaspace       used 2347K, capacity 5559K, committed 5760K, reserved 1056768K
  class space    used 251K, capacity 553K, committed 640K, reserved 1048576K
}
Event: 3.646 GC heap after
{Heap after GC invocations=1 (full 0):
 garbage-first heap   total 131072K, used 2610K [0x0000000081a00000, 0x0000000100000000)
  region size 1024K, 2 young (2048K), 2 survivors (2048K)
 Metaspace       used 2347K, capacity 5559K, committed 5760K, reserved 1056768K
  class space    used 251K, capacity 553K, committed 640K, reserved 1048576K
}
Event: 4.218 GC heap before
{Heap before GC invocations=1 (full 0):
 garbage-first heap   total 131072K, used 17970K [0x0000000081a00000, 0x0000000100000000)
  region size 1024K, 18 young (18432K), 2 survivors (2048K)
 Metaspace       used 7037K, capacity 8695K, committed 8960K, reserved 1056768K
  class space    used 810K, capacity 957K, committed 1024K, reserved 1048576K
}
Event: 4.225 GC heap after
{Heap after GC invocations=2 (full 0):
 garbage-first heap   total 131072K, used 4698K [0x0000000081a00000, 0x0000000100000000)
  region size 1024K, 2 young (2048K), 2 survivors (2048K)
 Metaspace       used 7037K, capacity 8695K, committed 8960K, reserved 1056768K
  class space    used 810K, capacity 957K, committed 1024K, reserved 1048576K
}

Deoptimization events (20 events):
Event: 5.842 Thread 0x000001d4394a2b60 Uncommon trap: trap_request=0xffffffde fr.pc=0x000001d429b00e24 relative=0x0000000000001184
Event: 5.842 Thread 0x000001d4394a2b60 Uncommon trap: reason=class_check action=maybe_recompile pc=0x000001d429b00e24 method=java.util.concurrent.ConcurrentHashMap.putVal(Ljava/lang/Object;Ljava/lang/Object;Z)Ljava/lang/Object; @ 242 c2
Event: 5.842 Thread 0x000001d4394a2b60 DEOPT PACKING pc=0x000001d429b00e24 sp=0x00000037023fec90
Event: 5.842 Thread 0x000001d4394a2b60 DEOPT UNPACKING pc=0x000001d421ffe42f sp=0x00000037023fec10 mode 2
Event: 38.685 Thread 0x000001d43931fa60 DEOPT PACKING pc=0x000001d4227a60a4 sp=0x0000003701ffc8e0
Event: 38.685 Thread 0x000001d43931fa60 DEOPT UNPACKING pc=0x000001d421ffe23f sp=0x0000003701ffbdb0 mode 1
Event: 41.926 Thread 0x000001d43931fa60 Uncommon trap: trap_request=0xffffff45 fr.pc=0x000001d429b430b4 relative=0x0000000000001194
Event: 41.926 Thread 0x000001d43931fa60 Uncommon trap: reason=unstable_if action=reinterpret pc=0x000001d429b430b4 method=java.util.concurrent.ConcurrentHashMap.putVal(Ljava/lang/Object;Ljava/lang/Object;Z)Ljava/lang/Object; @ 231 c2
Event: 41.926 Thread 0x000001d43931fa60 DEOPT PACKING pc=0x000001d429b430b4 sp=0x0000003701ff9db0
Event: 41.926 Thread 0x000001d43931fa60 DEOPT UNPACKING pc=0x000001d421ffe42f sp=0x0000003701ff9d30 mode 2
Event: 76.004 Thread 0x000001d43931fa60 Uncommon trap: trap_request=0xffffff45 fr.pc=0x000001d429b3f21c relative=0x00000000000003fc
Event: 76.004 Thread 0x000001d43931fa60 Uncommon trap: reason=unstable_if action=reinterpret pc=0x000001d429b3f21c method=java.lang.AbstractStringBuilder.append(C)Ljava/lang/AbstractStringBuilder; @ 21 c2
Event: 76.004 Thread 0x000001d43931fa60 DEOPT PACKING pc=0x000001d429b3f21c sp=0x0000003701ffa3c0
Event: 76.004 Thread 0x000001d43931fa60 DEOPT UNPACKING pc=0x000001d421ffe42f sp=0x0000003701ffa368 mode 2
Event: 89.398 Thread 0x000001d43931fa60 DEOPT PACKING pc=0x000001d4227a60a4 sp=0x0000003701ffa310
Event: 89.398 Thread 0x000001d43931fa60 DEOPT UNPACKING pc=0x000001d421ffe23f sp=0x0000003701ff97e0 mode 1
Event: 113.260 Thread 0x000001d438b2f4c0 DEOPT PACKING pc=0x000001d4229ba244 sp=0x0000003701dfedc0
Event: 113.260 Thread 0x000001d438b2f4c0 DEOPT UNPACKING pc=0x000001d421ffe23f sp=0x0000003701dfe2e0 mode 1
Event: 113.261 Thread 0x000001d43acdb160 DEOPT PACKING pc=0x000001d4226c2854 sp=0x00000037004ff030
Event: 113.261 Thread 0x000001d43acdb160 DEOPT UNPACKING pc=0x000001d421ffe23f sp=0x00000037004fe490 mode 1

Classes unloaded (0 events):
No events

Classes redefined (0 events):
No events

Internal exceptions (20 events):
Event: 3.854 Thread 0x000001d4394a3500 Exception <a 'java/lang/NoSuchMethodError'{0x0000000089356a10}: 'void java.lang.invoke.DirectMethodHandle$Holder.invokeStatic(java.lang.Object, java.lang.Object, java.lang.Object, java.lang.Object)'> (0x0000000089356a10) 
thrown [./open/src/hotspot/share/interpreter/linkResolver.cpp, line 782]
Event: 4.048 Thread 0x000001d43931fa60 Exception <a 'java/lang/NoSuchMethodError'{0x0000000088a63a48}: 'java.lang.Object java.lang.invoke.DirectMethodHandle$Holder.invokeStaticInit(java.lang.Object, java.lang.Object, java.lang.Object, java.lang.Object)'> (0x0000000088a63a48) 
thrown [./open/src/hotspot/share/interpreter/linkResolver.cpp, line 782]
Event: 4.052 Thread 0x000001d43931fa60 Exception <a 'java/lang/NullPointerException'{0x0000000088a70738}> (0x0000000088a70738) 
thrown [./open/src/hotspot/share/interpreter/linkResolver.cpp, line 1374]
Event: 4.060 Thread 0x000001d43931fa60 Exception <a 'java/lang/NoSuchMethodError'{0x0000000088a92e70}: 'void java.lang.invoke.DirectMethodHandle$Holder.invokeSpecial(java.lang.Object, java.lang.Object, java.lang.Object, java.lang.Object, java.lang.Object)'> (0x0000000088a92e70) 
thrown [./open/src/hotspot/share/interpreter/linkResolver.cpp, line 782]
Event: 4.174 Thread 0x000001d43931fa60 Exception <a 'java/lang/ClassNotFoundException'{0x000000008886a5f8}: sun/util/logging/resources/spi/loggingProvider> (0x000000008886a5f8) 
thrown [./open/src/hotspot/share/classfile/systemDictionary.cpp, line 295]
Event: 4.425 Thread 0x000001d43931fa60 Exception <a 'java/lang/NoSuchMethodError'{0x00000000893d9bd8}: 'void java.lang.invoke.DirectMethodHandle$Holder.invokeStaticInit(java.lang.Object, java.lang.Object)'> (0x00000000893d9bd8) 
thrown [./open/src/hotspot/share/interpreter/linkResolver.cpp, line 782]
Event: 4.887 Thread 0x000001d43931fa60 Implicit null exception at 0x000001d429aa0158 to 0x000001d429aa01ea
Event: 4.974 Thread 0x000001d43931fa60 Implicit null exception at 0x000001d429aef298 to 0x000001d429aef82c
Event: 5.224 Thread 0x000001d43931fa60 Exception <a 'java/lang/ClassNotFoundException'{0x0000000088197298}: com/sun/javafx/scene/control/skin/resources/controls> (0x0000000088197298) 
thrown [./open/src/hotspot/share/prims/jni.cpp, line 599]
Event: 5.227 Thread 0x000001d43931fa60 Exception <a 'java/lang/ClassNotFoundException'{0x00000000881a4d90}: com/sun/javafx/scene/control/skin/resources/controls_ru> (0x00000000881a4d90) 
thrown [./open/src/hotspot/share/prims/jni.cpp, line 599]
Event: 5.227 Thread 0x000001d43931fa60 Exception <a 'java/lang/ClassNotFoundException'{0x00000000881a65f8}: com/sun/javafx/scene/control/skin/resources/controls_ru_RU> (0x00000000881a65f8) 
thrown [./open/src/hotspot/share/prims/jni.cpp, line 599]
Event: 5.357 Thread 0x000001d43931fa60 Exception <a 'java/lang/NoSuchMethodError'{0x0000000087f921c0}: 'void java.lang.invoke.DirectMethodHandle$Holder.invokeSpecial(java.lang.Object, java.lang.Object, java.lang.Object, java.lang.Object, java.lang.Object, java.lang.Object)'> (0x0000000087f921c0) 
thrown [./open/src/hotspot/share/interpreter/linkResolver.cpp, line 782]
Event: 5.430 Thread 0x000001d43931fa60 Exception <a 'java/lang/NoSuchMethodError'{0x0000000087c87638}: 'java.lang.Object java.lang.invoke.DirectMethodHandle$Holder.invokeInterface(java.lang.Object, java.lang.Object, java.lang.Object)'> (0x0000000087c87638) 
thrown [./open/src/hotspot/share/interpreter/linkResolver.cpp, line 782]
Event: 5.431 Thread 0x000001d43931fa60 Exception <a 'java/lang/IncompatibleClassChangeError'{0x0000000087c8b1b8}: Found class java.lang.Object, but interface was expected> (0x0000000087c8b1b8) 
thrown [./open/src/hotspot/share/interpreter/linkResolver.cpp, line 848]
Event: 5.614 Thread 0x000001d43931fa60 Exception <a 'java/lang/NoSuchMethodError'{0x0000000087ab3d50}: 'java.lang.Object java.lang.invoke.DirectMethodHandle$Holder.newInvokeSpecial(java.lang.Object, java.lang.Object, int)'> (0x0000000087ab3d50) 
thrown [./open/src/hotspot/share/interpreter/linkResolver.cpp, line 782]
Event: 5.659 Thread 0x000001d438b2f4c0 Exception <a 'java/lang/NoSuchMethodError'{0x000000008797cfa8}: 'int java.lang.invoke.DirectMethodHandle$Holder.invokeStaticInit(java.lang.Object, java.lang.Object)'> (0x000000008797cfa8) 
thrown [./open/src/hotspot/share/interpreter/linkResolver.cpp, line 782]
Event: 5.672 Thread 0x000001d43931fa60 Exception <a 'java/lang/NoSuchMethodError'{0x000000008781ca58}: 'long java.lang.invoke.DirectMethodHandle$Holder.invokeStatic(java.lang.Object, java.lang.Object, java.lang.Object)'> (0x000000008781ca58) 
thrown [./open/src/hotspot/share/interpreter/linkResolver.cpp, line 782]
Event: 5.673 Thread 0x000001d43931fa60 Exception <a 'java/lang/NoSuchMethodError'{0x0000000087820408}: 'long java.lang.invoke.DirectMethodHandle$Holder.invokeStaticInit(java.lang.Object, java.lang.Object, java.lang.Object)'> (0x0000000087820408) 
thrown [./open/src/hotspot/share/interpreter/linkResolver.cpp, line 782]
Event: 5.684 Thread 0x000001d43931fa60 Exception <a 'java/lang/NoSuchMethodError'{0x0000000087838468}: 'java.lang.Object java.lang.invoke.DirectMethodHandle$Holder.newInvokeSpecial(java.lang.Object, java.lang.Object, long)'> (0x0000000087838468) 
thrown [./open/src/hotspot/share/interpreter/linkResolver.cpp, line 782]
Event: 5.684 Thread 0x000001d43931fa60 Exception <a 'java/lang/NoSuchMethodError'{0x000000008783c1d8}: 'java.lang.Object java.lang.invoke.Invokers$Holder.linkToTargetMethod(java.lang.Object, long, java.lang.Object)'> (0x000000008783c1d8) 
thrown [./open/src/hotspot/share/interpreter/linkResolver.cpp, line 782]

Events (20 events):
Event: 112.954 Executing VM operation: ChangeBreakpoints done
Event: 112.955 Executing VM operation: ChangeBreakpoints
Event: 112.955 Executing VM operation: ChangeBreakpoints done
Event: 112.955 Executing VM operation: ChangeBreakpoints
Event: 112.955 Executing VM operation: ChangeBreakpoints done
Event: 112.956 Executing VM operation: ChangeBreakpoints
Event: 112.956 Executing VM operation: ChangeBreakpoints done
Event: 112.958 Thread 0x000001d438d2e7b0 Thread exited: 0x000001d438d2e7b0
Event: 113.256 loading class jdk/internal/misc/Signal$1
Event: 113.256 loading class jdk/internal/misc/Signal$1 done
Event: 113.257 Thread 0x000001d43acdeb20 Thread added: 0x000001d43acdeb20
Event: 113.258 Thread 0x000001d43acdb160 Thread added: 0x000001d43acdb160
Event: 113.258 Thread 0x000001d43acdfe60 Thread added: 0x000001d43acdfe60
Event: 113.258 loading class com/sun/javafx/tk/quantum/QuantumRenderer
Event: 113.258 loading class com/sun/javafx/tk/quantum/QuantumRenderer done
Event: 113.259 Thread 0x000001d43acdfe60 Thread exited: 0x000001d43acdfe60
Event: 113.260 loading class com/sun/javafx/tk/quantum/QuantumToolkit
Event: 113.260 loading class com/sun/javafx/tk/quantum/QuantumToolkit done
Event: 113.262 Thread 0x000001d43acdb160 Thread exited: 0x000001d43acdb160
Event: 113.262 Executing VM operation: Exit


Dynamic libraries:
0x00007ff7af630000 - 0x00007ff7af63f000 	C:\Program Files\Java\jdk-15.0.1\bin\java.exe
0x00007ffa5e0f0000 - 0x00007ffa5e2e6000 	C:\WINDOWS\SYSTEM32\ntdll.dll
0x00007ffa5de80000 - 0x00007ffa5df3d000 	C:\WINDOWS\System32\KERNEL32.DLL
0x00007ffa5b990000 - 0x00007ffa5bc59000 	C:\WINDOWS\System32\KERNELBASE.dll
0x00007ffa5bfd0000 - 0x00007ffa5c0d0000 	C:\WINDOWS\System32\ucrtbase.dll
0x00007ffa57320000 - 0x00007ffa57339000 	C:\Program Files\Java\jdk-15.0.1\bin\VCRUNTIME140.dll
0x00007ffa52230000 - 0x00007ffa52248000 	C:\Program Files\Java\jdk-15.0.1\bin\jli.dll
0x00007ffa5c180000 - 0x00007ffa5c22c000 	C:\WINDOWS\System32\ADVAPI32.dll
0x00007ffa5d750000 - 0x00007ffa5d7ee000 	C:\WINDOWS\System32\msvcrt.dll
0x00007ffa5dc30000 - 0x00007ffa5dccc000 	C:\WINDOWS\System32\sechost.dll
0x00007ffa5cbb0000 - 0x00007ffa5ccdb000 	C:\WINDOWS\System32\RPCRT4.dll
0x00007ffa5c290000 - 0x00007ffa5c430000 	C:\WINDOWS\System32\USER32.dll
0x00007ffa5bdc0000 - 0x00007ffa5bde2000 	C:\WINDOWS\System32\win32u.dll
0x00007ffa50ba0000 - 0x00007ffa50e3b000 	C:\WINDOWS\WinSxS\amd64_microsoft.windows.common-controls_6595b64144ccf1df_6.0.19041.746_none_ca02b4b61b8320a4\COMCTL32.dll
0x00007ffa5c430000 - 0x00007ffa5c45a000 	C:\WINDOWS\System32\GDI32.dll
0x00007ffa5b880000 - 0x00007ffa5b98b000 	C:\WINDOWS\System32\gdi32full.dll
0x00007ffa5bdf0000 - 0x00007ffa5be8d000 	C:\WINDOWS\System32\msvcp_win.dll
0x00007ffa55610000 - 0x00007ffa5561a000 	C:\WINDOWS\SYSTEM32\VERSION.dll
0x00007ffa5da50000 - 0x00007ffa5da80000 	C:\WINDOWS\System32\IMM32.DLL
0x00007ffa499c0000 - 0x00007ffa499cc000 	C:\Program Files\Java\jdk-15.0.1\bin\vcruntime140_1.dll
0x00007ffa41f60000 - 0x00007ffa41ff1000 	C:\Program Files\Java\jdk-15.0.1\bin\msvcp140.dll
0x00007ffa11e50000 - 0x00007ffa129ae000 	C:\Program Files\Java\jdk-15.0.1\bin\server\jvm.dll
0x00007ffa5d3d0000 - 0x00007ffa5d3d8000 	C:\WINDOWS\System32\PSAPI.DLL
0x00007ffa57380000 - 0x00007ffa57389000 	C:\WINDOWS\SYSTEM32\WSOCK32.dll
0x00007ffa53340000 - 0x00007ffa53367000 	C:\WINDOWS\SYSTEM32\WINMM.dll
0x00007ffa5de00000 - 0x00007ffa5de6b000 	C:\WINDOWS\System32\WS2_32.dll
0x00007ffa59610000 - 0x00007ffa59622000 	C:\WINDOWS\SYSTEM32\kernel.appcore.dll
0x00007ffa499b0000 - 0x00007ffa499ba000 	C:\Program Files\Java\jdk-15.0.1\bin\jimage.dll
0x00007ffa53790000 - 0x00007ffa53974000 	C:\WINDOWS\SYSTEM32\DBGHELP.DLL
0x00007ffa49b60000 - 0x00007ffa49b8c000 	C:\WINDOWS\SYSTEM32\dbgcore.DLL
0x00007ffa5b800000 - 0x00007ffa5b880000 	C:\WINDOWS\System32\bcryptPrimitives.dll
0x00007ffa0af90000 - 0x00007ffa0afc9000 	C:\Program Files\Java\jdk-15.0.1\bin\jdwp.dll
0x00007ffa41dd0000 - 0x00007ffa41dde000 	C:\Program Files\Java\jdk-15.0.1\bin\instrument.dll
0x00007ffa41f30000 - 0x00007ffa41f55000 	C:\Program Files\Java\jdk-15.0.1\bin\java.dll
0x00007ffa5c460000 - 0x00007ffa5cba2000 	C:\WINDOWS\System32\SHELL32.dll
0x00007ffa598f0000 - 0x00007ffa5a080000 	C:\WINDOWS\SYSTEM32\windows.storage.dll
0x00007ffa5d3e0000 - 0x00007ffa5d736000 	C:\WINDOWS\System32\combase.dll
0x00007ffa5b0c0000 - 0x00007ffa5b0ec000 	C:\WINDOWS\SYSTEM32\Wldp.dll
0x00007ffa5db80000 - 0x00007ffa5dc2e000 	C:\WINDOWS\System32\SHCORE.dll
0x00007ffa5da80000 - 0x00007ffa5dad5000 	C:\WINDOWS\System32\shlwapi.dll
0x00007ffa5b730000 - 0x00007ffa5b756000 	C:\WINDOWS\SYSTEM32\profapi.dll
0x00007ffa42010000 - 0x00007ffa42029000 	C:\Program Files\Java\jdk-15.0.1\bin\net.dll
0x00007ffa501c0000 - 0x00007ffa502c0000 	C:\WINDOWS\SYSTEM32\WINHTTP.dll
0x00007ffa5aeb0000 - 0x00007ffa5af1a000 	C:\WINDOWS\system32\mswsock.dll
0x00007ffa1c870000 - 0x00007ffa1c882000 	C:\Program Files\Java\jdk-15.0.1\bin\nio.dll
0x00007ffa1c850000 - 0x00007ffa1c868000 	C:\Program Files\Java\jdk-15.0.1\bin\zip.dll
0x00007ffa41cc0000 - 0x00007ffa41ccb000 	C:\Program Files\Java\jdk-15.0.1\bin\dt_socket.dll
0x00007ffa5abc0000 - 0x00007ffa5abfb000 	C:\WINDOWS\SYSTEM32\IPHLPAPI.DLL
0x000001d417f20000 - 0x000001d417f23000 	C:\java\javafx-sdk-11.0.2\bin\api-ms-win-core-console-l1-1-0.dll
0x000001d419c90000 - 0x000001d419c93000 	C:\java\javafx-sdk-11.0.2\bin\api-ms-win-core-datetime-l1-1-0.dll
0x000001d419ca0000 - 0x000001d419ca3000 	C:\java\javafx-sdk-11.0.2\bin\api-ms-win-core-debug-l1-1-0.dll
0x000001d419cb0000 - 0x000001d419cb3000 	C:\java\javafx-sdk-11.0.2\bin\api-ms-win-core-errorhandling-l1-1-0.dll
0x000001d419cc0000 - 0x000001d419cc4000 	C:\java\javafx-sdk-11.0.2\bin\api-ms-win-core-file-l1-1-0.dll
0x000001d419cd0000 - 0x000001d419cd3000 	C:\java\javafx-sdk-11.0.2\bin\api-ms-win-core-file-l1-2-0.dll
0x000001d419ce0000 - 0x000001d419ce3000 	C:\java\javafx-sdk-11.0.2\bin\api-ms-win-core-file-l2-1-0.dll
0x000001d419cf0000 - 0x000001d419cf3000 	C:\java\javafx-sdk-11.0.2\bin\api-ms-win-core-handle-l1-1-0.dll
0x000001d419d00000 - 0x000001d419d03000 	C:\java\javafx-sdk-11.0.2\bin\api-ms-win-core-heap-l1-1-0.dll
0x000001d419d10000 - 0x000001d419d13000 	C:\java\javafx-sdk-11.0.2\bin\api-ms-win-core-interlocked-l1-1-0.dll
0x000001d419d20000 - 0x000001d419d23000 	C:\java\javafx-sdk-11.0.2\bin\api-ms-win-core-libraryloader-l1-1-0.dll
0x000001d419d30000 - 0x000001d419d33000 	C:\java\javafx-sdk-11.0.2\bin\api-ms-win-core-localization-l1-2-0.dll
0x000001d419d40000 - 0x000001d419d43000 	C:\java\javafx-sdk-11.0.2\bin\api-ms-win-core-memory-l1-1-0.dll
0x000001d43a500000 - 0x000001d43a503000 	C:\java\javafx-sdk-11.0.2\bin\api-ms-win-core-namedpipe-l1-1-0.dll
0x000001d43a510000 - 0x000001d43a513000 	C:\java\javafx-sdk-11.0.2\bin\api-ms-win-core-processenvironment-l1-1-0.dll
0x000001d43a520000 - 0x000001d43a523000 	C:\java\javafx-sdk-11.0.2\bin\api-ms-win-core-processthreads-l1-1-0.dll
0x000001d43a530000 - 0x000001d43a533000 	C:\java\javafx-sdk-11.0.2\bin\api-ms-win-core-processthreads-l1-1-1.dll
0x000001d43a540000 - 0x000001d43a543000 	C:\java\javafx-sdk-11.0.2\bin\api-ms-win-core-profile-l1-1-0.dll
0x000001d43a550000 - 0x000001d43a553000 	C:\java\javafx-sdk-11.0.2\bin\api-ms-win-core-rtlsupport-l1-1-0.dll
0x000001d43a560000 - 0x000001d43a563000 	C:\java\javafx-sdk-11.0.2\bin\api-ms-win-core-string-l1-1-0.dll
0x000001d43a570000 - 0x000001d43a573000 	C:\java\javafx-sdk-11.0.2\bin\api-ms-win-core-synch-l1-1-0.dll
0x000001d43a580000 - 0x000001d43a583000 	C:\java\javafx-sdk-11.0.2\bin\api-ms-win-core-synch-l1-2-0.dll
0x000001d43a590000 - 0x000001d43a593000 	C:\java\javafx-sdk-11.0.2\bin\api-ms-win-core-sysinfo-l1-1-0.dll
0x000001d43a5a0000 - 0x000001d43a5a3000 	C:\java\javafx-sdk-11.0.2\bin\api-ms-win-core-timezone-l1-1-0.dll
0x000001d43a5b0000 - 0x000001d43a5b3000 	C:\java\javafx-sdk-11.0.2\bin\api-ms-win-core-util-l1-1-0.dll
0x000001d43a5c0000 - 0x000001d43a5c3000 	C:\java\javafx-sdk-11.0.2\bin\api-ms-win-crt-conio-l1-1-0.dll
0x000001d43a5d0000 - 0x000001d43a5d4000 	C:\java\javafx-sdk-11.0.2\bin\api-ms-win-crt-convert-l1-1-0.dll
0x000001d43a5e0000 - 0x000001d43a5e3000 	C:\java\javafx-sdk-11.0.2\bin\api-ms-win-crt-environment-l1-1-0.dll
0x000001d43a5f0000 - 0x000001d43a5f3000 	C:\java\javafx-sdk-11.0.2\bin\api-ms-win-crt-filesystem-l1-1-0.dll
0x000001d43a600000 - 0x000001d43a603000 	C:\java\javafx-sdk-11.0.2\bin\api-ms-win-crt-heap-l1-1-0.dll
0x000001d43a610000 - 0x000001d43a613000 	C:\java\javafx-sdk-11.0.2\bin\api-ms-win-crt-locale-l1-1-0.dll
0x000001d43a620000 - 0x000001d43a625000 	C:\java\javafx-sdk-11.0.2\bin\api-ms-win-crt-math-l1-1-0.dll
0x000001d43a630000 - 0x000001d43a635000 	C:\java\javafx-sdk-11.0.2\bin\api-ms-win-crt-multibyte-l1-1-0.dll
0x000001d43a640000 - 0x000001d43a650000 	C:\java\javafx-sdk-11.0.2\bin\api-ms-win-crt-private-l1-1-0.dll
0x000001d43a650000 - 0x000001d43a653000 	C:\java\javafx-sdk-11.0.2\bin\api-ms-win-crt-process-l1-1-0.dll
0x000001d43a660000 - 0x000001d43a664000 	C:\java\javafx-sdk-11.0.2\bin\api-ms-win-crt-runtime-l1-1-0.dll
0x000001d43a670000 - 0x000001d43a674000 	C:\java\javafx-sdk-11.0.2\bin\api-ms-win-crt-stdio-l1-1-0.dll
0x000001d43a680000 - 0x000001d43a684000 	C:\java\javafx-sdk-11.0.2\bin\api-ms-win-crt-string-l1-1-0.dll
0x000001d43a690000 - 0x000001d43a693000 	C:\java\javafx-sdk-11.0.2\bin\api-ms-win-crt-time-l1-1-0.dll
0x000001d43a6a0000 - 0x000001d43a6a3000 	C:\java\javafx-sdk-11.0.2\bin\api-ms-win-crt-utility-l1-1-0.dll
0x00007ffa0b110000 - 0x00007ffa0b20a000 	C:\java\javafx-sdk-11.0.2\bin\ucrtbase.dll
0x00007ffa1f350000 - 0x00007ffa1f366000 	C:\java\javafx-sdk-11.0.2\bin\vcruntime140.dll
0x00007ffa0b060000 - 0x00007ffa0b106000 	C:\java\javafx-sdk-11.0.2\bin\msvcp140.dll
0x00007ffa0b390000 - 0x00007ffa0b3e1000 	C:\java\javafx-sdk-11.0.2\bin\concrt140.dll
0x00007ffa1dcb0000 - 0x00007ffa1dcd3000 	C:\java\javafx-sdk-11.0.2\bin\prism_d3d.dll
0x00007ffa1b5d0000 - 0x00007ffa1b79f000 	C:\WINDOWS\system32\d3d9.dll
0x00007ffa595e0000 - 0x00007ffa5960f000 	C:\WINDOWS\SYSTEM32\dwmapi.dll
0x00007ffa59250000 - 0x00007ffa592ee000 	C:\WINDOWS\system32\uxtheme.dll
0x00007ffa43420000 - 0x00007ffa43430000 	C:\Program Files\Java\jdk-15.0.1\bin\verify.dll
0x00007ffa0b010000 - 0x00007ffa0b055000 	C:\java\javafx-sdk-11.0.2\bin\glass.dll
0x00007ffa5df40000 - 0x00007ffa5e01a000 	C:\WINDOWS\System32\COMDLG32.dll
0x00007ffa5dcd0000 - 0x00007ffa5ddfa000 	C:\WINDOWS\System32\ole32.dll
0x00007ffa5d150000 - 0x00007ffa5d21d000 	C:\WINDOWS\System32\OLEAUT32.dll
0x00007ffa5d7f0000 - 0x00007ffa5d905000 	C:\WINDOWS\System32\MSCTF.dll
0x00007ffa1c8b0000 - 0x00007ffa1c8c4000 	C:\java\javafx-sdk-11.0.2\bin\javafx_font.dll
0x00007ffa4bcc0000 - 0x00007ffa4bf3f000 	C:\WINDOWS\SYSTEM32\dwrite.dll
0x00007ffa5d910000 - 0x00007ffa5d9b9000 	C:\WINDOWS\System32\clbcatq.dll
0x00007ffa50500000 - 0x00007ffa506b4000 	C:\WINDOWS\SYSTEM32\WindowsCodecs.dll
0x00007ffa5bfa0000 - 0x00007ffa5bfc7000 	C:\WINDOWS\System32\bcrypt.dll
0x00007ffa37fe0000 - 0x00007ffa3801e000 	C:\WINDOWS\system32\dataexchange.dll
0x00007ffa582c0000 - 0x00007ffa58524000 	C:\WINDOWS\system32\d3d11.dll
0x00007ffa58c10000 - 0x00007ffa58df7000 	C:\WINDOWS\system32\dcomp.dll
0x00007ffa5a200000 - 0x00007ffa5a2f3000 	C:\WINDOWS\system32\dxgi.dll
0x00007ffa51b00000 - 0x00007ffa51d01000 	C:\WINDOWS\system32\twinapi.appcore.dll
0x00007ffa0afd0000 - 0x00007ffa0b004000 	C:\Program Files\Common Files\Microsoft Shared\Ink\rtscom.dll
0x00007ffa502c0000 - 0x00007ffa503bb000 	C:\WINDOWS\SYSTEM32\textinputframework.dll
0x00007ffa58e00000 - 0x00007ffa58ef2000 	C:\WINDOWS\System32\CoreMessaging.dll
0x00007ffa58530000 - 0x00007ffa5888e000 	C:\WINDOWS\System32\CoreUIComponents.dll
0x00007ffa57740000 - 0x00007ffa57894000 	C:\WINDOWS\SYSTEM32\wintypes.dll
0x00007ffa5a4e0000 - 0x00007ffa5a513000 	C:\WINDOWS\SYSTEM32\ntmarta.dll
0x00007ffa5ac60000 - 0x00007ffa5ad2b000 	C:\WINDOWS\SYSTEM32\DNSAPI.dll
0x00007ffa5de70000 - 0x00007ffa5de78000 	C:\WINDOWS\System32\NSI.dll
0x00007ffa50070000 - 0x00007ffa5007a000 	C:\Windows\System32\rasadhlp.dll
0x00007ffa50480000 - 0x00007ffa504ff000 	C:\WINDOWS\System32\fwpuclnt.dll

dbghelp: loaded successfully - version: 4.0.5 - missing functions: none
symbol engine: initialized successfully - sym options: 0x614 - pdb path: .;C:\Program Files\Java\jdk-15.0.1\bin;C:\WINDOWS\SYSTEM32;C:\WINDOWS\WinSxS\amd64_microsoft.windows.common-controls_6595b64144ccf1df_6.0.19041.746_none_ca02b4b61b8320a4;C:\Program Files\Java\jdk-15.0.1\bin\server;C:\java\javafx-sdk-11.0.2\bin;C:\Program Files\Common Files\Microsoft Shared\Ink

VM Arguments:
jvm_args: -agentlib:jdwp=transport=dt_socket,address=127.0.0.1:52773,suspend=y,server=n --module-path=/java/javafx-sdk-11.0.2/lib --add-modules=javafx.controls,javafx.fxml -javaagent:C:\Users\ginat\AppData\Local\JetBrains\IdeaIC2020.3\captureAgent\debugger-agent.jar -Dfile.encoding=UTF-8 
java_command: sample.Main
java_class_path (initial): C:\Users\ginat\Desktop\My_perositories\lerning_java\ClientOnJavaFX\out\production\ClientOnJavaFX;C:\java\javafx-sdk-11.0.2\lib\src.zip;C:\java\javafx-sdk-11.0.2\lib\javafx-swt.jar;C:\java\javafx-sdk-11.0.2\lib\javafx.web.jar;C:\java\javafx-sdk-11.0.2\lib\javafx.base.jar;C:\java\javafx-sdk-11.0.2\lib\javafx.fxml.jar;C:\java\javafx-sdk-11.0.2\lib\javafx.media.jar;C:\java\javafx-sdk-11.0.2\lib\javafx.swing.jar;C:\java\javafx-sdk-11.0.2\lib\javafx.controls.jar;C:\java\javafx-sdk-11.0.2\lib\javafx.graphics.jar;C:\Program Files\JetBrains\IntelliJ IDEA Community Edition 2020.2.3\lib\idea_rt.jar
Launcher Type: SUN_STANDARD

[Global flags]
     intx CICompilerCount                          = 3                                         {product} {ergonomic}
     uint ConcGCThreads                            = 1                                         {product} {ergonomic}
     uint G1ConcRefinementThreads                  = 4                                         {product} {ergonomic}
   size_t G1HeapRegionSize                         = 1048576                                   {product} {ergonomic}
    uintx GCDrainStackTargetSize                   = 64                                        {product} {ergonomic}
   size_t InitialHeapSize                          = 134217728                                 {product} {ergonomic}
   size_t MarkStackSize                            = 4194304                                   {product} {ergonomic}
   size_t MaxHeapSize                              = 2120220672                                {product} {ergonomic}
   size_t MaxNewSize                               = 1271922688                                {product} {ergonomic}
   size_t MinHeapDeltaBytes                        = 1048576                                   {product} {ergonomic}
   size_t MinHeapSize                              = 8388608                                   {product} {ergonomic}
    uintx NonNMethodCodeHeapSize                   = 5832780                                {pd product} {ergonomic}
    uintx NonProfiledCodeHeapSize                  = 122912730                              {pd product} {ergonomic}
    uintx ProfiledCodeHeapSize                     = 122912730                              {pd product} {ergonomic}
    uintx ReservedCodeCacheSize                    = 251658240                              {pd product} {ergonomic}
     bool SegmentedCodeCache                       = true                                      {product} {ergonomic}
   size_t SoftMaxHeapSize                          = 2120220672                             {manageable} {ergonomic}
     bool UseCompressedClassPointers               = true                                 {lp64_product} {ergonomic}
     bool UseCompressedOops                        = true                                 {lp64_product} {ergonomic}
     bool UseG1GC                                  = true                                      {product} {ergonomic}
     bool UseLargePagesIndividualAllocation        = false                                  {pd product} {ergonomic}

Logging:
Log output configuration:
 #0: stdout all=off uptime,level,tags
 #1: stderr all=off uptime,level,tags

Environment Variables:
PATH=C:\Program Files\Common Files\Oracle\Java\javapath;C:\WINDOWS\system32;C:\WINDOWS;C:\WINDOWS\System32\Wbem;C:\WINDOWS\System32\WindowsPowerShell\v1.0\;C:\WINDOWS\System32\OpenSSH\;C:\Program Files \Git\bin .;C:\Program Files\PuTTY\;C:\ProgramData\chocolatey\bin;C:\Program Files\Git\cmd;C:\Program Files\Docker\Docker\resources\bin;C:\ProgramData\DockerDesktop\version-bin;C:\maven\apache-maven-3.6.3\bin;C:\Users\ginat\AppData\Local\Programs\Microsoft VS Code\bin
USERNAME=ginat
OS=Windows_NT
PROCESSOR_IDENTIFIER=Intel64 Family 6 Model 58 Stepping 9, GenuineIntel



---------------  S Y S T E M  ---------------

OS:
 Windows 10 , 64 bit Build 19041 (10.0.19041.804)
OS uptime: 0 days 11:47 hours
HyperV virtualization detected

CPU: total 4 (initial active 4) (2 cores per cpu, 2 threads per core) family 6 model 58 stepping 9 microcode 0x21, cmov, cx8, fxsr, mmx, sse, sse2, sse3, ssse3, sse4.1, sse4.2, popcnt, vzeroupper, avx, aes, clmul, erms, ht, tsc, tscinvbit, tscinv, clflush

Memory: 4k page, system-wide physical 8081M (4442M free)
TotalPageFile size 18351M (AvailPageFile size 11729M)
current process WorkingSet (physical memory assigned to process): 128M, peak: 163M
current process commit charge ("private bytes"): 236M, peak: 288M

vm_info: Java HotSpot(TM) 64-Bit Server VM (15.0.1+9-18) for windows-amd64 JRE (15.0.1+9-18), built on Sep 15 2020 14:43:54 by "mach5one" with unknown MS VC++:1925

END.
